This file contains any messages produced by compilers while
running configure, to aid debugging if configure makes a mistake.

It was created by Fireants configure 1.0.0, which was
generated by GNU Autoconf 2.69.  Invocation command line was

  $ ./configure --disable-tests --disable-bench --with-incompatible-bdb

## --------- ##
## Platform. ##
## --------- ##

hostname = bld
uname -m = x86_64
uname -r = 4.15.0-140-generic
uname -s = Linux
uname -v = #144-Ubuntu SMP Fri Mar 19 14:12:35 UTC 2021

/usr/bin/uname -p = unknown
/bin/uname -X     = unknown

/bin/arch              = unknown
/usr/bin/arch -k       = unknown
/usr/convex/getsysinfo = unknown
/usr/bin/hostinfo      = unknown
/bin/machine           = unknown
/usr/bin/oslevel       = unknown
/bin/universe          = unknown

PATH: /usr/bin
PATH: /bin


## ----------- ##
## Core tests. ##
## ----------- ##

configure:2936: loading site script /home/administrator/walletbuilders/build_environment/blackcoin/2.13.2.8/depends/x86_64-pc-linux-gnu/share/config.site
| # shellcheck shell=sh disable=SC2034 # Many variables set will be used in
|                                      # ./configure but shellcheck doesn't know
|                                      # that, hence: disable=SC2034
| 
| true  # Dummy command because shellcheck treats all directives before first
|       # command as file-wide, and we only want to disable for one line.
|       #
|       # See: https://github.com/koalaman/shellcheck/wiki/Directive
| 
| # shellcheck disable=SC2154
| depends_prefix="$(cd "$(dirname ${ac_site_file})/.." && pwd)"
| 
| cross_compiling=maybe
| host_alias=x86_64-pc-linux-gnu
| ac_tool_prefix=${host_alias}-
| 
| if test -z $with_boost; then
|   with_boost=$depends_prefix
| fi
| if test -z $with_qt_plugindir; then
|   with_qt_plugindir=$depends_prefix/plugins
| fi
| if test -z $with_qt_translationdir; then
|   with_qt_translationdir=$depends_prefix/translations
| fi
| if test -z $with_qt_bindir && test -z ""; then
|   with_qt_bindir=$depends_prefix/native/bin
| fi
| 
| if test -z $with_qrencode && test -n ""; then
|   with_qrencode=no
| fi
| 
| if test -z $enable_wallet && test -n ""; then
|   enable_wallet=no
| fi
| 
| if test -z $with_miniupnpc && test -n ""; then
|   with_miniupnpc=no
| fi
| 
| if test -z $with_gui && test -n ""; then
|   with_gui=no
| fi
| 
| if test -z $enable_zmq && test -n ""; then
|   enable_zmq=no
| fi
| 
| if test xlinux = xdarwin; then
|   BREW=no
|   PORT=no
| fi
| 
| if test xlinux = xmingw32; then
|   if test -z $with_qt_incdir; then
|     with_qt_incdir=$depends_prefix/include
|   fi
|   if test -z $with_qt_libdir; then
|     with_qt_libdir=$depends_prefix/lib
|   fi
| fi
| 
| PATH=$depends_prefix/native/bin:$PATH
| PKG_CONFIG="$(which pkg-config) --static"
| 
| # These two need to remain exported because pkg-config does not see them
| # otherwise. That means they must be unexported at the end of configure.ac to
| # avoid ruining the cache. Sigh.
| export PKG_CONFIG_PATH=$depends_prefix/share/pkgconfig:$depends_prefix/lib/pkgconfig
| if test -z ""; then
|   export PKG_CONFIG_LIBDIR=$depends_prefix/lib/pkgconfig
| fi
| 
| CPPFLAGS="-I$depends_prefix/include/ $CPPFLAGS"
| LDFLAGS="-L$depends_prefix/lib $LDFLAGS"
| 
| if test -n "gcc -m64" -a -z "${CC}"; then
|   CC="gcc -m64"
| fi
| if test -n "g++ -m64" -a -z "${CXX}"; then
|   CXX="g++ -m64"
| fi
| PYTHONPATH="${depends_prefix}/native/lib/python3/dist-packages${PYTHONPATH:+${PATH_SEPARATOR}}${PYTHONPATH}"
| 
| if test -n "ar"; then
|   AR=ar
|   ac_cv_path_ac_pt_AR=${AR}
| fi
| 
| if test -n "ranlib"; then
|   RANLIB=ranlib
|   ac_cv_path_ac_pt_RANLIB=${RANLIB}
| fi
| 
| if test -n "nm"; then
|   NM=nm
|   ac_cv_path_ac_pt_NM=${NM}
| fi
| 
| if test -n ""; then
|   enable_reduce_exports=no
| fi
| 
| if test -n "-pipe -O2"; then
|   CFLAGS="-pipe -O2 $CFLAGS"
| fi
| if test -n "-pipe -O2"; then
|   CXXFLAGS="-pipe -O2 $CXXFLAGS"
| fi
| if test -n ""; then
|   CPPFLAGS=" $CPPFLAGS"
| fi
| if test -n ""; then
|   LDFLAGS=" $LDFLAGS"
| fi
configure:3075: checking build system type
configure:3089: result: x86_64-pc-linux-gnu
configure:3109: checking host system type
configure:3122: result: x86_64-pc-linux-gnu
configure:3165: checking for a BSD-compatible install
configure:3233: result: /usr/bin/install -c
configure:3244: checking whether build environment is sane
configure:3299: result: yes
configure:3358: checking for x86_64-pc-linux-gnu-strip
configure:3388: result: no
configure:3398: checking for strip
configure:3414: found /usr/bin/strip
configure:3425: result: strip
configure:3450: checking for a thread-safe mkdir -p
configure:3489: result: /bin/mkdir -p
configure:3496: checking for gawk
configure:3512: found /usr/bin/gawk
configure:3523: result: gawk
configure:3534: checking whether make sets $(MAKE)
configure:3556: result: yes
configure:3585: checking whether make supports nested variables
configure:3602: result: yes
configure:3721: checking whether to enable maintainer-specific portions of Makefiles
configure:3730: result: yes
configure:3755: checking whether make supports nested variables
configure:3772: result: yes
configure:3901: checking for C++ compiler version
configure:3910: g++ -m64 --version >&5
g++ (Ubuntu 7.5.0-3ubuntu1~18.04) 7.5.0
Copyright (C) 2017 Free Software Foundation, Inc.
This is free software; see the source for copying conditions.  There is NO
warranty; not even for MERCHANTABILITY or FITNESS FOR A PARTICULAR PURPOSE.

configure:3921: $? = 0
configure:3910: g++ -m64 -v >&5
Using built-in specs.
COLLECT_GCC=g++
COLLECT_LTO_WRAPPER=/usr/lib/gcc/x86_64-linux-gnu/7/lto-wrapper
OFFLOAD_TARGET_NAMES=nvptx-none
OFFLOAD_TARGET_DEFAULT=1
Target: x86_64-linux-gnu
Configured with: ../src/configure -v --with-pkgversion='Ubuntu 7.5.0-3ubuntu1~18.04' --with-bugurl=file:///usr/share/doc/gcc-7/README.Bugs --enable-languages=c,ada,c++,go,brig,d,fortran,objc,obj-c++ --prefix=/usr --with-gcc-major-version-only --program-suffix=-7 --program-prefix=x86_64-linux-gnu- --enable-shared --enable-linker-build-id --libexecdir=/usr/lib --without-included-gettext --enable-threads=posix --libdir=/usr/lib --enable-nls --enable-bootstrap --enable-clocale=gnu --enable-libstdcxx-debug --enable-libstdcxx-time=yes --with-default-libstdcxx-abi=new --enable-gnu-unique-object --disable-vtable-verify --enable-libmpx --enable-plugin --enable-default-pie --with-system-zlib --with-target-system-zlib --enable-objc-gc=auto --enable-multiarch --disable-werror --with-arch-32=i686 --with-abi=m64 --with-multilib-list=m32,m64,mx32 --enable-multilib --with-tune=generic --enable-offload-targets=nvptx-none --without-cuda-driver --enable-checking=release --build=x86_64-linux-gnu --host=x86_64-linux-gnu --target=x86_64-linux-gnu
Thread model: posix
gcc version 7.5.0 (Ubuntu 7.5.0-3ubuntu1~18.04) 
configure:3921: $? = 0
configure:3910: g++ -m64 -V >&5
g++: error: unrecognized command line option '-V'
g++: fatal error: no input files
compilation terminated.
configure:3921: $? = 1
configure:3910: g++ -m64 -qversion >&5
g++: error: unrecognized command line option '-qversion'; did you mean '--version'?
g++: fatal error: no input files
compilation terminated.
configure:3921: $? = 1
configure:3941: checking whether the C++ compiler works
configure:3963: g++ -m64 -pipe -O2  -I/home/administrator/walletbuilders/build_environment/blackcoin/2.13.2.8/depends/x86_64-pc-linux-gnu/include/  -L/home/administrator/walletbuilders/build_environment/blackcoin/2.13.2.8/depends/x86_64-pc-linux-gnu/lib  conftest.cpp  >&5
configure:3967: $? = 0
configure:4015: result: yes
configure:4018: checking for C++ compiler default output file name
configure:4020: result: a.out
configure:4026: checking for suffix of executables
configure:4033: g++ -m64 -o conftest -pipe -O2  -I/home/administrator/walletbuilders/build_environment/blackcoin/2.13.2.8/depends/x86_64-pc-linux-gnu/include/  -L/home/administrator/walletbuilders/build_environment/blackcoin/2.13.2.8/depends/x86_64-pc-linux-gnu/lib  conftest.cpp  >&5
configure:4037: $? = 0
configure:4059: result: 
configure:4081: checking whether we are cross compiling
configure:4089: g++ -m64 -o conftest -pipe -O2  -I/home/administrator/walletbuilders/build_environment/blackcoin/2.13.2.8/depends/x86_64-pc-linux-gnu/include/  -L/home/administrator/walletbuilders/build_environment/blackcoin/2.13.2.8/depends/x86_64-pc-linux-gnu/lib  conftest.cpp  >&5
configure:4093: $? = 0
configure:4100: ./conftest
configure:4104: $? = 0
configure:4119: result: no
configure:4124: checking for suffix of object files
configure:4146: g++ -m64 -c -pipe -O2  -I/home/administrator/walletbuilders/build_environment/blackcoin/2.13.2.8/depends/x86_64-pc-linux-gnu/include/  conftest.cpp >&5
configure:4150: $? = 0
configure:4171: result: o
configure:4175: checking whether we are using the GNU C++ compiler
configure:4194: g++ -m64 -c -pipe -O2  -I/home/administrator/walletbuilders/build_environment/blackcoin/2.13.2.8/depends/x86_64-pc-linux-gnu/include/  conftest.cpp >&5
configure:4194: $? = 0
configure:4203: result: yes
configure:4212: checking whether g++ -m64 accepts -g
configure:4232: g++ -m64 -c -g -I/home/administrator/walletbuilders/build_environment/blackcoin/2.13.2.8/depends/x86_64-pc-linux-gnu/include/  conftest.cpp >&5
configure:4232: $? = 0
configure:4273: result: yes
configure:4307: checking for style of include used by make
configure:4335: result: GNU
configure:4361: checking dependency style of g++ -m64
configure:4472: result: gcc3
configure:4510: checking whether g++ -m64 supports C++11 features with -std=c++11
configure:4806: g++ -m64 -std=c++11 -c -pipe -O2  -I/home/administrator/walletbuilders/build_environment/blackcoin/2.13.2.8/depends/x86_64-pc-linux-gnu/include/  conftest.cpp >&5
configure:4806: $? = 0
configure:4815: result: yes
configure:4859: checking whether std::atomic can be used without link library
configure:4877: g++ -m64 -std=c++11 -o conftest -pipe -O2  -I/home/administrator/walletbuilders/build_environment/blackcoin/2.13.2.8/depends/x86_64-pc-linux-gnu/include/  -L/home/administrator/walletbuilders/build_environment/blackcoin/2.13.2.8/depends/x86_64-pc-linux-gnu/lib  conftest.cpp  >&5
configure:4877: $? = 0
configure:4879: result: yes
configure:4948: checking for x86_64-pc-linux-gnu-g++
configure:4975: result: g++ -m64 -std=c++11
configure:5044: checking for Objective C++ compiler version
configure:5053: g++ -m64 -std=c++11 --version >&5
g++ (Ubuntu 7.5.0-3ubuntu1~18.04) 7.5.0
Copyright (C) 2017 Free Software Foundation, Inc.
This is free software; see the source for copying conditions.  There is NO
warranty; not even for MERCHANTABILITY or FITNESS FOR A PARTICULAR PURPOSE.

configure:5064: $? = 0
configure:5053: g++ -m64 -std=c++11 -v >&5
Using built-in specs.
COLLECT_GCC=g++
COLLECT_LTO_WRAPPER=/usr/lib/gcc/x86_64-linux-gnu/7/lto-wrapper
OFFLOAD_TARGET_NAMES=nvptx-none
OFFLOAD_TARGET_DEFAULT=1
Target: x86_64-linux-gnu
Configured with: ../src/configure -v --with-pkgversion='Ubuntu 7.5.0-3ubuntu1~18.04' --with-bugurl=file:///usr/share/doc/gcc-7/README.Bugs --enable-languages=c,ada,c++,go,brig,d,fortran,objc,obj-c++ --prefix=/usr --with-gcc-major-version-only --program-suffix=-7 --program-prefix=x86_64-linux-gnu- --enable-shared --enable-linker-build-id --libexecdir=/usr/lib --without-included-gettext --enable-threads=posix --libdir=/usr/lib --enable-nls --enable-bootstrap --enable-clocale=gnu --enable-libstdcxx-debug --enable-libstdcxx-time=yes --with-default-libstdcxx-abi=new --enable-gnu-unique-object --disable-vtable-verify --enable-libmpx --enable-plugin --enable-default-pie --with-system-zlib --with-target-system-zlib --enable-objc-gc=auto --enable-multiarch --disable-werror --with-arch-32=i686 --with-abi=m64 --with-multilib-list=m32,m64,mx32 --enable-multilib --with-tune=generic --enable-offload-targets=nvptx-none --without-cuda-driver --enable-checking=release --build=x86_64-linux-gnu --host=x86_64-linux-gnu --target=x86_64-linux-gnu
Thread model: posix
gcc version 7.5.0 (Ubuntu 7.5.0-3ubuntu1~18.04) 
configure:5064: $? = 0
configure:5053: g++ -m64 -std=c++11 -V >&5
g++: error: unrecognized command line option '-V'
g++: fatal error: no input files
compilation terminated.
configure:5064: $? = 1
configure:5053: g++ -m64 -std=c++11 -qversion >&5
g++: error: unrecognized command line option '-qversion'; did you mean '--version'?
g++: fatal error: no input files
compilation terminated.
configure:5064: $? = 1
configure:5068: checking whether we are using the GNU Objective C++ compiler
configure:5087: g++ -m64 -std=c++11 -c  -I/home/administrator/walletbuilders/build_environment/blackcoin/2.13.2.8/depends/x86_64-pc-linux-gnu/include/  conftest.mm >&5
g++: error trying to exec 'cc1objplus': execvp: No such file or directory
configure:5087: $? = 1
configure: failed program was:
| /* confdefs.h */
| #define PACKAGE_NAME "Fireants"
| #define PACKAGE_TARNAME "fireants"
| #define PACKAGE_VERSION "1.0.0"
| #define PACKAGE_STRING "Fireants 1.0.0"
| #define PACKAGE_BUGREPORT "https://github.com/hgr3dsm"
| #define PACKAGE_URL ""
| #define HAVE_CXX11 1
| /* end confdefs.h.  */
| 
| int
| main ()
| {
| #ifndef __GNUC__
|        choke me
| #endif
| 
|   ;
|   return 0;
| }
configure:5096: result: no
configure:5105: checking whether g++ -m64 -std=c++11 accepts -g
configure:5125: g++ -m64 -std=c++11 -c -g -I/home/administrator/walletbuilders/build_environment/blackcoin/2.13.2.8/depends/x86_64-pc-linux-gnu/include/  conftest.mm >&5
g++: error trying to exec 'cc1objplus': execvp: No such file or directory
configure:5125: $? = 1
configure: failed program was:
| /* confdefs.h */
| #define PACKAGE_NAME "Fireants"
| #define PACKAGE_TARNAME "fireants"
| #define PACKAGE_VERSION "1.0.0"
| #define PACKAGE_STRING "Fireants 1.0.0"
| #define PACKAGE_BUGREPORT "https://github.com/hgr3dsm"
| #define PACKAGE_URL ""
| #define HAVE_CXX11 1
| /* end confdefs.h.  */
| 
| int
| main ()
| {
| 
|   ;
|   return 0;
| }
configure:5140: g++ -m64 -std=c++11 -c  -I/home/administrator/walletbuilders/build_environment/blackcoin/2.13.2.8/depends/x86_64-pc-linux-gnu/include/  conftest.mm >&5
g++: error trying to exec 'cc1objplus': execvp: No such file or directory
configure:5140: $? = 1
configure: failed program was:
| /* confdefs.h */
| #define PACKAGE_NAME "Fireants"
| #define PACKAGE_TARNAME "fireants"
| #define PACKAGE_VERSION "1.0.0"
| #define PACKAGE_STRING "Fireants 1.0.0"
| #define PACKAGE_BUGREPORT "https://github.com/hgr3dsm"
| #define PACKAGE_URL ""
| #define HAVE_CXX11 1
| /* end confdefs.h.  */
| 
| int
| main ()
| {
| 
|   ;
|   return 0;
| }
configure:5156: g++ -m64 -std=c++11 -c -g -I/home/administrator/walletbuilders/build_environment/blackcoin/2.13.2.8/depends/x86_64-pc-linux-gnu/include/  conftest.mm >&5
g++: error trying to exec 'cc1objplus': execvp: No such file or directory
configure:5156: $? = 1
configure: failed program was:
| /* confdefs.h */
| #define PACKAGE_NAME "Fireants"
| #define PACKAGE_TARNAME "fireants"
| #define PACKAGE_VERSION "1.0.0"
| #define PACKAGE_STRING "Fireants 1.0.0"
| #define PACKAGE_BUGREPORT "https://github.com/hgr3dsm"
| #define PACKAGE_URL ""
| #define HAVE_CXX11 1
| /* end confdefs.h.  */
| 
| int
| main ()
| {
| 
|   ;
|   return 0;
| }
configure:5166: result: no
configure:5191: checking dependency style of g++ -m64 -std=c++11
configure:5300: result: gcc3
configure:5363: checking how to print strings
configure:5390: result: printf
configure:5419: checking for x86_64-pc-linux-gnu-gcc
configure:5446: result: gcc -m64
configure:5715: checking for C compiler version
configure:5724: gcc -m64 --version >&5
gcc (Ubuntu 7.5.0-3ubuntu1~18.04) 7.5.0
Copyright (C) 2017 Free Software Foundation, Inc.
This is free software; see the source for copying conditions.  There is NO
warranty; not even for MERCHANTABILITY or FITNESS FOR A PARTICULAR PURPOSE.

configure:5735: $? = 0
configure:5724: gcc -m64 -v >&5
Using built-in specs.
COLLECT_GCC=gcc
COLLECT_LTO_WRAPPER=/usr/lib/gcc/x86_64-linux-gnu/7/lto-wrapper
OFFLOAD_TARGET_NAMES=nvptx-none
OFFLOAD_TARGET_DEFAULT=1
Target: x86_64-linux-gnu
Configured with: ../src/configure -v --with-pkgversion='Ubuntu 7.5.0-3ubuntu1~18.04' --with-bugurl=file:///usr/share/doc/gcc-7/README.Bugs --enable-languages=c,ada,c++,go,brig,d,fortran,objc,obj-c++ --prefix=/usr --with-gcc-major-version-only --program-suffix=-7 --program-prefix=x86_64-linux-gnu- --enable-shared --enable-linker-build-id --libexecdir=/usr/lib --without-included-gettext --enable-threads=posix --libdir=/usr/lib --enable-nls --enable-bootstrap --enable-clocale=gnu --enable-libstdcxx-debug --enable-libstdcxx-time=yes --with-default-libstdcxx-abi=new --enable-gnu-unique-object --disable-vtable-verify --enable-libmpx --enable-plugin --enable-default-pie --with-system-zlib --with-target-system-zlib --enable-objc-gc=auto --enable-multiarch --disable-werror --with-arch-32=i686 --with-abi=m64 --with-multilib-list=m32,m64,mx32 --enable-multilib --with-tune=generic --enable-offload-targets=nvptx-none --without-cuda-driver --enable-checking=release --build=x86_64-linux-gnu --host=x86_64-linux-gnu --target=x86_64-linux-gnu
Thread model: posix
gcc version 7.5.0 (Ubuntu 7.5.0-3ubuntu1~18.04) 
configure:5735: $? = 0
configure:5724: gcc -m64 -V >&5
gcc: error: unrecognized command line option '-V'
gcc: fatal error: no input files
compilation terminated.
configure:5735: $? = 1
configure:5724: gcc -m64 -qversion >&5
gcc: error: unrecognized command line option '-qversion'; did you mean '--version'?
gcc: fatal error: no input files
compilation terminated.
configure:5735: $? = 1
configure:5739: checking whether we are using the GNU C compiler
configure:5758: gcc -m64 -c -pipe -O2  -I/home/administrator/walletbuilders/build_environment/blackcoin/2.13.2.8/depends/x86_64-pc-linux-gnu/include/  conftest.c >&5
configure:5758: $? = 0
configure:5767: result: yes
configure:5776: checking whether gcc -m64 accepts -g
configure:5796: gcc -m64 -c -g -I/home/administrator/walletbuilders/build_environment/blackcoin/2.13.2.8/depends/x86_64-pc-linux-gnu/include/  conftest.c >&5
configure:5796: $? = 0
configure:5837: result: yes
configure:5854: checking for gcc -m64 option to accept ISO C89
configure:5917: gcc -m64  -c -pipe -O2  -I/home/administrator/walletbuilders/build_environment/blackcoin/2.13.2.8/depends/x86_64-pc-linux-gnu/include/  conftest.c >&5
configure:5917: $? = 0
configure:5930: result: none needed
configure:5955: checking whether gcc -m64 understands -c and -o together
configure:5977: gcc -m64 -c conftest.c -o conftest2.o
configure:5980: $? = 0
configure:5977: gcc -m64 -c conftest.c -o conftest2.o
configure:5980: $? = 0
configure:5992: result: yes
configure:6011: checking dependency style of gcc -m64
configure:6122: result: gcc3
configure:6137: checking for a sed that does not truncate output
configure:6201: result: /bin/sed
configure:6219: checking for grep that handles long lines and -e
configure:6277: result: /bin/grep
configure:6282: checking for egrep
configure:6344: result: /bin/grep -E
configure:6349: checking for fgrep
configure:6411: result: /bin/grep -F
configure:6446: checking for ld used by gcc -m64
configure:6513: result: /usr/bin/ld
configure:6520: checking if the linker (/usr/bin/ld) is GNU ld
configure:6535: result: yes
configure:6547: checking for BSD- or MS-compatible name lister (nm)
configure:6601: result: nm
configure:6731: checking the name lister (nm) interface
configure:6738: gcc -m64 -c -pipe -O2  -I/home/administrator/walletbuilders/build_environment/blackcoin/2.13.2.8/depends/x86_64-pc-linux-gnu/include/  conftest.c >&5
configure:6741: nm "conftest.o"
configure:6744: output
0000000000000000 B some_variable
configure:6751: result: BSD nm
configure:6754: checking whether ln -s works
configure:6758: result: yes
configure:6766: checking the maximum length of command line arguments
configure:6897: result: 1572864
configure:6945: checking how to convert x86_64-pc-linux-gnu file names to x86_64-pc-linux-gnu format
configure:6985: result: func_convert_file_noop
configure:6992: checking how to convert x86_64-pc-linux-gnu file names to toolchain format
configure:7012: result: func_convert_file_noop
configure:7019: checking for /usr/bin/ld option to reload object files
configure:7026: result: -r
configure:7060: checking for x86_64-pc-linux-gnu-objdump
configure:7090: result: no
configure:7100: checking for objdump
configure:7116: found /usr/bin/objdump
configure:7127: result: objdump
configure:7159: checking how to recognize dependent libraries
configure:7359: result: pass_all
configure:7404: checking for x86_64-pc-linux-gnu-dlltool
configure:7434: result: no
configure:7444: checking for dlltool
configure:7474: result: no
configure:7504: checking how to associate runtime and link libraries
configure:7531: result: printf %s\n
configure:7548: checking for x86_64-pc-linux-gnu-ar
configure:7575: result: ar
configure:7656: checking for archiver @FILE support
configure:7673: gcc -m64 -c -pipe -O2  -I/home/administrator/walletbuilders/build_environment/blackcoin/2.13.2.8/depends/x86_64-pc-linux-gnu/include/  conftest.c >&5
configure:7673: $? = 0
configure:7676: ar cru libconftest.a @conftest.lst >&5
ar: `u' modifier ignored since `D' is the default (see `U')
configure:7679: $? = 0
configure:7684: ar cru libconftest.a @conftest.lst >&5
ar: `u' modifier ignored since `D' is the default (see `U')
ar: conftest.o: No such file or directory
configure:7687: $? = 1
configure:7699: result: @
configure:7717: checking for x86_64-pc-linux-gnu-strip
configure:7744: result: strip
configure:7816: checking for x86_64-pc-linux-gnu-ranlib
configure:7843: result: ranlib
configure:7985: checking command to parse nm output from gcc -m64 object
configure:8138: gcc -m64 -c -pipe -O2  -I/home/administrator/walletbuilders/build_environment/blackcoin/2.13.2.8/depends/x86_64-pc-linux-gnu/include/  conftest.c >&5
configure:8141: $? = 0
configure:8145: nm conftest.o \| sed -n -e 's/^.*[ ]\([ABCDGIRSTW][ABCDGIRSTW]*\)[ ][ ]*\([_A-Za-z][_A-Za-z0-9]*\)$/\1 \2 \2/p' | sed '/ __gnu_lto/d' \> conftest.nm
configure:8148: $? = 0
configure:8214: gcc -m64 -o conftest -pipe -O2  -I/home/administrator/walletbuilders/build_environment/blackcoin/2.13.2.8/depends/x86_64-pc-linux-gnu/include/  -L/home/administrator/walletbuilders/build_environment/blackcoin/2.13.2.8/depends/x86_64-pc-linux-gnu/lib  conftest.c conftstm.o >&5
configure:8217: $? = 0
configure:8255: result: ok
configure:8302: checking for sysroot
configure:8332: result: no
configure:8339: checking for a working dd
configure:8377: result: /bin/dd
configure:8381: checking how to truncate binary pipes
configure:8396: result: /bin/dd bs=4096 count=1
configure:8532: gcc -m64 -c -pipe -O2  -I/home/administrator/walletbuilders/build_environment/blackcoin/2.13.2.8/depends/x86_64-pc-linux-gnu/include/  conftest.c >&5
configure:8535: $? = 0
configure:8685: checking for x86_64-pc-linux-gnu-mt
configure:8715: result: no
configure:8725: checking for mt
configure:8741: found /bin/mt
configure:8752: result: mt
configure:8775: checking if mt is a manifest tool
configure:8781: mt '-?'
configure:8789: result: no
configure:9466: checking how to run the C preprocessor
configure:9497: gcc -m64 -E -I/home/administrator/walletbuilders/build_environment/blackcoin/2.13.2.8/depends/x86_64-pc-linux-gnu/include/  conftest.c
configure:9497: $? = 0
configure:9511: gcc -m64 -E -I/home/administrator/walletbuilders/build_environment/blackcoin/2.13.2.8/depends/x86_64-pc-linux-gnu/include/  conftest.c
conftest.c:10:10: fatal error: ac_nonexistent.h: No such file or directory
 #include <ac_nonexistent.h>
          ^~~~~~~~~~~~~~~~~~
compilation terminated.
configure:9511: $? = 1
configure: failed program was:
| /* confdefs.h */
| #define PACKAGE_NAME "Fireants"
| #define PACKAGE_TARNAME "fireants"
| #define PACKAGE_VERSION "1.0.0"
| #define PACKAGE_STRING "Fireants 1.0.0"
| #define PACKAGE_BUGREPORT "https://github.com/hgr3dsm"
| #define PACKAGE_URL ""
| #define HAVE_CXX11 1
| /* end confdefs.h.  */
| #include <ac_nonexistent.h>
configure:9536: result: gcc -m64 -E
configure:9556: gcc -m64 -E -I/home/administrator/walletbuilders/build_environment/blackcoin/2.13.2.8/depends/x86_64-pc-linux-gnu/include/  conftest.c
configure:9556: $? = 0
configure:9570: gcc -m64 -E -I/home/administrator/walletbuilders/build_environment/blackcoin/2.13.2.8/depends/x86_64-pc-linux-gnu/include/  conftest.c
conftest.c:10:10: fatal error: ac_nonexistent.h: No such file or directory
 #include <ac_nonexistent.h>
          ^~~~~~~~~~~~~~~~~~
compilation terminated.
configure:9570: $? = 1
configure: failed program was:
| /* confdefs.h */
| #define PACKAGE_NAME "Fireants"
| #define PACKAGE_TARNAME "fireants"
| #define PACKAGE_VERSION "1.0.0"
| #define PACKAGE_STRING "Fireants 1.0.0"
| #define PACKAGE_BUGREPORT "https://github.com/hgr3dsm"
| #define PACKAGE_URL ""
| #define HAVE_CXX11 1
| /* end confdefs.h.  */
| #include <ac_nonexistent.h>
configure:9599: checking for ANSI C header files
configure:9619: gcc -m64 -c -pipe -O2  -I/home/administrator/walletbuilders/build_environment/blackcoin/2.13.2.8/depends/x86_64-pc-linux-gnu/include/  conftest.c >&5
configure:9619: $? = 0
configure:9692: gcc -m64 -o conftest -pipe -O2  -I/home/administrator/walletbuilders/build_environment/blackcoin/2.13.2.8/depends/x86_64-pc-linux-gnu/include/  -L/home/administrator/walletbuilders/build_environment/blackcoin/2.13.2.8/depends/x86_64-pc-linux-gnu/lib  conftest.c  >&5
configure:9692: $? = 0
configure:9692: ./conftest
configure:9692: $? = 0
configure:9703: result: yes
configure:9716: checking for sys/types.h
configure:9716: gcc -m64 -c -pipe -O2  -I/home/administrator/walletbuilders/build_environment/blackcoin/2.13.2.8/depends/x86_64-pc-linux-gnu/include/  conftest.c >&5
configure:9716: $? = 0
configure:9716: result: yes
configure:9716: checking for sys/stat.h
configure:9716: gcc -m64 -c -pipe -O2  -I/home/administrator/walletbuilders/build_environment/blackcoin/2.13.2.8/depends/x86_64-pc-linux-gnu/include/  conftest.c >&5
configure:9716: $? = 0
configure:9716: result: yes
configure:9716: checking for stdlib.h
configure:9716: gcc -m64 -c -pipe -O2  -I/home/administrator/walletbuilders/build_environment/blackcoin/2.13.2.8/depends/x86_64-pc-linux-gnu/include/  conftest.c >&5
configure:9716: $? = 0
configure:9716: result: yes
configure:9716: checking for string.h
configure:9716: gcc -m64 -c -pipe -O2  -I/home/administrator/walletbuilders/build_environment/blackcoin/2.13.2.8/depends/x86_64-pc-linux-gnu/include/  conftest.c >&5
configure:9716: $? = 0
configure:9716: result: yes
configure:9716: checking for memory.h
configure:9716: gcc -m64 -c -pipe -O2  -I/home/administrator/walletbuilders/build_environment/blackcoin/2.13.2.8/depends/x86_64-pc-linux-gnu/include/  conftest.c >&5
configure:9716: $? = 0
configure:9716: result: yes
configure:9716: checking for strings.h
configure:9716: gcc -m64 -c -pipe -O2  -I/home/administrator/walletbuilders/build_environment/blackcoin/2.13.2.8/depends/x86_64-pc-linux-gnu/include/  conftest.c >&5
configure:9716: $? = 0
configure:9716: result: yes
configure:9716: checking for inttypes.h
configure:9716: gcc -m64 -c -pipe -O2  -I/home/administrator/walletbuilders/build_environment/blackcoin/2.13.2.8/depends/x86_64-pc-linux-gnu/include/  conftest.c >&5
configure:9716: $? = 0
configure:9716: result: yes
configure:9716: checking for stdint.h
configure:9716: gcc -m64 -c -pipe -O2  -I/home/administrator/walletbuilders/build_environment/blackcoin/2.13.2.8/depends/x86_64-pc-linux-gnu/include/  conftest.c >&5
configure:9716: $? = 0
configure:9716: result: yes
configure:9716: checking for unistd.h
configure:9716: gcc -m64 -c -pipe -O2  -I/home/administrator/walletbuilders/build_environment/blackcoin/2.13.2.8/depends/x86_64-pc-linux-gnu/include/  conftest.c >&5
configure:9716: $? = 0
configure:9716: result: yes
configure:9730: checking for dlfcn.h
configure:9730: gcc -m64 -c -pipe -O2  -I/home/administrator/walletbuilders/build_environment/blackcoin/2.13.2.8/depends/x86_64-pc-linux-gnu/include/  conftest.c >&5
configure:9730: $? = 0
configure:9730: result: yes
configure:9995: checking for objdir
configure:10010: result: .libs
configure:10274: checking if gcc -m64 supports -fno-rtti -fno-exceptions
configure:10292: gcc -m64 -c -pipe -O2  -I/home/administrator/walletbuilders/build_environment/blackcoin/2.13.2.8/depends/x86_64-pc-linux-gnu/include/  -fno-rtti -fno-exceptions conftest.c >&5
cc1: warning: command line option '-fno-rtti' is valid for C++/ObjC++ but not for C
configure:10296: $? = 0
configure:10309: result: no
configure:10667: checking for gcc -m64 option to produce PIC
configure:10674: result: -fPIC -DPIC
configure:10682: checking if gcc -m64 PIC flag -fPIC -DPIC works
configure:10700: gcc -m64 -c -pipe -O2  -I/home/administrator/walletbuilders/build_environment/blackcoin/2.13.2.8/depends/x86_64-pc-linux-gnu/include/  -fPIC -DPIC -DPIC conftest.c >&5
configure:10704: $? = 0
configure:10717: result: yes
configure:10746: checking if gcc -m64 static flag -static works
configure:10774: result: yes
configure:10789: checking if gcc -m64 supports -c -o file.o
configure:10810: gcc -m64 -c -pipe -O2  -I/home/administrator/walletbuilders/build_environment/blackcoin/2.13.2.8/depends/x86_64-pc-linux-gnu/include/  -o out/conftest2.o conftest.c >&5
configure:10814: $? = 0
configure:10836: result: yes
configure:10844: checking if gcc -m64 supports -c -o file.o
configure:10891: result: yes
configure:10924: checking whether the gcc -m64 linker (/usr/bin/ld -m elf_x86_64) supports shared libraries
configure:12187: result: yes
configure:12224: checking whether -lc should be explicitly linked in
configure:12232: gcc -m64 -c -pipe -O2  -I/home/administrator/walletbuilders/build_environment/blackcoin/2.13.2.8/depends/x86_64-pc-linux-gnu/include/  conftest.c >&5
configure:12235: $? = 0
configure:12250: gcc -m64 -shared  -fPIC -DPIC conftest.o  -v -Wl,-soname -Wl,conftest -o conftest 2\>\&1 \| /bin/grep  -lc  \>/dev/null 2\>\&1
configure:12253: $? = 0
configure:12267: result: no
configure:12427: checking dynamic linker characteristics
configure:13008: gcc -m64 -o conftest -pipe -O2  -I/home/administrator/walletbuilders/build_environment/blackcoin/2.13.2.8/depends/x86_64-pc-linux-gnu/include/  -L/home/administrator/walletbuilders/build_environment/blackcoin/2.13.2.8/depends/x86_64-pc-linux-gnu/lib  -Wl,-rpath -Wl,/foo conftest.c  >&5
configure:13008: $? = 0
configure:13257: result: GNU/Linux ld.so
configure:13379: checking how to hardcode library paths into programs
configure:13404: result: immediate
configure:13952: checking whether stripping libraries is possible
configure:13957: result: yes
configure:13992: checking if libtool supports shared libraries
configure:13994: result: yes
configure:13997: checking whether to build shared libraries
configure:14022: result: yes
configure:14025: checking whether to build static libraries
configure:14029: result: yes
configure:14052: checking how to run the C++ preprocessor
configure:14079: g++ -m64 -std=c++11 -E -I/home/administrator/walletbuilders/build_environment/blackcoin/2.13.2.8/depends/x86_64-pc-linux-gnu/include/  conftest.cpp
configure:14079: $? = 0
configure:14093: g++ -m64 -std=c++11 -E -I/home/administrator/walletbuilders/build_environment/blackcoin/2.13.2.8/depends/x86_64-pc-linux-gnu/include/  conftest.cpp
conftest.cpp:22:10: fatal error: ac_nonexistent.h: No such file or directory
 #include <ac_nonexistent.h>
          ^~~~~~~~~~~~~~~~~~
compilation terminated.
configure:14093: $? = 1
configure: failed program was:
| /* confdefs.h */
| #define PACKAGE_NAME "Fireants"
| #define PACKAGE_TARNAME "fireants"
| #define PACKAGE_VERSION "1.0.0"
| #define PACKAGE_STRING "Fireants 1.0.0"
| #define PACKAGE_BUGREPORT "https://github.com/hgr3dsm"
| #define PACKAGE_URL ""
| #define HAVE_CXX11 1
| #define STDC_HEADERS 1
| #define HAVE_SYS_TYPES_H 1
| #define HAVE_SYS_STAT_H 1
| #define HAVE_STDLIB_H 1
| #define HAVE_STRING_H 1
| #define HAVE_MEMORY_H 1
| #define HAVE_STRINGS_H 1
| #define HAVE_INTTYPES_H 1
| #define HAVE_STDINT_H 1
| #define HAVE_UNISTD_H 1
| #define HAVE_DLFCN_H 1
| #define LT_OBJDIR ".libs/"
| /* end confdefs.h.  */
| #include <ac_nonexistent.h>
configure:14118: result: g++ -m64 -std=c++11 -E
configure:14138: g++ -m64 -std=c++11 -E -I/home/administrator/walletbuilders/build_environment/blackcoin/2.13.2.8/depends/x86_64-pc-linux-gnu/include/  conftest.cpp
configure:14138: $? = 0
configure:14152: g++ -m64 -std=c++11 -E -I/home/administrator/walletbuilders/build_environment/blackcoin/2.13.2.8/depends/x86_64-pc-linux-gnu/include/  conftest.cpp
conftest.cpp:22:10: fatal error: ac_nonexistent.h: No such file or directory
 #include <ac_nonexistent.h>
          ^~~~~~~~~~~~~~~~~~
compilation terminated.
configure:14152: $? = 1
configure: failed program was:
| /* confdefs.h */
| #define PACKAGE_NAME "Fireants"
| #define PACKAGE_TARNAME "fireants"
| #define PACKAGE_VERSION "1.0.0"
| #define PACKAGE_STRING "Fireants 1.0.0"
| #define PACKAGE_BUGREPORT "https://github.com/hgr3dsm"
| #define PACKAGE_URL ""
| #define HAVE_CXX11 1
| #define STDC_HEADERS 1
| #define HAVE_SYS_TYPES_H 1
| #define HAVE_SYS_STAT_H 1
| #define HAVE_STDLIB_H 1
| #define HAVE_STRING_H 1
| #define HAVE_MEMORY_H 1
| #define HAVE_STRINGS_H 1
| #define HAVE_INTTYPES_H 1
| #define HAVE_STDINT_H 1
| #define HAVE_UNISTD_H 1
| #define HAVE_DLFCN_H 1
| #define LT_OBJDIR ".libs/"
| /* end confdefs.h.  */
| #include <ac_nonexistent.h>
configure:14314: checking for ld used by g++ -m64 -std=c++11
configure:14381: result: /usr/bin/ld -m elf_x86_64
configure:14388: checking if the linker (/usr/bin/ld -m elf_x86_64) is GNU ld
configure:14403: result: yes
configure:14458: checking whether the g++ -m64 -std=c++11 linker (/usr/bin/ld -m elf_x86_64) supports shared libraries
configure:15531: result: yes
configure:15567: g++ -m64 -std=c++11 -c -pipe -O2  -I/home/administrator/walletbuilders/build_environment/blackcoin/2.13.2.8/depends/x86_64-pc-linux-gnu/include/  conftest.cpp >&5
configure:15570: $? = 0
configure:16051: checking for g++ -m64 -std=c++11 option to produce PIC
configure:16058: result: -fPIC -DPIC
configure:16066: checking if g++ -m64 -std=c++11 PIC flag -fPIC -DPIC works
configure:16084: g++ -m64 -std=c++11 -c -pipe -O2  -I/home/administrator/walletbuilders/build_environment/blackcoin/2.13.2.8/depends/x86_64-pc-linux-gnu/include/  -fPIC -DPIC -DPIC conftest.cpp >&5
configure:16088: $? = 0
configure:16101: result: yes
configure:16124: checking if g++ -m64 -std=c++11 static flag -static works
configure:16152: result: yes
configure:16164: checking if g++ -m64 -std=c++11 supports -c -o file.o
configure:16185: g++ -m64 -std=c++11 -c -pipe -O2  -I/home/administrator/walletbuilders/build_environment/blackcoin/2.13.2.8/depends/x86_64-pc-linux-gnu/include/  -o out/conftest2.o conftest.cpp >&5
configure:16189: $? = 0
configure:16211: result: yes
configure:16216: checking if g++ -m64 -std=c++11 supports -c -o file.o
configure:16263: result: yes
configure:16293: checking whether the g++ -m64 -std=c++11 linker (/usr/bin/ld -m elf_x86_64) supports shared libraries
configure:16336: result: yes
configure:16477: checking dynamic linker characteristics
configure:17234: result: GNU/Linux ld.so
configure:17299: checking how to hardcode library paths into programs
configure:17324: result: immediate
configure:17389: checking for x86_64-pc-linux-gnu-ar
configure:17422: result: no
configure:17432: checking for ar
configure:17462: result: ar
configure:17487: checking for x86_64-pc-linux-gnu-ranlib
configure:17520: result: no
configure:17530: checking for ranlib
configure:17560: result: ranlib
configure:17585: checking for x86_64-pc-linux-gnu-strip
configure:17618: result: no
configure:17628: checking for strip
configure:17646: found /usr/bin/strip
configure:17658: result: /usr/bin/strip
configure:17683: checking for x86_64-pc-linux-gnu-gcov
configure:17716: result: no
configure:17726: checking for gcov
configure:17744: found /usr/bin/gcov
configure:17756: result: /usr/bin/gcov
configure:17780: checking for lcov
configure:17813: result: no
configure:17822: checking for python3.6
configure:17840: found /usr/bin/python3.6
configure:17852: result: /usr/bin/python3.6
configure:17865: checking for genhtml
configure:17898: result: no
configure:17905: checking for git
configure:17923: found /usr/bin/git
configure:17935: result: /usr/bin/git
configure:17945: checking for ccache
configure:17963: found /home/administrator/walletbuilders/build_environment/blackcoin/2.13.2.8/depends/x86_64-pc-linux-gnu/native/bin/ccache
configure:17975: result: /home/administrator/walletbuilders/build_environment/blackcoin/2.13.2.8/depends/x86_64-pc-linux-gnu/native/bin/ccache
configure:17985: checking for xgettext
configure:18003: found /usr/bin/xgettext
configure:18015: result: /usr/bin/xgettext
configure:18025: checking for hexdump
configure:18043: found /usr/bin/hexdump
configure:18055: result: /usr/bin/hexdump
configure:18066: checking for x86_64-pc-linux-gnu-readelf
configure:18099: result: no
configure:18109: checking for readelf
configure:18127: found /usr/bin/readelf
configure:18139: result: /usr/bin/readelf
configure:18164: checking for x86_64-pc-linux-gnu-c++filt
configure:18197: result: no
configure:18207: checking for c++filt
configure:18225: found /usr/bin/c++filt
configure:18237: result: /usr/bin/c++filt
configure:18262: checking for x86_64-pc-linux-gnu-objcopy
configure:18295: result: no
configure:18305: checking for objcopy
configure:18323: found /usr/bin/objcopy
configure:18335: result: /usr/bin/objcopy
configure:18548: checking whether C++ compiler accepts -Werror
configure:18567: g++ -m64 -std=c++11 -c -pipe -O2   -Werror -I/home/administrator/walletbuilders/build_environment/blackcoin/2.13.2.8/depends/x86_64-pc-linux-gnu/include/  conftest.cpp >&5
configure:18567: $? = 0
configure:18575: result: yes
configure:20613: checking for x86_64-pc-linux-gnu-pkg-config
configure:20643: result: /usr/bin/pkg-config --static
configure:20711: checking pkg-config is at least version 0.9.0
configure:20714: result: yes
configure:20842: checking whether byte ordering is bigendian
configure:20857: g++ -m64 -std=c++11 -c -pipe -O2  -I/home/administrator/walletbuilders/build_environment/blackcoin/2.13.2.8/depends/x86_64-pc-linux-gnu/include/  -DHAVE_BUILD_INFO -D__STDC_FORMAT_MACROS conftest.cpp >&5
conftest.cpp:23:9: error: expected unqualified-id before 'not' token
         not a universal capable compiler
         ^~~
configure:20857: $? = 1
configure: failed program was:
| /* confdefs.h */
| #define PACKAGE_NAME "Fireants"
| #define PACKAGE_TARNAME "fireants"
| #define PACKAGE_VERSION "1.0.0"
| #define PACKAGE_STRING "Fireants 1.0.0"
| #define PACKAGE_BUGREPORT "https://github.com/hgr3dsm"
| #define PACKAGE_URL ""
| #define HAVE_CXX11 1
| #define STDC_HEADERS 1
| #define HAVE_SYS_TYPES_H 1
| #define HAVE_SYS_STAT_H 1
| #define HAVE_STDLIB_H 1
| #define HAVE_STRING_H 1
| #define HAVE_MEMORY_H 1
| #define HAVE_STRINGS_H 1
| #define HAVE_INTTYPES_H 1
| #define HAVE_STDINT_H 1
| #define HAVE_UNISTD_H 1
| #define HAVE_DLFCN_H 1
| #define LT_OBJDIR ".libs/"
| /* end confdefs.h.  */
| #ifndef __APPLE_CC__
| 	       not a universal capable compiler
| 	     #endif
| 	     typedef int dummy;
| 
configure:20902: g++ -m64 -std=c++11 -c -pipe -O2  -I/home/administrator/walletbuilders/build_environment/blackcoin/2.13.2.8/depends/x86_64-pc-linux-gnu/include/  -DHAVE_BUILD_INFO -D__STDC_FORMAT_MACROS conftest.cpp >&5
configure:20902: $? = 0
configure:20920: g++ -m64 -std=c++11 -c -pipe -O2  -I/home/administrator/walletbuilders/build_environment/blackcoin/2.13.2.8/depends/x86_64-pc-linux-gnu/include/  -DHAVE_BUILD_INFO -D__STDC_FORMAT_MACROS conftest.cpp >&5
conftest.cpp: In function 'int main()':
conftest.cpp:29:8: error: 'big' was not declared in this scope
    not big endian
        ^~~
configure:20920: $? = 1
configure: failed program was:
| /* confdefs.h */
| #define PACKAGE_NAME "Fireants"
| #define PACKAGE_TARNAME "fireants"
| #define PACKAGE_VERSION "1.0.0"
| #define PACKAGE_STRING "Fireants 1.0.0"
| #define PACKAGE_BUGREPORT "https://github.com/hgr3dsm"
| #define PACKAGE_URL ""
| #define HAVE_CXX11 1
| #define STDC_HEADERS 1
| #define HAVE_SYS_TYPES_H 1
| #define HAVE_SYS_STAT_H 1
| #define HAVE_STDLIB_H 1
| #define HAVE_STRING_H 1
| #define HAVE_MEMORY_H 1
| #define HAVE_STRINGS_H 1
| #define HAVE_INTTYPES_H 1
| #define HAVE_STDINT_H 1
| #define HAVE_UNISTD_H 1
| #define HAVE_DLFCN_H 1
| #define LT_OBJDIR ".libs/"
| /* end confdefs.h.  */
| #include <sys/types.h>
| 		#include <sys/param.h>
| 
| int
| main ()
| {
| #if BYTE_ORDER != BIG_ENDIAN
| 		 not big endian
| 		#endif
| 
|   ;
|   return 0;
| }
configure:21048: result: no
configure:21250: checking whether gcc -m64 is Clang
configure:21275: result: no
configure:21398: checking whether pthreads work with -pthread
configure:21492: gcc -m64 -o conftest -pipe -O2  -pthread -I/home/administrator/walletbuilders/build_environment/blackcoin/2.13.2.8/depends/x86_64-pc-linux-gnu/include/  -DHAVE_BUILD_INFO -D__STDC_FORMAT_MACROS -L/home/administrator/walletbuilders/build_environment/blackcoin/2.13.2.8/depends/x86_64-pc-linux-gnu/lib  conftest.c   >&5
configure:21492: $? = 0
configure:21501: result: yes
configure:21520: checking for joinable pthread attribute
configure:21538: gcc -m64 -o conftest -pipe -O2  -pthread -I/home/administrator/walletbuilders/build_environment/blackcoin/2.13.2.8/depends/x86_64-pc-linux-gnu/include/  -DHAVE_BUILD_INFO -D__STDC_FORMAT_MACROS -L/home/administrator/walletbuilders/build_environment/blackcoin/2.13.2.8/depends/x86_64-pc-linux-gnu/lib  conftest.c   >&5
configure:21538: $? = 0
configure:21546: result: PTHREAD_CREATE_JOINABLE
configure:21560: checking whether more special flags are required for pthreads
configure:21573: result: no
configure:21581: checking for PTHREAD_PRIO_INHERIT
configure:21597: gcc -m64 -o conftest -pipe -O2  -pthread -I/home/administrator/walletbuilders/build_environment/blackcoin/2.13.2.8/depends/x86_64-pc-linux-gnu/include/  -DHAVE_BUILD_INFO -D__STDC_FORMAT_MACROS -L/home/administrator/walletbuilders/build_environment/blackcoin/2.13.2.8/depends/x86_64-pc-linux-gnu/lib  conftest.c   >&5
configure:21597: $? = 0
configure:21606: result: yes
configure:21719: checking for special C compiler options needed for large files
configure:21764: result: no
configure:21770: checking for _FILE_OFFSET_BITS value needed for large files
configure:21795: g++ -m64 -std=c++11 -c -pipe -O2  -I/home/administrator/walletbuilders/build_environment/blackcoin/2.13.2.8/depends/x86_64-pc-linux-gnu/include/  -DHAVE_BUILD_INFO -D__STDC_FORMAT_MACROS conftest.cpp >&5
configure:21795: $? = 0
configure:21827: result: no
configure:21913: checking whether strerror_r is declared
configure:21913: g++ -m64 -std=c++11 -c -pipe -O2  -I/home/administrator/walletbuilders/build_environment/blackcoin/2.13.2.8/depends/x86_64-pc-linux-gnu/include/  -DHAVE_BUILD_INFO -D__STDC_FORMAT_MACROS conftest.cpp >&5
configure:21913: $? = 0
configure:21913: result: yes
configure:21926: checking for strerror_r
configure:21926: g++ -m64 -std=c++11 -o conftest -pipe -O2  -I/home/administrator/walletbuilders/build_environment/blackcoin/2.13.2.8/depends/x86_64-pc-linux-gnu/include/  -DHAVE_BUILD_INFO -D__STDC_FORMAT_MACROS -L/home/administrator/walletbuilders/build_environment/blackcoin/2.13.2.8/depends/x86_64-pc-linux-gnu/lib  conftest.cpp  >&5
configure:21926: $? = 0
configure:21926: result: yes
configure:21935: checking whether strerror_r returns char *
configure:21959: g++ -m64 -std=c++11 -c -pipe -O2  -I/home/administrator/walletbuilders/build_environment/blackcoin/2.13.2.8/depends/x86_64-pc-linux-gnu/include/  -DHAVE_BUILD_INFO -D__STDC_FORMAT_MACROS conftest.cpp >&5
configure:21959: $? = 0
configure:21997: result: yes
configure:22018: checking whether the linker accepts -Wl,--large-address-aware
configure:22037: g++ -m64 -std=c++11 -o conftest -pipe -O2  -I/home/administrator/walletbuilders/build_environment/blackcoin/2.13.2.8/depends/x86_64-pc-linux-gnu/include/  -DHAVE_BUILD_INFO -D__STDC_FORMAT_MACROS -L/home/administrator/walletbuilders/build_environment/blackcoin/2.13.2.8/depends/x86_64-pc-linux-gnu/lib   -Wl,--large-address-aware conftest.cpp  >&5
/usr/bin/ld: unrecognized option '--large-address-aware'
/usr/bin/ld: use the --help option for usage information
collect2: error: ld returned 1 exit status
configure:22037: $? = 1
configure: failed program was:
| /* confdefs.h */
| #define PACKAGE_NAME "Fireants"
| #define PACKAGE_TARNAME "fireants"
| #define PACKAGE_VERSION "1.0.0"
| #define PACKAGE_STRING "Fireants 1.0.0"
| #define PACKAGE_BUGREPORT "https://github.com/hgr3dsm"
| #define PACKAGE_URL ""
| #define HAVE_CXX11 1
| #define STDC_HEADERS 1
| #define HAVE_SYS_TYPES_H 1
| #define HAVE_SYS_STAT_H 1
| #define HAVE_STDLIB_H 1
| #define HAVE_STRING_H 1
| #define HAVE_MEMORY_H 1
| #define HAVE_STRINGS_H 1
| #define HAVE_INTTYPES_H 1
| #define HAVE_STDINT_H 1
| #define HAVE_UNISTD_H 1
| #define HAVE_DLFCN_H 1
| #define LT_OBJDIR ".libs/"
| #define HAVE_PTHREAD_PRIO_INHERIT 1
| #define HAVE_PTHREAD 1
| #define HAVE_DECL_STRERROR_R 1
| #define HAVE_STRERROR_R 1
| #define STRERROR_R_CHAR_P 1
| /* end confdefs.h.  */
| 
| int
| main ()
| {
| 
|   ;
|   return 0;
| }
configure:22046: result: no
configure:22058: checking for __attribute__((visibility))
configure:22082: g++ -m64 -std=c++11 -o conftest -pipe -O2  -I/home/administrator/walletbuilders/build_environment/blackcoin/2.13.2.8/depends/x86_64-pc-linux-gnu/include/  -DHAVE_BUILD_INFO -D__STDC_FORMAT_MACROS -L/home/administrator/walletbuilders/build_environment/blackcoin/2.13.2.8/depends/x86_64-pc-linux-gnu/lib  conftest.cpp  >&5
configure:22082: $? = 0
configure:22095: result: yes
configure:22111: checking for __attribute__((dllexport))
configure:22132: g++ -m64 -std=c++11 -o conftest -pipe -O2  -I/home/administrator/walletbuilders/build_environment/blackcoin/2.13.2.8/depends/x86_64-pc-linux-gnu/include/  -DHAVE_BUILD_INFO -D__STDC_FORMAT_MACROS -L/home/administrator/walletbuilders/build_environment/blackcoin/2.13.2.8/depends/x86_64-pc-linux-gnu/lib  conftest.cpp  >&5
conftest.cpp:30:62: warning: 'dllexport' attribute directive ignored [-Wattributes]
                     __attribute__((dllexport)) int foo( void ) { return 0; }
                                                              ^
configure:22132: $? = 0
configure:22145: result: no
configure:22161: checking for __attribute__((dllimport))
configure:22182: g++ -m64 -std=c++11 -o conftest -pipe -O2  -I/home/administrator/walletbuilders/build_environment/blackcoin/2.13.2.8/depends/x86_64-pc-linux-gnu/include/  -DHAVE_BUILD_INFO -D__STDC_FORMAT_MACROS -L/home/administrator/walletbuilders/build_environment/blackcoin/2.13.2.8/depends/x86_64-pc-linux-gnu/lib  conftest.cpp  >&5
conftest.cpp:30:62: warning: 'dllimport' attribute directive ignored [-Wattributes]
                     int foo( void ) __attribute__((dllimport));
                                                              ^
configure:22182: $? = 0
configure:22195: result: no
configure:22295: checking for library containing clock_gettime
configure:22326: g++ -m64 -std=c++11 -o conftest -pipe -O2  -I/home/administrator/walletbuilders/build_environment/blackcoin/2.13.2.8/depends/x86_64-pc-linux-gnu/include/  -DHAVE_BUILD_INFO -D__STDC_FORMAT_MACROS -L/home/administrator/walletbuilders/build_environment/blackcoin/2.13.2.8/depends/x86_64-pc-linux-gnu/lib  conftest.cpp  >&5
configure:22326: $? = 0
configure:22343: result: none required
configure:22355: checking whether C++ compiler accepts -fPIC
configure:22374: g++ -m64 -std=c++11 -c -pipe -O2   -fPIC -I/home/administrator/walletbuilders/build_environment/blackcoin/2.13.2.8/depends/x86_64-pc-linux-gnu/include/  -DHAVE_BUILD_INFO -D__STDC_FORMAT_MACROS conftest.cpp >&5
configure:22374: $? = 0
configure:22382: result: yes
configure:22393: checking whether C++ compiler accepts -Wstack-protector
configure:22412: g++ -m64 -std=c++11 -c -pipe -O2   -Wstack-protector -I/home/administrator/walletbuilders/build_environment/blackcoin/2.13.2.8/depends/x86_64-pc-linux-gnu/include/  -DHAVE_BUILD_INFO -D__STDC_FORMAT_MACROS conftest.cpp >&5
configure:22412: $? = 0
configure:22420: result: yes
configure:22428: checking whether C++ compiler accepts -fstack-protector-all
configure:22447: g++ -m64 -std=c++11 -c -pipe -O2   -fstack-protector-all -I/home/administrator/walletbuilders/build_environment/blackcoin/2.13.2.8/depends/x86_64-pc-linux-gnu/include/  -DHAVE_BUILD_INFO -D__STDC_FORMAT_MACROS conftest.cpp >&5
configure:22447: $? = 0
configure:22455: result: yes
configure:22465: checking whether C++ preprocessor accepts -D_FORTIFY_SOURCE=2
configure:22484: g++ -m64 -std=c++11 -E -I/home/administrator/walletbuilders/build_environment/blackcoin/2.13.2.8/depends/x86_64-pc-linux-gnu/include/  -DHAVE_BUILD_INFO -D__STDC_FORMAT_MACROS  -D_FORTIFY_SOURCE=2 conftest.cpp
configure:22484: $? = 0
configure:22492: result: yes
configure:22496: checking whether C++ preprocessor accepts -U_FORTIFY_SOURCE
configure:22515: g++ -m64 -std=c++11 -E -I/home/administrator/walletbuilders/build_environment/blackcoin/2.13.2.8/depends/x86_64-pc-linux-gnu/include/  -DHAVE_BUILD_INFO -D__STDC_FORMAT_MACROS  -U_FORTIFY_SOURCE conftest.cpp
configure:22515: $? = 0
configure:22523: result: yes
configure:22540: checking whether the linker accepts -Wl,--dynamicbase
configure:22559: g++ -m64 -std=c++11 -o conftest -pipe -O2  -I/home/administrator/walletbuilders/build_environment/blackcoin/2.13.2.8/depends/x86_64-pc-linux-gnu/include/  -DHAVE_BUILD_INFO -D__STDC_FORMAT_MACROS -L/home/administrator/walletbuilders/build_environment/blackcoin/2.13.2.8/depends/x86_64-pc-linux-gnu/lib   -Wl,--dynamicbase conftest.cpp  >&5
/usr/bin/ld: unrecognized option '--dynamicbase'
/usr/bin/ld: use the --help option for usage information
collect2: error: ld returned 1 exit status
configure:22559: $? = 1
configure: failed program was:
| /* confdefs.h */
| #define PACKAGE_NAME "Fireants"
| #define PACKAGE_TARNAME "fireants"
| #define PACKAGE_VERSION "1.0.0"
| #define PACKAGE_STRING "Fireants 1.0.0"
| #define PACKAGE_BUGREPORT "https://github.com/hgr3dsm"
| #define PACKAGE_URL ""
| #define HAVE_CXX11 1
| #define STDC_HEADERS 1
| #define HAVE_SYS_TYPES_H 1
| #define HAVE_SYS_STAT_H 1
| #define HAVE_STDLIB_H 1
| #define HAVE_STRING_H 1
| #define HAVE_MEMORY_H 1
| #define HAVE_STRINGS_H 1
| #define HAVE_INTTYPES_H 1
| #define HAVE_STDINT_H 1
| #define HAVE_UNISTD_H 1
| #define HAVE_DLFCN_H 1
| #define LT_OBJDIR ".libs/"
| #define HAVE_PTHREAD_PRIO_INHERIT 1
| #define HAVE_PTHREAD 1
| #define HAVE_DECL_STRERROR_R 1
| #define HAVE_STRERROR_R 1
| #define STRERROR_R_CHAR_P 1
| #define HAVE_FUNC_ATTRIBUTE_VISIBILITY 1
| /* end confdefs.h.  */
| 
| int
| main ()
| {
| 
|   ;
|   return 0;
| }
configure:22568: result: no
configure:22576: checking whether the linker accepts -Wl,--nxcompat
configure:22595: g++ -m64 -std=c++11 -o conftest -pipe -O2  -I/home/administrator/walletbuilders/build_environment/blackcoin/2.13.2.8/depends/x86_64-pc-linux-gnu/include/  -DHAVE_BUILD_INFO -D__STDC_FORMAT_MACROS -L/home/administrator/walletbuilders/build_environment/blackcoin/2.13.2.8/depends/x86_64-pc-linux-gnu/lib   -Wl,--nxcompat conftest.cpp  >&5
/usr/bin/ld: unrecognized option '--nxcompat'
/usr/bin/ld: use the --help option for usage information
collect2: error: ld returned 1 exit status
configure:22595: $? = 1
configure: failed program was:
| /* confdefs.h */
| #define PACKAGE_NAME "Fireants"
| #define PACKAGE_TARNAME "fireants"
| #define PACKAGE_VERSION "1.0.0"
| #define PACKAGE_STRING "Fireants 1.0.0"
| #define PACKAGE_BUGREPORT "https://github.com/hgr3dsm"
| #define PACKAGE_URL ""
| #define HAVE_CXX11 1
| #define STDC_HEADERS 1
| #define HAVE_SYS_TYPES_H 1
| #define HAVE_SYS_STAT_H 1
| #define HAVE_STDLIB_H 1
| #define HAVE_STRING_H 1
| #define HAVE_MEMORY_H 1
| #define HAVE_STRINGS_H 1
| #define HAVE_INTTYPES_H 1
| #define HAVE_STDINT_H 1
| #define HAVE_UNISTD_H 1
| #define HAVE_DLFCN_H 1
| #define LT_OBJDIR ".libs/"
| #define HAVE_PTHREAD_PRIO_INHERIT 1
| #define HAVE_PTHREAD 1
| #define HAVE_DECL_STRERROR_R 1
| #define HAVE_STRERROR_R 1
| #define STRERROR_R_CHAR_P 1
| #define HAVE_FUNC_ATTRIBUTE_VISIBILITY 1
| /* end confdefs.h.  */
| 
| int
| main ()
| {
| 
|   ;
|   return 0;
| }
configure:22604: result: no
configure:22612: checking whether the linker accepts -Wl,--high-entropy-va
configure:22631: g++ -m64 -std=c++11 -o conftest -pipe -O2  -I/home/administrator/walletbuilders/build_environment/blackcoin/2.13.2.8/depends/x86_64-pc-linux-gnu/include/  -DHAVE_BUILD_INFO -D__STDC_FORMAT_MACROS -L/home/administrator/walletbuilders/build_environment/blackcoin/2.13.2.8/depends/x86_64-pc-linux-gnu/lib   -Wl,--high-entropy-va conftest.cpp  >&5
/usr/bin/ld: unrecognized option '--high-entropy-va'
/usr/bin/ld: use the --help option for usage information
collect2: error: ld returned 1 exit status
configure:22631: $? = 1
configure: failed program was:
| /* confdefs.h */
| #define PACKAGE_NAME "Fireants"
| #define PACKAGE_TARNAME "fireants"
| #define PACKAGE_VERSION "1.0.0"
| #define PACKAGE_STRING "Fireants 1.0.0"
| #define PACKAGE_BUGREPORT "https://github.com/hgr3dsm"
| #define PACKAGE_URL ""
| #define HAVE_CXX11 1
| #define STDC_HEADERS 1
| #define HAVE_SYS_TYPES_H 1
| #define HAVE_SYS_STAT_H 1
| #define HAVE_STDLIB_H 1
| #define HAVE_STRING_H 1
| #define HAVE_MEMORY_H 1
| #define HAVE_STRINGS_H 1
| #define HAVE_INTTYPES_H 1
| #define HAVE_STDINT_H 1
| #define HAVE_UNISTD_H 1
| #define HAVE_DLFCN_H 1
| #define LT_OBJDIR ".libs/"
| #define HAVE_PTHREAD_PRIO_INHERIT 1
| #define HAVE_PTHREAD 1
| #define HAVE_DECL_STRERROR_R 1
| #define HAVE_STRERROR_R 1
| #define STRERROR_R_CHAR_P 1
| #define HAVE_FUNC_ATTRIBUTE_VISIBILITY 1
| /* end confdefs.h.  */
| 
| int
| main ()
| {
| 
|   ;
|   return 0;
| }
configure:22640: result: no
configure:22648: checking whether the linker accepts -Wl,-z,relro
configure:22667: g++ -m64 -std=c++11 -o conftest -pipe -O2  -I/home/administrator/walletbuilders/build_environment/blackcoin/2.13.2.8/depends/x86_64-pc-linux-gnu/include/  -DHAVE_BUILD_INFO -D__STDC_FORMAT_MACROS -L/home/administrator/walletbuilders/build_environment/blackcoin/2.13.2.8/depends/x86_64-pc-linux-gnu/lib   -Wl,-z,relro conftest.cpp  >&5
configure:22667: $? = 0
configure:22676: result: yes
configure:22684: checking whether the linker accepts -Wl,-z,now
configure:22703: g++ -m64 -std=c++11 -o conftest -pipe -O2  -I/home/administrator/walletbuilders/build_environment/blackcoin/2.13.2.8/depends/x86_64-pc-linux-gnu/include/  -DHAVE_BUILD_INFO -D__STDC_FORMAT_MACROS -L/home/administrator/walletbuilders/build_environment/blackcoin/2.13.2.8/depends/x86_64-pc-linux-gnu/lib   -Wl,-z,now conftest.cpp  >&5
configure:22703: $? = 0
configure:22712: result: yes
configure:22722: checking whether C++ compiler accepts -fPIE
configure:22741: g++ -m64 -std=c++11 -c -pipe -O2   -fPIE -I/home/administrator/walletbuilders/build_environment/blackcoin/2.13.2.8/depends/x86_64-pc-linux-gnu/include/  -DHAVE_BUILD_INFO -D__STDC_FORMAT_MACROS conftest.cpp >&5
configure:22741: $? = 0
configure:22749: result: yes
configure:22757: checking whether the linker accepts -pie
configure:22776: g++ -m64 -std=c++11 -o conftest -pipe -O2  -I/home/administrator/walletbuilders/build_environment/blackcoin/2.13.2.8/depends/x86_64-pc-linux-gnu/include/  -DHAVE_BUILD_INFO -D__STDC_FORMAT_MACROS -L/home/administrator/walletbuilders/build_environment/blackcoin/2.13.2.8/depends/x86_64-pc-linux-gnu/lib   -pie conftest.cpp  >&5
configure:22776: $? = 0
configure:22785: result: yes
configure:22884: checking endian.h usability
configure:22884: g++ -m64 -std=c++11 -c -pipe -O2  -I/home/administrator/walletbuilders/build_environment/blackcoin/2.13.2.8/depends/x86_64-pc-linux-gnu/include/  -DHAVE_BUILD_INFO -D__STDC_FORMAT_MACROS conftest.cpp >&5
configure:22884: $? = 0
configure:22884: result: yes
configure:22884: checking endian.h presence
configure:22884: g++ -m64 -std=c++11 -E -I/home/administrator/walletbuilders/build_environment/blackcoin/2.13.2.8/depends/x86_64-pc-linux-gnu/include/  -DHAVE_BUILD_INFO -D__STDC_FORMAT_MACROS conftest.cpp
configure:22884: $? = 0
configure:22884: result: yes
configure:22884: checking for endian.h
configure:22884: result: yes
configure:22884: checking sys/endian.h usability
configure:22884: g++ -m64 -std=c++11 -c -pipe -O2  -I/home/administrator/walletbuilders/build_environment/blackcoin/2.13.2.8/depends/x86_64-pc-linux-gnu/include/  -DHAVE_BUILD_INFO -D__STDC_FORMAT_MACROS conftest.cpp >&5
conftest.cpp:62:10: fatal error: sys/endian.h: No such file or directory
 #include <sys/endian.h>
          ^~~~~~~~~~~~~~
compilation terminated.
configure:22884: $? = 1
configure: failed program was:
| /* confdefs.h */
| #define PACKAGE_NAME "Fireants"
| #define PACKAGE_TARNAME "fireants"
| #define PACKAGE_VERSION "1.0.0"
| #define PACKAGE_STRING "Fireants 1.0.0"
| #define PACKAGE_BUGREPORT "https://github.com/hgr3dsm"
| #define PACKAGE_URL ""
| #define HAVE_CXX11 1
| #define STDC_HEADERS 1
| #define HAVE_SYS_TYPES_H 1
| #define HAVE_SYS_STAT_H 1
| #define HAVE_STDLIB_H 1
| #define HAVE_STRING_H 1
| #define HAVE_MEMORY_H 1
| #define HAVE_STRINGS_H 1
| #define HAVE_INTTYPES_H 1
| #define HAVE_STDINT_H 1
| #define HAVE_UNISTD_H 1
| #define HAVE_DLFCN_H 1
| #define LT_OBJDIR ".libs/"
| #define HAVE_PTHREAD_PRIO_INHERIT 1
| #define HAVE_PTHREAD 1
| #define HAVE_DECL_STRERROR_R 1
| #define HAVE_STRERROR_R 1
| #define STRERROR_R_CHAR_P 1
| #define HAVE_FUNC_ATTRIBUTE_VISIBILITY 1
| #define HAVE_ENDIAN_H 1
| /* end confdefs.h.  */
| #include <stdio.h>
| #ifdef HAVE_SYS_TYPES_H
| # include <sys/types.h>
| #endif
| #ifdef HAVE_SYS_STAT_H
| # include <sys/stat.h>
| #endif
| #ifdef STDC_HEADERS
| # include <stdlib.h>
| # include <stddef.h>
| #else
| # ifdef HAVE_STDLIB_H
| #  include <stdlib.h>
| # endif
| #endif
| #ifdef HAVE_STRING_H
| # if !defined STDC_HEADERS && defined HAVE_MEMORY_H
| #  include <memory.h>
| # endif
| # include <string.h>
| #endif
| #ifdef HAVE_STRINGS_H
| # include <strings.h>
| #endif
| #ifdef HAVE_INTTYPES_H
| # include <inttypes.h>
| #endif
| #ifdef HAVE_STDINT_H
| # include <stdint.h>
| #endif
| #ifdef HAVE_UNISTD_H
| # include <unistd.h>
| #endif
| #include <sys/endian.h>
configure:22884: result: no
configure:22884: checking sys/endian.h presence
configure:22884: g++ -m64 -std=c++11 -E -I/home/administrator/walletbuilders/build_environment/blackcoin/2.13.2.8/depends/x86_64-pc-linux-gnu/include/  -DHAVE_BUILD_INFO -D__STDC_FORMAT_MACROS conftest.cpp
conftest.cpp:29:10: fatal error: sys/endian.h: No such file or directory
 #include <sys/endian.h>
          ^~~~~~~~~~~~~~
compilation terminated.
configure:22884: $? = 1
configure: failed program was:
| /* confdefs.h */
| #define PACKAGE_NAME "Fireants"
| #define PACKAGE_TARNAME "fireants"
| #define PACKAGE_VERSION "1.0.0"
| #define PACKAGE_STRING "Fireants 1.0.0"
| #define PACKAGE_BUGREPORT "https://github.com/hgr3dsm"
| #define PACKAGE_URL ""
| #define HAVE_CXX11 1
| #define STDC_HEADERS 1
| #define HAVE_SYS_TYPES_H 1
| #define HAVE_SYS_STAT_H 1
| #define HAVE_STDLIB_H 1
| #define HAVE_STRING_H 1
| #define HAVE_MEMORY_H 1
| #define HAVE_STRINGS_H 1
| #define HAVE_INTTYPES_H 1
| #define HAVE_STDINT_H 1
| #define HAVE_UNISTD_H 1
| #define HAVE_DLFCN_H 1
| #define LT_OBJDIR ".libs/"
| #define HAVE_PTHREAD_PRIO_INHERIT 1
| #define HAVE_PTHREAD 1
| #define HAVE_DECL_STRERROR_R 1
| #define HAVE_STRERROR_R 1
| #define STRERROR_R_CHAR_P 1
| #define HAVE_FUNC_ATTRIBUTE_VISIBILITY 1
| #define HAVE_ENDIAN_H 1
| /* end confdefs.h.  */
| #include <sys/endian.h>
configure:22884: result: no
configure:22884: checking for sys/endian.h
configure:22884: result: no
configure:22884: checking byteswap.h usability
configure:22884: g++ -m64 -std=c++11 -c -pipe -O2  -I/home/administrator/walletbuilders/build_environment/blackcoin/2.13.2.8/depends/x86_64-pc-linux-gnu/include/  -DHAVE_BUILD_INFO -D__STDC_FORMAT_MACROS conftest.cpp >&5
configure:22884: $? = 0
configure:22884: result: yes
configure:22884: checking byteswap.h presence
configure:22884: g++ -m64 -std=c++11 -E -I/home/administrator/walletbuilders/build_environment/blackcoin/2.13.2.8/depends/x86_64-pc-linux-gnu/include/  -DHAVE_BUILD_INFO -D__STDC_FORMAT_MACROS conftest.cpp
configure:22884: $? = 0
configure:22884: result: yes
configure:22884: checking for byteswap.h
configure:22884: result: yes
configure:22884: checking stdio.h usability
configure:22884: g++ -m64 -std=c++11 -c -pipe -O2  -I/home/administrator/walletbuilders/build_environment/blackcoin/2.13.2.8/depends/x86_64-pc-linux-gnu/include/  -DHAVE_BUILD_INFO -D__STDC_FORMAT_MACROS conftest.cpp >&5
configure:22884: $? = 0
configure:22884: result: yes
configure:22884: checking stdio.h presence
configure:22884: g++ -m64 -std=c++11 -E -I/home/administrator/walletbuilders/build_environment/blackcoin/2.13.2.8/depends/x86_64-pc-linux-gnu/include/  -DHAVE_BUILD_INFO -D__STDC_FORMAT_MACROS conftest.cpp
configure:22884: $? = 0
configure:22884: result: yes
configure:22884: checking for stdio.h
configure:22884: result: yes
configure:22884: checking for stdlib.h
configure:22884: result: yes
configure:22884: checking for unistd.h
configure:22884: result: yes
configure:22884: checking for strings.h
configure:22884: result: yes
configure:22884: checking for sys/types.h
configure:22884: result: yes
configure:22884: checking for sys/stat.h
configure:22884: result: yes
configure:22884: checking sys/select.h usability
configure:22884: g++ -m64 -std=c++11 -c -pipe -O2  -I/home/administrator/walletbuilders/build_environment/blackcoin/2.13.2.8/depends/x86_64-pc-linux-gnu/include/  -DHAVE_BUILD_INFO -D__STDC_FORMAT_MACROS conftest.cpp >&5
configure:22884: $? = 0
configure:22884: result: yes
configure:22884: checking sys/select.h presence
configure:22884: g++ -m64 -std=c++11 -E -I/home/administrator/walletbuilders/build_environment/blackcoin/2.13.2.8/depends/x86_64-pc-linux-gnu/include/  -DHAVE_BUILD_INFO -D__STDC_FORMAT_MACROS conftest.cpp
configure:22884: $? = 0
configure:22884: result: yes
configure:22884: checking for sys/select.h
configure:22884: result: yes
configure:22884: checking sys/prctl.h usability
configure:22884: g++ -m64 -std=c++11 -c -pipe -O2  -I/home/administrator/walletbuilders/build_environment/blackcoin/2.13.2.8/depends/x86_64-pc-linux-gnu/include/  -DHAVE_BUILD_INFO -D__STDC_FORMAT_MACROS conftest.cpp >&5
configure:22884: $? = 0
configure:22884: result: yes
configure:22884: checking sys/prctl.h presence
configure:22884: g++ -m64 -std=c++11 -E -I/home/administrator/walletbuilders/build_environment/blackcoin/2.13.2.8/depends/x86_64-pc-linux-gnu/include/  -DHAVE_BUILD_INFO -D__STDC_FORMAT_MACROS conftest.cpp
configure:22884: $? = 0
configure:22884: result: yes
configure:22884: checking for sys/prctl.h
configure:22884: result: yes
configure:22895: checking whether strnlen is declared
configure:22895: g++ -m64 -std=c++11 -c -pipe -O2  -I/home/administrator/walletbuilders/build_environment/blackcoin/2.13.2.8/depends/x86_64-pc-linux-gnu/include/  -DHAVE_BUILD_INFO -D__STDC_FORMAT_MACROS conftest.cpp >&5
configure:22895: $? = 0
configure:22895: result: yes
configure:22907: checking whether le16toh is declared
configure:22907: g++ -m64 -std=c++11 -c -pipe -O2  -I/home/administrator/walletbuilders/build_environment/blackcoin/2.13.2.8/depends/x86_64-pc-linux-gnu/include/  -DHAVE_BUILD_INFO -D__STDC_FORMAT_MACROS conftest.cpp >&5
configure:22907: $? = 0
configure:22907: result: yes
configure:22922: checking whether le32toh is declared
configure:22922: g++ -m64 -std=c++11 -c -pipe -O2  -I/home/administrator/walletbuilders/build_environment/blackcoin/2.13.2.8/depends/x86_64-pc-linux-gnu/include/  -DHAVE_BUILD_INFO -D__STDC_FORMAT_MACROS conftest.cpp >&5
configure:22922: $? = 0
configure:22922: result: yes
configure:22937: checking whether le64toh is declared
configure:22937: g++ -m64 -std=c++11 -c -pipe -O2  -I/home/administrator/walletbuilders/build_environment/blackcoin/2.13.2.8/depends/x86_64-pc-linux-gnu/include/  -DHAVE_BUILD_INFO -D__STDC_FORMAT_MACROS conftest.cpp >&5
configure:22937: $? = 0
configure:22937: result: yes
configure:22952: checking whether htole16 is declared
configure:22952: g++ -m64 -std=c++11 -c -pipe -O2  -I/home/administrator/walletbuilders/build_environment/blackcoin/2.13.2.8/depends/x86_64-pc-linux-gnu/include/  -DHAVE_BUILD_INFO -D__STDC_FORMAT_MACROS conftest.cpp >&5
configure:22952: $? = 0
configure:22952: result: yes
configure:22967: checking whether htole32 is declared
configure:22967: g++ -m64 -std=c++11 -c -pipe -O2  -I/home/administrator/walletbuilders/build_environment/blackcoin/2.13.2.8/depends/x86_64-pc-linux-gnu/include/  -DHAVE_BUILD_INFO -D__STDC_FORMAT_MACROS conftest.cpp >&5
configure:22967: $? = 0
configure:22967: result: yes
configure:22982: checking whether htole64 is declared
configure:22982: g++ -m64 -std=c++11 -c -pipe -O2  -I/home/administrator/walletbuilders/build_environment/blackcoin/2.13.2.8/depends/x86_64-pc-linux-gnu/include/  -DHAVE_BUILD_INFO -D__STDC_FORMAT_MACROS conftest.cpp >&5
configure:22982: $? = 0
configure:22982: result: yes
configure:22997: checking whether be16toh is declared
configure:22997: g++ -m64 -std=c++11 -c -pipe -O2  -I/home/administrator/walletbuilders/build_environment/blackcoin/2.13.2.8/depends/x86_64-pc-linux-gnu/include/  -DHAVE_BUILD_INFO -D__STDC_FORMAT_MACROS conftest.cpp >&5
configure:22997: $? = 0
configure:22997: result: yes
configure:23012: checking whether be32toh is declared
configure:23012: g++ -m64 -std=c++11 -c -pipe -O2  -I/home/administrator/walletbuilders/build_environment/blackcoin/2.13.2.8/depends/x86_64-pc-linux-gnu/include/  -DHAVE_BUILD_INFO -D__STDC_FORMAT_MACROS conftest.cpp >&5
configure:23012: $? = 0
configure:23012: result: yes
configure:23027: checking whether be64toh is declared
configure:23027: g++ -m64 -std=c++11 -c -pipe -O2  -I/home/administrator/walletbuilders/build_environment/blackcoin/2.13.2.8/depends/x86_64-pc-linux-gnu/include/  -DHAVE_BUILD_INFO -D__STDC_FORMAT_MACROS conftest.cpp >&5
configure:23027: $? = 0
configure:23027: result: yes
configure:23042: checking whether htobe16 is declared
configure:23042: g++ -m64 -std=c++11 -c -pipe -O2  -I/home/administrator/walletbuilders/build_environment/blackcoin/2.13.2.8/depends/x86_64-pc-linux-gnu/include/  -DHAVE_BUILD_INFO -D__STDC_FORMAT_MACROS conftest.cpp >&5
configure:23042: $? = 0
configure:23042: result: yes
configure:23057: checking whether htobe32 is declared
configure:23057: g++ -m64 -std=c++11 -c -pipe -O2  -I/home/administrator/walletbuilders/build_environment/blackcoin/2.13.2.8/depends/x86_64-pc-linux-gnu/include/  -DHAVE_BUILD_INFO -D__STDC_FORMAT_MACROS conftest.cpp >&5
configure:23057: $? = 0
configure:23057: result: yes
configure:23072: checking whether htobe64 is declared
configure:23072: g++ -m64 -std=c++11 -c -pipe -O2  -I/home/administrator/walletbuilders/build_environment/blackcoin/2.13.2.8/depends/x86_64-pc-linux-gnu/include/  -DHAVE_BUILD_INFO -D__STDC_FORMAT_MACROS conftest.cpp >&5
configure:23072: $? = 0
configure:23072: result: yes
configure:23089: checking whether bswap_16 is declared
configure:23089: g++ -m64 -std=c++11 -c -pipe -O2  -I/home/administrator/walletbuilders/build_environment/blackcoin/2.13.2.8/depends/x86_64-pc-linux-gnu/include/  -DHAVE_BUILD_INFO -D__STDC_FORMAT_MACROS conftest.cpp >&5
configure:23089: $? = 0
configure:23089: result: yes
configure:23102: checking whether bswap_32 is declared
configure:23102: g++ -m64 -std=c++11 -c -pipe -O2  -I/home/administrator/walletbuilders/build_environment/blackcoin/2.13.2.8/depends/x86_64-pc-linux-gnu/include/  -DHAVE_BUILD_INFO -D__STDC_FORMAT_MACROS conftest.cpp >&5
configure:23102: $? = 0
configure:23102: result: yes
configure:23115: checking whether bswap_64 is declared
configure:23115: g++ -m64 -std=c++11 -c -pipe -O2  -I/home/administrator/walletbuilders/build_environment/blackcoin/2.13.2.8/depends/x86_64-pc-linux-gnu/include/  -DHAVE_BUILD_INFO -D__STDC_FORMAT_MACROS conftest.cpp >&5
configure:23115: $? = 0
configure:23115: result: yes
configure:23130: checking for MSG_NOSIGNAL
configure:23143: g++ -m64 -std=c++11 -c -pipe -O2  -I/home/administrator/walletbuilders/build_environment/blackcoin/2.13.2.8/depends/x86_64-pc-linux-gnu/include/  -DHAVE_BUILD_INFO -D__STDC_FORMAT_MACROS conftest.cpp >&5
configure:23143: $? = 0
configure:23144: result: yes
configure:23155: checking for visibility attribute
configure:23164: g++ -m64 -std=c++11 -o conftest -pipe -O2  -I/home/administrator/walletbuilders/build_environment/blackcoin/2.13.2.8/depends/x86_64-pc-linux-gnu/include/  -DHAVE_BUILD_INFO -D__STDC_FORMAT_MACROS -L/home/administrator/walletbuilders/build_environment/blackcoin/2.13.2.8/depends/x86_64-pc-linux-gnu/lib  conftest.cpp  >&5
configure:23164: $? = 0
configure:23169: result: yes
configure:23245: checking for Berkeley DB C++ headers
configure:23275: g++ -m64 -std=c++11 -c -pipe -O2  -I/home/administrator/walletbuilders/build_environment/blackcoin/2.13.2.8/depends/x86_64-pc-linux-gnu/include/  -DHAVE_BUILD_INFO -D__STDC_FORMAT_MACROS conftest.cpp >&5
conftest.cpp:57:18: fatal error: bdb6.2/db_cxx.h: No such file or directory
         #include <bdb6.2/db_cxx.h>
                  ^~~~~~~~~~~~~~~~~
compilation terminated.
configure:23275: $? = 1
configure: failed program was:
| /* confdefs.h */
| #define PACKAGE_NAME "Fireants"
| #define PACKAGE_TARNAME "fireants"
| #define PACKAGE_VERSION "1.0.0"
| #define PACKAGE_STRING "Fireants 1.0.0"
| #define PACKAGE_BUGREPORT "https://github.com/hgr3dsm"
| #define PACKAGE_URL ""
| #define HAVE_CXX11 1
| #define STDC_HEADERS 1
| #define HAVE_SYS_TYPES_H 1
| #define HAVE_SYS_STAT_H 1
| #define HAVE_STDLIB_H 1
| #define HAVE_STRING_H 1
| #define HAVE_MEMORY_H 1
| #define HAVE_STRINGS_H 1
| #define HAVE_INTTYPES_H 1
| #define HAVE_STDINT_H 1
| #define HAVE_UNISTD_H 1
| #define HAVE_DLFCN_H 1
| #define LT_OBJDIR ".libs/"
| #define HAVE_PTHREAD_PRIO_INHERIT 1
| #define HAVE_PTHREAD 1
| #define HAVE_DECL_STRERROR_R 1
| #define HAVE_STRERROR_R 1
| #define STRERROR_R_CHAR_P 1
| #define HAVE_FUNC_ATTRIBUTE_VISIBILITY 1
| #define HAVE_ENDIAN_H 1
| #define HAVE_BYTESWAP_H 1
| #define HAVE_STDIO_H 1
| #define HAVE_STDLIB_H 1
| #define HAVE_UNISTD_H 1
| #define HAVE_STRINGS_H 1
| #define HAVE_SYS_TYPES_H 1
| #define HAVE_SYS_STAT_H 1
| #define HAVE_SYS_SELECT_H 1
| #define HAVE_SYS_PRCTL_H 1
| #define HAVE_DECL_STRNLEN 1
| #define HAVE_DECL_LE16TOH 1
| #define HAVE_DECL_LE32TOH 1
| #define HAVE_DECL_LE64TOH 1
| #define HAVE_DECL_HTOLE16 1
| #define HAVE_DECL_HTOLE32 1
| #define HAVE_DECL_HTOLE64 1
| #define HAVE_DECL_BE16TOH 1
| #define HAVE_DECL_BE32TOH 1
| #define HAVE_DECL_BE64TOH 1
| #define HAVE_DECL_HTOBE16 1
| #define HAVE_DECL_HTOBE32 1
| #define HAVE_DECL_HTOBE64 1
| #define HAVE_DECL_BSWAP_16 1
| #define HAVE_DECL_BSWAP_32 1
| #define HAVE_DECL_BSWAP_64 1
| #define HAVE_MSG_NOSIGNAL 1
| #define HAVE_VISIBILITY_ATTRIBUTE 1
| /* end confdefs.h.  */
| 
|         #include <bdb6.2/db_cxx.h>
| 
| int
| main ()
| {
| 
|         #if !((DB_VERSION_MAJOR == 6 && DB_VERSION_MINOR >= 2) || DB_VERSION_MAJOR < 6 || DB_VERSION_MAJOR > 6)
|           #error "failed to find bdb 6.2+"
|         #endif
| 
|   ;
|   return 0;
| }
configure:23275: g++ -m64 -std=c++11 -c -pipe -O2  -I/home/administrator/walletbuilders/build_environment/blackcoin/2.13.2.8/depends/x86_64-pc-linux-gnu/include/  -DHAVE_BUILD_INFO -D__STDC_FORMAT_MACROS conftest.cpp >&5
conftest.cpp:57:18: fatal error: libdb6.2/db_cxx.h: No such file or directory
         #include <libdb6.2/db_cxx.h>
                  ^~~~~~~~~~~~~~~~~~~
compilation terminated.
configure:23275: $? = 1
configure: failed program was:
| /* confdefs.h */
| #define PACKAGE_NAME "Fireants"
| #define PACKAGE_TARNAME "fireants"
| #define PACKAGE_VERSION "1.0.0"
| #define PACKAGE_STRING "Fireants 1.0.0"
| #define PACKAGE_BUGREPORT "https://github.com/hgr3dsm"
| #define PACKAGE_URL ""
| #define HAVE_CXX11 1
| #define STDC_HEADERS 1
| #define HAVE_SYS_TYPES_H 1
| #define HAVE_SYS_STAT_H 1
| #define HAVE_STDLIB_H 1
| #define HAVE_STRING_H 1
| #define HAVE_MEMORY_H 1
| #define HAVE_STRINGS_H 1
| #define HAVE_INTTYPES_H 1
| #define HAVE_STDINT_H 1
| #define HAVE_UNISTD_H 1
| #define HAVE_DLFCN_H 1
| #define LT_OBJDIR ".libs/"
| #define HAVE_PTHREAD_PRIO_INHERIT 1
| #define HAVE_PTHREAD 1
| #define HAVE_DECL_STRERROR_R 1
| #define HAVE_STRERROR_R 1
| #define STRERROR_R_CHAR_P 1
| #define HAVE_FUNC_ATTRIBUTE_VISIBILITY 1
| #define HAVE_ENDIAN_H 1
| #define HAVE_BYTESWAP_H 1
| #define HAVE_STDIO_H 1
| #define HAVE_STDLIB_H 1
| #define HAVE_UNISTD_H 1
| #define HAVE_STRINGS_H 1
| #define HAVE_SYS_TYPES_H 1
| #define HAVE_SYS_STAT_H 1
| #define HAVE_SYS_SELECT_H 1
| #define HAVE_SYS_PRCTL_H 1
| #define HAVE_DECL_STRNLEN 1
| #define HAVE_DECL_LE16TOH 1
| #define HAVE_DECL_LE32TOH 1
| #define HAVE_DECL_LE64TOH 1
| #define HAVE_DECL_HTOLE16 1
| #define HAVE_DECL_HTOLE32 1
| #define HAVE_DECL_HTOLE64 1
| #define HAVE_DECL_BE16TOH 1
| #define HAVE_DECL_BE32TOH 1
| #define HAVE_DECL_BE64TOH 1
| #define HAVE_DECL_HTOBE16 1
| #define HAVE_DECL_HTOBE32 1
| #define HAVE_DECL_HTOBE64 1
| #define HAVE_DECL_BSWAP_16 1
| #define HAVE_DECL_BSWAP_32 1
| #define HAVE_DECL_BSWAP_64 1
| #define HAVE_MSG_NOSIGNAL 1
| #define HAVE_VISIBILITY_ATTRIBUTE 1
| /* end confdefs.h.  */
| 
|         #include <libdb6.2/db_cxx.h>
| 
| int
| main ()
| {
| 
|         #if !((DB_VERSION_MAJOR == 6 && DB_VERSION_MINOR >= 2) || DB_VERSION_MAJOR < 6 || DB_VERSION_MAJOR > 6)
|           #error "failed to find bdb 6.2+"
|         #endif
| 
|   ;
|   return 0;
| }
configure:23275: g++ -m64 -std=c++11 -c -pipe -O2  -I/home/administrator/walletbuilders/build_environment/blackcoin/2.13.2.8/depends/x86_64-pc-linux-gnu/include/  -DHAVE_BUILD_INFO -D__STDC_FORMAT_MACROS conftest.cpp >&5
conftest.cpp:57:18: fatal error: db6.2/db_cxx.h: No such file or directory
         #include <db6.2/db_cxx.h>
                  ^~~~~~~~~~~~~~~~
compilation terminated.
configure:23275: $? = 1
configure: failed program was:
| /* confdefs.h */
| #define PACKAGE_NAME "Fireants"
| #define PACKAGE_TARNAME "fireants"
| #define PACKAGE_VERSION "1.0.0"
| #define PACKAGE_STRING "Fireants 1.0.0"
| #define PACKAGE_BUGREPORT "https://github.com/hgr3dsm"
| #define PACKAGE_URL ""
| #define HAVE_CXX11 1
| #define STDC_HEADERS 1
| #define HAVE_SYS_TYPES_H 1
| #define HAVE_SYS_STAT_H 1
| #define HAVE_STDLIB_H 1
| #define HAVE_STRING_H 1
| #define HAVE_MEMORY_H 1
| #define HAVE_STRINGS_H 1
| #define HAVE_INTTYPES_H 1
| #define HAVE_STDINT_H 1
| #define HAVE_UNISTD_H 1
| #define HAVE_DLFCN_H 1
| #define LT_OBJDIR ".libs/"
| #define HAVE_PTHREAD_PRIO_INHERIT 1
| #define HAVE_PTHREAD 1
| #define HAVE_DECL_STRERROR_R 1
| #define HAVE_STRERROR_R 1
| #define STRERROR_R_CHAR_P 1
| #define HAVE_FUNC_ATTRIBUTE_VISIBILITY 1
| #define HAVE_ENDIAN_H 1
| #define HAVE_BYTESWAP_H 1
| #define HAVE_STDIO_H 1
| #define HAVE_STDLIB_H 1
| #define HAVE_UNISTD_H 1
| #define HAVE_STRINGS_H 1
| #define HAVE_SYS_TYPES_H 1
| #define HAVE_SYS_STAT_H 1
| #define HAVE_SYS_SELECT_H 1
| #define HAVE_SYS_PRCTL_H 1
| #define HAVE_DECL_STRNLEN 1
| #define HAVE_DECL_LE16TOH 1
| #define HAVE_DECL_LE32TOH 1
| #define HAVE_DECL_LE64TOH 1
| #define HAVE_DECL_HTOLE16 1
| #define HAVE_DECL_HTOLE32 1
| #define HAVE_DECL_HTOLE64 1
| #define HAVE_DECL_BE16TOH 1
| #define HAVE_DECL_BE32TOH 1
| #define HAVE_DECL_BE64TOH 1
| #define HAVE_DECL_HTOBE16 1
| #define HAVE_DECL_HTOBE32 1
| #define HAVE_DECL_HTOBE64 1
| #define HAVE_DECL_BSWAP_16 1
| #define HAVE_DECL_BSWAP_32 1
| #define HAVE_DECL_BSWAP_64 1
| #define HAVE_MSG_NOSIGNAL 1
| #define HAVE_VISIBILITY_ATTRIBUTE 1
| /* end confdefs.h.  */
| 
|         #include <db6.2/db_cxx.h>
| 
| int
| main ()
| {
| 
|         #if !((DB_VERSION_MAJOR == 6 && DB_VERSION_MINOR >= 2) || DB_VERSION_MAJOR < 6 || DB_VERSION_MAJOR > 6)
|           #error "failed to find bdb 6.2+"
|         #endif
| 
|   ;
|   return 0;
| }
configure:23275: g++ -m64 -std=c++11 -c -pipe -O2  -I/home/administrator/walletbuilders/build_environment/blackcoin/2.13.2.8/depends/x86_64-pc-linux-gnu/include/  -DHAVE_BUILD_INFO -D__STDC_FORMAT_MACROS conftest.cpp >&5
conftest.cpp:57:18: fatal error: bdb62/db_cxx.h: No such file or directory
         #include <bdb62/db_cxx.h>
                  ^~~~~~~~~~~~~~~~
compilation terminated.
configure:23275: $? = 1
configure: failed program was:
| /* confdefs.h */
| #define PACKAGE_NAME "Fireants"
| #define PACKAGE_TARNAME "fireants"
| #define PACKAGE_VERSION "1.0.0"
| #define PACKAGE_STRING "Fireants 1.0.0"
| #define PACKAGE_BUGREPORT "https://github.com/hgr3dsm"
| #define PACKAGE_URL ""
| #define HAVE_CXX11 1
| #define STDC_HEADERS 1
| #define HAVE_SYS_TYPES_H 1
| #define HAVE_SYS_STAT_H 1
| #define HAVE_STDLIB_H 1
| #define HAVE_STRING_H 1
| #define HAVE_MEMORY_H 1
| #define HAVE_STRINGS_H 1
| #define HAVE_INTTYPES_H 1
| #define HAVE_STDINT_H 1
| #define HAVE_UNISTD_H 1
| #define HAVE_DLFCN_H 1
| #define LT_OBJDIR ".libs/"
| #define HAVE_PTHREAD_PRIO_INHERIT 1
| #define HAVE_PTHREAD 1
| #define HAVE_DECL_STRERROR_R 1
| #define HAVE_STRERROR_R 1
| #define STRERROR_R_CHAR_P 1
| #define HAVE_FUNC_ATTRIBUTE_VISIBILITY 1
| #define HAVE_ENDIAN_H 1
| #define HAVE_BYTESWAP_H 1
| #define HAVE_STDIO_H 1
| #define HAVE_STDLIB_H 1
| #define HAVE_UNISTD_H 1
| #define HAVE_STRINGS_H 1
| #define HAVE_SYS_TYPES_H 1
| #define HAVE_SYS_STAT_H 1
| #define HAVE_SYS_SELECT_H 1
| #define HAVE_SYS_PRCTL_H 1
| #define HAVE_DECL_STRNLEN 1
| #define HAVE_DECL_LE16TOH 1
| #define HAVE_DECL_LE32TOH 1
| #define HAVE_DECL_LE64TOH 1
| #define HAVE_DECL_HTOLE16 1
| #define HAVE_DECL_HTOLE32 1
| #define HAVE_DECL_HTOLE64 1
| #define HAVE_DECL_BE16TOH 1
| #define HAVE_DECL_BE32TOH 1
| #define HAVE_DECL_BE64TOH 1
| #define HAVE_DECL_HTOBE16 1
| #define HAVE_DECL_HTOBE32 1
| #define HAVE_DECL_HTOBE64 1
| #define HAVE_DECL_BSWAP_16 1
| #define HAVE_DECL_BSWAP_32 1
| #define HAVE_DECL_BSWAP_64 1
| #define HAVE_MSG_NOSIGNAL 1
| #define HAVE_VISIBILITY_ATTRIBUTE 1
| /* end confdefs.h.  */
| 
|         #include <bdb62/db_cxx.h>
| 
| int
| main ()
| {
| 
|         #if !((DB_VERSION_MAJOR == 6 && DB_VERSION_MINOR >= 2) || DB_VERSION_MAJOR < 6 || DB_VERSION_MAJOR > 6)
|           #error "failed to find bdb 6.2+"
|         #endif
| 
|   ;
|   return 0;
| }
configure:23275: g++ -m64 -std=c++11 -c -pipe -O2  -I/home/administrator/walletbuilders/build_environment/blackcoin/2.13.2.8/depends/x86_64-pc-linux-gnu/include/  -DHAVE_BUILD_INFO -D__STDC_FORMAT_MACROS conftest.cpp >&5
conftest.cpp:57:18: fatal error: libdb62/db_cxx.h: No such file or directory
         #include <libdb62/db_cxx.h>
                  ^~~~~~~~~~~~~~~~~~
compilation terminated.
configure:23275: $? = 1
configure: failed program was:
| /* confdefs.h */
| #define PACKAGE_NAME "Fireants"
| #define PACKAGE_TARNAME "fireants"
| #define PACKAGE_VERSION "1.0.0"
| #define PACKAGE_STRING "Fireants 1.0.0"
| #define PACKAGE_BUGREPORT "https://github.com/hgr3dsm"
| #define PACKAGE_URL ""
| #define HAVE_CXX11 1
| #define STDC_HEADERS 1
| #define HAVE_SYS_TYPES_H 1
| #define HAVE_SYS_STAT_H 1
| #define HAVE_STDLIB_H 1
| #define HAVE_STRING_H 1
| #define HAVE_MEMORY_H 1
| #define HAVE_STRINGS_H 1
| #define HAVE_INTTYPES_H 1
| #define HAVE_STDINT_H 1
| #define HAVE_UNISTD_H 1
| #define HAVE_DLFCN_H 1
| #define LT_OBJDIR ".libs/"
| #define HAVE_PTHREAD_PRIO_INHERIT 1
| #define HAVE_PTHREAD 1
| #define HAVE_DECL_STRERROR_R 1
| #define HAVE_STRERROR_R 1
| #define STRERROR_R_CHAR_P 1
| #define HAVE_FUNC_ATTRIBUTE_VISIBILITY 1
| #define HAVE_ENDIAN_H 1
| #define HAVE_BYTESWAP_H 1
| #define HAVE_STDIO_H 1
| #define HAVE_STDLIB_H 1
| #define HAVE_UNISTD_H 1
| #define HAVE_STRINGS_H 1
| #define HAVE_SYS_TYPES_H 1
| #define HAVE_SYS_STAT_H 1
| #define HAVE_SYS_SELECT_H 1
| #define HAVE_SYS_PRCTL_H 1
| #define HAVE_DECL_STRNLEN 1
| #define HAVE_DECL_LE16TOH 1
| #define HAVE_DECL_LE32TOH 1
| #define HAVE_DECL_LE64TOH 1
| #define HAVE_DECL_HTOLE16 1
| #define HAVE_DECL_HTOLE32 1
| #define HAVE_DECL_HTOLE64 1
| #define HAVE_DECL_BE16TOH 1
| #define HAVE_DECL_BE32TOH 1
| #define HAVE_DECL_BE64TOH 1
| #define HAVE_DECL_HTOBE16 1
| #define HAVE_DECL_HTOBE32 1
| #define HAVE_DECL_HTOBE64 1
| #define HAVE_DECL_BSWAP_16 1
| #define HAVE_DECL_BSWAP_32 1
| #define HAVE_DECL_BSWAP_64 1
| #define HAVE_MSG_NOSIGNAL 1
| #define HAVE_VISIBILITY_ATTRIBUTE 1
| /* end confdefs.h.  */
| 
|         #include <libdb62/db_cxx.h>
| 
| int
| main ()
| {
| 
|         #if !((DB_VERSION_MAJOR == 6 && DB_VERSION_MINOR >= 2) || DB_VERSION_MAJOR < 6 || DB_VERSION_MAJOR > 6)
|           #error "failed to find bdb 6.2+"
|         #endif
| 
|   ;
|   return 0;
| }
configure:23275: g++ -m64 -std=c++11 -c -pipe -O2  -I/home/administrator/walletbuilders/build_environment/blackcoin/2.13.2.8/depends/x86_64-pc-linux-gnu/include/  -DHAVE_BUILD_INFO -D__STDC_FORMAT_MACROS conftest.cpp >&5
conftest.cpp:57:18: fatal error: db62/db_cxx.h: No such file or directory
         #include <db62/db_cxx.h>
                  ^~~~~~~~~~~~~~~
compilation terminated.
configure:23275: $? = 1
configure: failed program was:
| /* confdefs.h */
| #define PACKAGE_NAME "Fireants"
| #define PACKAGE_TARNAME "fireants"
| #define PACKAGE_VERSION "1.0.0"
| #define PACKAGE_STRING "Fireants 1.0.0"
| #define PACKAGE_BUGREPORT "https://github.com/hgr3dsm"
| #define PACKAGE_URL ""
| #define HAVE_CXX11 1
| #define STDC_HEADERS 1
| #define HAVE_SYS_TYPES_H 1
| #define HAVE_SYS_STAT_H 1
| #define HAVE_STDLIB_H 1
| #define HAVE_STRING_H 1
| #define HAVE_MEMORY_H 1
| #define HAVE_STRINGS_H 1
| #define HAVE_INTTYPES_H 1
| #define HAVE_STDINT_H 1
| #define HAVE_UNISTD_H 1
| #define HAVE_DLFCN_H 1
| #define LT_OBJDIR ".libs/"
| #define HAVE_PTHREAD_PRIO_INHERIT 1
| #define HAVE_PTHREAD 1
| #define HAVE_DECL_STRERROR_R 1
| #define HAVE_STRERROR_R 1
| #define STRERROR_R_CHAR_P 1
| #define HAVE_FUNC_ATTRIBUTE_VISIBILITY 1
| #define HAVE_ENDIAN_H 1
| #define HAVE_BYTESWAP_H 1
| #define HAVE_STDIO_H 1
| #define HAVE_STDLIB_H 1
| #define HAVE_UNISTD_H 1
| #define HAVE_STRINGS_H 1
| #define HAVE_SYS_TYPES_H 1
| #define HAVE_SYS_STAT_H 1
| #define HAVE_SYS_SELECT_H 1
| #define HAVE_SYS_PRCTL_H 1
| #define HAVE_DECL_STRNLEN 1
| #define HAVE_DECL_LE16TOH 1
| #define HAVE_DECL_LE32TOH 1
| #define HAVE_DECL_LE64TOH 1
| #define HAVE_DECL_HTOLE16 1
| #define HAVE_DECL_HTOLE32 1
| #define HAVE_DECL_HTOLE64 1
| #define HAVE_DECL_BE16TOH 1
| #define HAVE_DECL_BE32TOH 1
| #define HAVE_DECL_BE64TOH 1
| #define HAVE_DECL_HTOBE16 1
| #define HAVE_DECL_HTOBE32 1
| #define HAVE_DECL_HTOBE64 1
| #define HAVE_DECL_BSWAP_16 1
| #define HAVE_DECL_BSWAP_32 1
| #define HAVE_DECL_BSWAP_64 1
| #define HAVE_MSG_NOSIGNAL 1
| #define HAVE_VISIBILITY_ATTRIBUTE 1
| /* end confdefs.h.  */
| 
|         #include <db62/db_cxx.h>
| 
| int
| main ()
| {
| 
|         #if !((DB_VERSION_MAJOR == 6 && DB_VERSION_MINOR >= 2) || DB_VERSION_MAJOR < 6 || DB_VERSION_MAJOR > 6)
|           #error "failed to find bdb 6.2+"
|         #endif
| 
|   ;
|   return 0;
| }
configure:23275: g++ -m64 -std=c++11 -c -pipe -O2  -I/home/administrator/walletbuilders/build_environment/blackcoin/2.13.2.8/depends/x86_64-pc-linux-gnu/include/  -DHAVE_BUILD_INFO -D__STDC_FORMAT_MACROS conftest.cpp >&5
conftest.cpp:57:18: fatal error: bdb6/db_cxx.h: No such file or directory
         #include <bdb6/db_cxx.h>
                  ^~~~~~~~~~~~~~~
compilation terminated.
configure:23275: $? = 1
configure: failed program was:
| /* confdefs.h */
| #define PACKAGE_NAME "Fireants"
| #define PACKAGE_TARNAME "fireants"
| #define PACKAGE_VERSION "1.0.0"
| #define PACKAGE_STRING "Fireants 1.0.0"
| #define PACKAGE_BUGREPORT "https://github.com/hgr3dsm"
| #define PACKAGE_URL ""
| #define HAVE_CXX11 1
| #define STDC_HEADERS 1
| #define HAVE_SYS_TYPES_H 1
| #define HAVE_SYS_STAT_H 1
| #define HAVE_STDLIB_H 1
| #define HAVE_STRING_H 1
| #define HAVE_MEMORY_H 1
| #define HAVE_STRINGS_H 1
| #define HAVE_INTTYPES_H 1
| #define HAVE_STDINT_H 1
| #define HAVE_UNISTD_H 1
| #define HAVE_DLFCN_H 1
| #define LT_OBJDIR ".libs/"
| #define HAVE_PTHREAD_PRIO_INHERIT 1
| #define HAVE_PTHREAD 1
| #define HAVE_DECL_STRERROR_R 1
| #define HAVE_STRERROR_R 1
| #define STRERROR_R_CHAR_P 1
| #define HAVE_FUNC_ATTRIBUTE_VISIBILITY 1
| #define HAVE_ENDIAN_H 1
| #define HAVE_BYTESWAP_H 1
| #define HAVE_STDIO_H 1
| #define HAVE_STDLIB_H 1
| #define HAVE_UNISTD_H 1
| #define HAVE_STRINGS_H 1
| #define HAVE_SYS_TYPES_H 1
| #define HAVE_SYS_STAT_H 1
| #define HAVE_SYS_SELECT_H 1
| #define HAVE_SYS_PRCTL_H 1
| #define HAVE_DECL_STRNLEN 1
| #define HAVE_DECL_LE16TOH 1
| #define HAVE_DECL_LE32TOH 1
| #define HAVE_DECL_LE64TOH 1
| #define HAVE_DECL_HTOLE16 1
| #define HAVE_DECL_HTOLE32 1
| #define HAVE_DECL_HTOLE64 1
| #define HAVE_DECL_BE16TOH 1
| #define HAVE_DECL_BE32TOH 1
| #define HAVE_DECL_BE64TOH 1
| #define HAVE_DECL_HTOBE16 1
| #define HAVE_DECL_HTOBE32 1
| #define HAVE_DECL_HTOBE64 1
| #define HAVE_DECL_BSWAP_16 1
| #define HAVE_DECL_BSWAP_32 1
| #define HAVE_DECL_BSWAP_64 1
| #define HAVE_MSG_NOSIGNAL 1
| #define HAVE_VISIBILITY_ATTRIBUTE 1
| /* end confdefs.h.  */
| 
|         #include <bdb6/db_cxx.h>
| 
| int
| main ()
| {
| 
|         #if !((DB_VERSION_MAJOR == 6 && DB_VERSION_MINOR >= 2) || DB_VERSION_MAJOR < 6 || DB_VERSION_MAJOR > 6)
|           #error "failed to find bdb 6.2+"
|         #endif
| 
|   ;
|   return 0;
| }
configure:23275: g++ -m64 -std=c++11 -c -pipe -O2  -I/home/administrator/walletbuilders/build_environment/blackcoin/2.13.2.8/depends/x86_64-pc-linux-gnu/include/  -DHAVE_BUILD_INFO -D__STDC_FORMAT_MACROS conftest.cpp >&5
conftest.cpp:57:18: fatal error: libdb6/db_cxx.h: No such file or directory
         #include <libdb6/db_cxx.h>
                  ^~~~~~~~~~~~~~~~~
compilation terminated.
configure:23275: $? = 1
configure: failed program was:
| /* confdefs.h */
| #define PACKAGE_NAME "Fireants"
| #define PACKAGE_TARNAME "fireants"
| #define PACKAGE_VERSION "1.0.0"
| #define PACKAGE_STRING "Fireants 1.0.0"
| #define PACKAGE_BUGREPORT "https://github.com/hgr3dsm"
| #define PACKAGE_URL ""
| #define HAVE_CXX11 1
| #define STDC_HEADERS 1
| #define HAVE_SYS_TYPES_H 1
| #define HAVE_SYS_STAT_H 1
| #define HAVE_STDLIB_H 1
| #define HAVE_STRING_H 1
| #define HAVE_MEMORY_H 1
| #define HAVE_STRINGS_H 1
| #define HAVE_INTTYPES_H 1
| #define HAVE_STDINT_H 1
| #define HAVE_UNISTD_H 1
| #define HAVE_DLFCN_H 1
| #define LT_OBJDIR ".libs/"
| #define HAVE_PTHREAD_PRIO_INHERIT 1
| #define HAVE_PTHREAD 1
| #define HAVE_DECL_STRERROR_R 1
| #define HAVE_STRERROR_R 1
| #define STRERROR_R_CHAR_P 1
| #define HAVE_FUNC_ATTRIBUTE_VISIBILITY 1
| #define HAVE_ENDIAN_H 1
| #define HAVE_BYTESWAP_H 1
| #define HAVE_STDIO_H 1
| #define HAVE_STDLIB_H 1
| #define HAVE_UNISTD_H 1
| #define HAVE_STRINGS_H 1
| #define HAVE_SYS_TYPES_H 1
| #define HAVE_SYS_STAT_H 1
| #define HAVE_SYS_SELECT_H 1
| #define HAVE_SYS_PRCTL_H 1
| #define HAVE_DECL_STRNLEN 1
| #define HAVE_DECL_LE16TOH 1
| #define HAVE_DECL_LE32TOH 1
| #define HAVE_DECL_LE64TOH 1
| #define HAVE_DECL_HTOLE16 1
| #define HAVE_DECL_HTOLE32 1
| #define HAVE_DECL_HTOLE64 1
| #define HAVE_DECL_BE16TOH 1
| #define HAVE_DECL_BE32TOH 1
| #define HAVE_DECL_BE64TOH 1
| #define HAVE_DECL_HTOBE16 1
| #define HAVE_DECL_HTOBE32 1
| #define HAVE_DECL_HTOBE64 1
| #define HAVE_DECL_BSWAP_16 1
| #define HAVE_DECL_BSWAP_32 1
| #define HAVE_DECL_BSWAP_64 1
| #define HAVE_MSG_NOSIGNAL 1
| #define HAVE_VISIBILITY_ATTRIBUTE 1
| /* end confdefs.h.  */
| 
|         #include <libdb6/db_cxx.h>
| 
| int
| main ()
| {
| 
|         #if !((DB_VERSION_MAJOR == 6 && DB_VERSION_MINOR >= 2) || DB_VERSION_MAJOR < 6 || DB_VERSION_MAJOR > 6)
|           #error "failed to find bdb 6.2+"
|         #endif
| 
|   ;
|   return 0;
| }
configure:23275: g++ -m64 -std=c++11 -c -pipe -O2  -I/home/administrator/walletbuilders/build_environment/blackcoin/2.13.2.8/depends/x86_64-pc-linux-gnu/include/  -DHAVE_BUILD_INFO -D__STDC_FORMAT_MACROS conftest.cpp >&5
conftest.cpp:57:18: fatal error: db6/db_cxx.h: No such file or directory
         #include <db6/db_cxx.h>
                  ^~~~~~~~~~~~~~
compilation terminated.
configure:23275: $? = 1
configure: failed program was:
| /* confdefs.h */
| #define PACKAGE_NAME "Fireants"
| #define PACKAGE_TARNAME "fireants"
| #define PACKAGE_VERSION "1.0.0"
| #define PACKAGE_STRING "Fireants 1.0.0"
| #define PACKAGE_BUGREPORT "https://github.com/hgr3dsm"
| #define PACKAGE_URL ""
| #define HAVE_CXX11 1
| #define STDC_HEADERS 1
| #define HAVE_SYS_TYPES_H 1
| #define HAVE_SYS_STAT_H 1
| #define HAVE_STDLIB_H 1
| #define HAVE_STRING_H 1
| #define HAVE_MEMORY_H 1
| #define HAVE_STRINGS_H 1
| #define HAVE_INTTYPES_H 1
| #define HAVE_STDINT_H 1
| #define HAVE_UNISTD_H 1
| #define HAVE_DLFCN_H 1
| #define LT_OBJDIR ".libs/"
| #define HAVE_PTHREAD_PRIO_INHERIT 1
| #define HAVE_PTHREAD 1
| #define HAVE_DECL_STRERROR_R 1
| #define HAVE_STRERROR_R 1
| #define STRERROR_R_CHAR_P 1
| #define HAVE_FUNC_ATTRIBUTE_VISIBILITY 1
| #define HAVE_ENDIAN_H 1
| #define HAVE_BYTESWAP_H 1
| #define HAVE_STDIO_H 1
| #define HAVE_STDLIB_H 1
| #define HAVE_UNISTD_H 1
| #define HAVE_STRINGS_H 1
| #define HAVE_SYS_TYPES_H 1
| #define HAVE_SYS_STAT_H 1
| #define HAVE_SYS_SELECT_H 1
| #define HAVE_SYS_PRCTL_H 1
| #define HAVE_DECL_STRNLEN 1
| #define HAVE_DECL_LE16TOH 1
| #define HAVE_DECL_LE32TOH 1
| #define HAVE_DECL_LE64TOH 1
| #define HAVE_DECL_HTOLE16 1
| #define HAVE_DECL_HTOLE32 1
| #define HAVE_DECL_HTOLE64 1
| #define HAVE_DECL_BE16TOH 1
| #define HAVE_DECL_BE32TOH 1
| #define HAVE_DECL_BE64TOH 1
| #define HAVE_DECL_HTOBE16 1
| #define HAVE_DECL_HTOBE32 1
| #define HAVE_DECL_HTOBE64 1
| #define HAVE_DECL_BSWAP_16 1
| #define HAVE_DECL_BSWAP_32 1
| #define HAVE_DECL_BSWAP_64 1
| #define HAVE_MSG_NOSIGNAL 1
| #define HAVE_VISIBILITY_ATTRIBUTE 1
| /* end confdefs.h.  */
| 
|         #include <db6/db_cxx.h>
| 
| int
| main ()
| {
| 
|         #if !((DB_VERSION_MAJOR == 6 && DB_VERSION_MINOR >= 2) || DB_VERSION_MAJOR < 6 || DB_VERSION_MAJOR > 6)
|           #error "failed to find bdb 6.2+"
|         #endif
| 
|   ;
|   return 0;
| }
configure:23275: g++ -m64 -std=c++11 -c -pipe -O2  -I/home/administrator/walletbuilders/build_environment/blackcoin/2.13.2.8/depends/x86_64-pc-linux-gnu/include/  -DHAVE_BUILD_INFO -D__STDC_FORMAT_MACROS conftest.cpp >&5
conftest.cpp:57:18: fatal error: bdb5/db_cxx.h: No such file or directory
         #include <bdb5/db_cxx.h>
                  ^~~~~~~~~~~~~~~
compilation terminated.
configure:23275: $? = 1
configure: failed program was:
| /* confdefs.h */
| #define PACKAGE_NAME "Fireants"
| #define PACKAGE_TARNAME "fireants"
| #define PACKAGE_VERSION "1.0.0"
| #define PACKAGE_STRING "Fireants 1.0.0"
| #define PACKAGE_BUGREPORT "https://github.com/hgr3dsm"
| #define PACKAGE_URL ""
| #define HAVE_CXX11 1
| #define STDC_HEADERS 1
| #define HAVE_SYS_TYPES_H 1
| #define HAVE_SYS_STAT_H 1
| #define HAVE_STDLIB_H 1
| #define HAVE_STRING_H 1
| #define HAVE_MEMORY_H 1
| #define HAVE_STRINGS_H 1
| #define HAVE_INTTYPES_H 1
| #define HAVE_STDINT_H 1
| #define HAVE_UNISTD_H 1
| #define HAVE_DLFCN_H 1
| #define LT_OBJDIR ".libs/"
| #define HAVE_PTHREAD_PRIO_INHERIT 1
| #define HAVE_PTHREAD 1
| #define HAVE_DECL_STRERROR_R 1
| #define HAVE_STRERROR_R 1
| #define STRERROR_R_CHAR_P 1
| #define HAVE_FUNC_ATTRIBUTE_VISIBILITY 1
| #define HAVE_ENDIAN_H 1
| #define HAVE_BYTESWAP_H 1
| #define HAVE_STDIO_H 1
| #define HAVE_STDLIB_H 1
| #define HAVE_UNISTD_H 1
| #define HAVE_STRINGS_H 1
| #define HAVE_SYS_TYPES_H 1
| #define HAVE_SYS_STAT_H 1
| #define HAVE_SYS_SELECT_H 1
| #define HAVE_SYS_PRCTL_H 1
| #define HAVE_DECL_STRNLEN 1
| #define HAVE_DECL_LE16TOH 1
| #define HAVE_DECL_LE32TOH 1
| #define HAVE_DECL_LE64TOH 1
| #define HAVE_DECL_HTOLE16 1
| #define HAVE_DECL_HTOLE32 1
| #define HAVE_DECL_HTOLE64 1
| #define HAVE_DECL_BE16TOH 1
| #define HAVE_DECL_BE32TOH 1
| #define HAVE_DECL_BE64TOH 1
| #define HAVE_DECL_HTOBE16 1
| #define HAVE_DECL_HTOBE32 1
| #define HAVE_DECL_HTOBE64 1
| #define HAVE_DECL_BSWAP_16 1
| #define HAVE_DECL_BSWAP_32 1
| #define HAVE_DECL_BSWAP_64 1
| #define HAVE_MSG_NOSIGNAL 1
| #define HAVE_VISIBILITY_ATTRIBUTE 1
| /* end confdefs.h.  */
| 
|         #include <bdb5/db_cxx.h>
| 
| int
| main ()
| {
| 
|         #if !((DB_VERSION_MAJOR == 6 && DB_VERSION_MINOR >= 2) || DB_VERSION_MAJOR < 6 || DB_VERSION_MAJOR > 6)
|           #error "failed to find bdb 6.2+"
|         #endif
| 
|   ;
|   return 0;
| }
configure:23275: g++ -m64 -std=c++11 -c -pipe -O2  -I/home/administrator/walletbuilders/build_environment/blackcoin/2.13.2.8/depends/x86_64-pc-linux-gnu/include/  -DHAVE_BUILD_INFO -D__STDC_FORMAT_MACROS conftest.cpp >&5
conftest.cpp:57:18: fatal error: libdb5/db_cxx.h: No such file or directory
         #include <libdb5/db_cxx.h>
                  ^~~~~~~~~~~~~~~~~
compilation terminated.
configure:23275: $? = 1
configure: failed program was:
| /* confdefs.h */
| #define PACKAGE_NAME "Fireants"
| #define PACKAGE_TARNAME "fireants"
| #define PACKAGE_VERSION "1.0.0"
| #define PACKAGE_STRING "Fireants 1.0.0"
| #define PACKAGE_BUGREPORT "https://github.com/hgr3dsm"
| #define PACKAGE_URL ""
| #define HAVE_CXX11 1
| #define STDC_HEADERS 1
| #define HAVE_SYS_TYPES_H 1
| #define HAVE_SYS_STAT_H 1
| #define HAVE_STDLIB_H 1
| #define HAVE_STRING_H 1
| #define HAVE_MEMORY_H 1
| #define HAVE_STRINGS_H 1
| #define HAVE_INTTYPES_H 1
| #define HAVE_STDINT_H 1
| #define HAVE_UNISTD_H 1
| #define HAVE_DLFCN_H 1
| #define LT_OBJDIR ".libs/"
| #define HAVE_PTHREAD_PRIO_INHERIT 1
| #define HAVE_PTHREAD 1
| #define HAVE_DECL_STRERROR_R 1
| #define HAVE_STRERROR_R 1
| #define STRERROR_R_CHAR_P 1
| #define HAVE_FUNC_ATTRIBUTE_VISIBILITY 1
| #define HAVE_ENDIAN_H 1
| #define HAVE_BYTESWAP_H 1
| #define HAVE_STDIO_H 1
| #define HAVE_STDLIB_H 1
| #define HAVE_UNISTD_H 1
| #define HAVE_STRINGS_H 1
| #define HAVE_SYS_TYPES_H 1
| #define HAVE_SYS_STAT_H 1
| #define HAVE_SYS_SELECT_H 1
| #define HAVE_SYS_PRCTL_H 1
| #define HAVE_DECL_STRNLEN 1
| #define HAVE_DECL_LE16TOH 1
| #define HAVE_DECL_LE32TOH 1
| #define HAVE_DECL_LE64TOH 1
| #define HAVE_DECL_HTOLE16 1
| #define HAVE_DECL_HTOLE32 1
| #define HAVE_DECL_HTOLE64 1
| #define HAVE_DECL_BE16TOH 1
| #define HAVE_DECL_BE32TOH 1
| #define HAVE_DECL_BE64TOH 1
| #define HAVE_DECL_HTOBE16 1
| #define HAVE_DECL_HTOBE32 1
| #define HAVE_DECL_HTOBE64 1
| #define HAVE_DECL_BSWAP_16 1
| #define HAVE_DECL_BSWAP_32 1
| #define HAVE_DECL_BSWAP_64 1
| #define HAVE_MSG_NOSIGNAL 1
| #define HAVE_VISIBILITY_ATTRIBUTE 1
| /* end confdefs.h.  */
| 
|         #include <libdb5/db_cxx.h>
| 
| int
| main ()
| {
| 
|         #if !((DB_VERSION_MAJOR == 6 && DB_VERSION_MINOR >= 2) || DB_VERSION_MAJOR < 6 || DB_VERSION_MAJOR > 6)
|           #error "failed to find bdb 6.2+"
|         #endif
| 
|   ;
|   return 0;
| }
configure:23275: g++ -m64 -std=c++11 -c -pipe -O2  -I/home/administrator/walletbuilders/build_environment/blackcoin/2.13.2.8/depends/x86_64-pc-linux-gnu/include/  -DHAVE_BUILD_INFO -D__STDC_FORMAT_MACROS conftest.cpp >&5
conftest.cpp:57:18: fatal error: db5/db_cxx.h: No such file or directory
         #include <db5/db_cxx.h>
                  ^~~~~~~~~~~~~~
compilation terminated.
configure:23275: $? = 1
configure: failed program was:
| /* confdefs.h */
| #define PACKAGE_NAME "Fireants"
| #define PACKAGE_TARNAME "fireants"
| #define PACKAGE_VERSION "1.0.0"
| #define PACKAGE_STRING "Fireants 1.0.0"
| #define PACKAGE_BUGREPORT "https://github.com/hgr3dsm"
| #define PACKAGE_URL ""
| #define HAVE_CXX11 1
| #define STDC_HEADERS 1
| #define HAVE_SYS_TYPES_H 1
| #define HAVE_SYS_STAT_H 1
| #define HAVE_STDLIB_H 1
| #define HAVE_STRING_H 1
| #define HAVE_MEMORY_H 1
| #define HAVE_STRINGS_H 1
| #define HAVE_INTTYPES_H 1
| #define HAVE_STDINT_H 1
| #define HAVE_UNISTD_H 1
| #define HAVE_DLFCN_H 1
| #define LT_OBJDIR ".libs/"
| #define HAVE_PTHREAD_PRIO_INHERIT 1
| #define HAVE_PTHREAD 1
| #define HAVE_DECL_STRERROR_R 1
| #define HAVE_STRERROR_R 1
| #define STRERROR_R_CHAR_P 1
| #define HAVE_FUNC_ATTRIBUTE_VISIBILITY 1
| #define HAVE_ENDIAN_H 1
| #define HAVE_BYTESWAP_H 1
| #define HAVE_STDIO_H 1
| #define HAVE_STDLIB_H 1
| #define HAVE_UNISTD_H 1
| #define HAVE_STRINGS_H 1
| #define HAVE_SYS_TYPES_H 1
| #define HAVE_SYS_STAT_H 1
| #define HAVE_SYS_SELECT_H 1
| #define HAVE_SYS_PRCTL_H 1
| #define HAVE_DECL_STRNLEN 1
| #define HAVE_DECL_LE16TOH 1
| #define HAVE_DECL_LE32TOH 1
| #define HAVE_DECL_LE64TOH 1
| #define HAVE_DECL_HTOLE16 1
| #define HAVE_DECL_HTOLE32 1
| #define HAVE_DECL_HTOLE64 1
| #define HAVE_DECL_BE16TOH 1
| #define HAVE_DECL_BE32TOH 1
| #define HAVE_DECL_BE64TOH 1
| #define HAVE_DECL_HTOBE16 1
| #define HAVE_DECL_HTOBE32 1
| #define HAVE_DECL_HTOBE64 1
| #define HAVE_DECL_BSWAP_16 1
| #define HAVE_DECL_BSWAP_32 1
| #define HAVE_DECL_BSWAP_64 1
| #define HAVE_MSG_NOSIGNAL 1
| #define HAVE_VISIBILITY_ATTRIBUTE 1
| /* end confdefs.h.  */
| 
|         #include <db5/db_cxx.h>
| 
| int
| main ()
| {
| 
|         #if !((DB_VERSION_MAJOR == 6 && DB_VERSION_MINOR >= 2) || DB_VERSION_MAJOR < 6 || DB_VERSION_MAJOR > 6)
|           #error "failed to find bdb 6.2+"
|         #endif
| 
|   ;
|   return 0;
| }
configure:23275: g++ -m64 -std=c++11 -c -pipe -O2  -I/home/administrator/walletbuilders/build_environment/blackcoin/2.13.2.8/depends/x86_64-pc-linux-gnu/include/  -DHAVE_BUILD_INFO -D__STDC_FORMAT_MACROS conftest.cpp >&5
conftest.cpp:57:18: fatal error: bdb5.3/db_cxx.h: No such file or directory
         #include <bdb5.3/db_cxx.h>
                  ^~~~~~~~~~~~~~~~~
compilation terminated.
configure:23275: $? = 1
configure: failed program was:
| /* confdefs.h */
| #define PACKAGE_NAME "Fireants"
| #define PACKAGE_TARNAME "fireants"
| #define PACKAGE_VERSION "1.0.0"
| #define PACKAGE_STRING "Fireants 1.0.0"
| #define PACKAGE_BUGREPORT "https://github.com/hgr3dsm"
| #define PACKAGE_URL ""
| #define HAVE_CXX11 1
| #define STDC_HEADERS 1
| #define HAVE_SYS_TYPES_H 1
| #define HAVE_SYS_STAT_H 1
| #define HAVE_STDLIB_H 1
| #define HAVE_STRING_H 1
| #define HAVE_MEMORY_H 1
| #define HAVE_STRINGS_H 1
| #define HAVE_INTTYPES_H 1
| #define HAVE_STDINT_H 1
| #define HAVE_UNISTD_H 1
| #define HAVE_DLFCN_H 1
| #define LT_OBJDIR ".libs/"
| #define HAVE_PTHREAD_PRIO_INHERIT 1
| #define HAVE_PTHREAD 1
| #define HAVE_DECL_STRERROR_R 1
| #define HAVE_STRERROR_R 1
| #define STRERROR_R_CHAR_P 1
| #define HAVE_FUNC_ATTRIBUTE_VISIBILITY 1
| #define HAVE_ENDIAN_H 1
| #define HAVE_BYTESWAP_H 1
| #define HAVE_STDIO_H 1
| #define HAVE_STDLIB_H 1
| #define HAVE_UNISTD_H 1
| #define HAVE_STRINGS_H 1
| #define HAVE_SYS_TYPES_H 1
| #define HAVE_SYS_STAT_H 1
| #define HAVE_SYS_SELECT_H 1
| #define HAVE_SYS_PRCTL_H 1
| #define HAVE_DECL_STRNLEN 1
| #define HAVE_DECL_LE16TOH 1
| #define HAVE_DECL_LE32TOH 1
| #define HAVE_DECL_LE64TOH 1
| #define HAVE_DECL_HTOLE16 1
| #define HAVE_DECL_HTOLE32 1
| #define HAVE_DECL_HTOLE64 1
| #define HAVE_DECL_BE16TOH 1
| #define HAVE_DECL_BE32TOH 1
| #define HAVE_DECL_BE64TOH 1
| #define HAVE_DECL_HTOBE16 1
| #define HAVE_DECL_HTOBE32 1
| #define HAVE_DECL_HTOBE64 1
| #define HAVE_DECL_BSWAP_16 1
| #define HAVE_DECL_BSWAP_32 1
| #define HAVE_DECL_BSWAP_64 1
| #define HAVE_MSG_NOSIGNAL 1
| #define HAVE_VISIBILITY_ATTRIBUTE 1
| /* end confdefs.h.  */
| 
|         #include <bdb5.3/db_cxx.h>
| 
| int
| main ()
| {
| 
|         #if !((DB_VERSION_MAJOR == 6 && DB_VERSION_MINOR >= 2) || DB_VERSION_MAJOR < 6 || DB_VERSION_MAJOR > 6)
|           #error "failed to find bdb 6.2+"
|         #endif
| 
|   ;
|   return 0;
| }
configure:23275: g++ -m64 -std=c++11 -c -pipe -O2  -I/home/administrator/walletbuilders/build_environment/blackcoin/2.13.2.8/depends/x86_64-pc-linux-gnu/include/  -DHAVE_BUILD_INFO -D__STDC_FORMAT_MACROS conftest.cpp >&5
conftest.cpp:57:18: fatal error: libdb5.3/db_cxx.h: No such file or directory
         #include <libdb5.3/db_cxx.h>
                  ^~~~~~~~~~~~~~~~~~~
compilation terminated.
configure:23275: $? = 1
configure: failed program was:
| /* confdefs.h */
| #define PACKAGE_NAME "Fireants"
| #define PACKAGE_TARNAME "fireants"
| #define PACKAGE_VERSION "1.0.0"
| #define PACKAGE_STRING "Fireants 1.0.0"
| #define PACKAGE_BUGREPORT "https://github.com/hgr3dsm"
| #define PACKAGE_URL ""
| #define HAVE_CXX11 1
| #define STDC_HEADERS 1
| #define HAVE_SYS_TYPES_H 1
| #define HAVE_SYS_STAT_H 1
| #define HAVE_STDLIB_H 1
| #define HAVE_STRING_H 1
| #define HAVE_MEMORY_H 1
| #define HAVE_STRINGS_H 1
| #define HAVE_INTTYPES_H 1
| #define HAVE_STDINT_H 1
| #define HAVE_UNISTD_H 1
| #define HAVE_DLFCN_H 1
| #define LT_OBJDIR ".libs/"
| #define HAVE_PTHREAD_PRIO_INHERIT 1
| #define HAVE_PTHREAD 1
| #define HAVE_DECL_STRERROR_R 1
| #define HAVE_STRERROR_R 1
| #define STRERROR_R_CHAR_P 1
| #define HAVE_FUNC_ATTRIBUTE_VISIBILITY 1
| #define HAVE_ENDIAN_H 1
| #define HAVE_BYTESWAP_H 1
| #define HAVE_STDIO_H 1
| #define HAVE_STDLIB_H 1
| #define HAVE_UNISTD_H 1
| #define HAVE_STRINGS_H 1
| #define HAVE_SYS_TYPES_H 1
| #define HAVE_SYS_STAT_H 1
| #define HAVE_SYS_SELECT_H 1
| #define HAVE_SYS_PRCTL_H 1
| #define HAVE_DECL_STRNLEN 1
| #define HAVE_DECL_LE16TOH 1
| #define HAVE_DECL_LE32TOH 1
| #define HAVE_DECL_LE64TOH 1
| #define HAVE_DECL_HTOLE16 1
| #define HAVE_DECL_HTOLE32 1
| #define HAVE_DECL_HTOLE64 1
| #define HAVE_DECL_BE16TOH 1
| #define HAVE_DECL_BE32TOH 1
| #define HAVE_DECL_BE64TOH 1
| #define HAVE_DECL_HTOBE16 1
| #define HAVE_DECL_HTOBE32 1
| #define HAVE_DECL_HTOBE64 1
| #define HAVE_DECL_BSWAP_16 1
| #define HAVE_DECL_BSWAP_32 1
| #define HAVE_DECL_BSWAP_64 1
| #define HAVE_MSG_NOSIGNAL 1
| #define HAVE_VISIBILITY_ATTRIBUTE 1
| /* end confdefs.h.  */
| 
|         #include <libdb5.3/db_cxx.h>
| 
| int
| main ()
| {
| 
|         #if !((DB_VERSION_MAJOR == 6 && DB_VERSION_MINOR >= 2) || DB_VERSION_MAJOR < 6 || DB_VERSION_MAJOR > 6)
|           #error "failed to find bdb 6.2+"
|         #endif
| 
|   ;
|   return 0;
| }
configure:23275: g++ -m64 -std=c++11 -c -pipe -O2  -I/home/administrator/walletbuilders/build_environment/blackcoin/2.13.2.8/depends/x86_64-pc-linux-gnu/include/  -DHAVE_BUILD_INFO -D__STDC_FORMAT_MACROS conftest.cpp >&5
conftest.cpp:57:18: fatal error: db5.3/db_cxx.h: No such file or directory
         #include <db5.3/db_cxx.h>
                  ^~~~~~~~~~~~~~~~
compilation terminated.
configure:23275: $? = 1
configure: failed program was:
| /* confdefs.h */
| #define PACKAGE_NAME "Fireants"
| #define PACKAGE_TARNAME "fireants"
| #define PACKAGE_VERSION "1.0.0"
| #define PACKAGE_STRING "Fireants 1.0.0"
| #define PACKAGE_BUGREPORT "https://github.com/hgr3dsm"
| #define PACKAGE_URL ""
| #define HAVE_CXX11 1
| #define STDC_HEADERS 1
| #define HAVE_SYS_TYPES_H 1
| #define HAVE_SYS_STAT_H 1
| #define HAVE_STDLIB_H 1
| #define HAVE_STRING_H 1
| #define HAVE_MEMORY_H 1
| #define HAVE_STRINGS_H 1
| #define HAVE_INTTYPES_H 1
| #define HAVE_STDINT_H 1
| #define HAVE_UNISTD_H 1
| #define HAVE_DLFCN_H 1
| #define LT_OBJDIR ".libs/"
| #define HAVE_PTHREAD_PRIO_INHERIT 1
| #define HAVE_PTHREAD 1
| #define HAVE_DECL_STRERROR_R 1
| #define HAVE_STRERROR_R 1
| #define STRERROR_R_CHAR_P 1
| #define HAVE_FUNC_ATTRIBUTE_VISIBILITY 1
| #define HAVE_ENDIAN_H 1
| #define HAVE_BYTESWAP_H 1
| #define HAVE_STDIO_H 1
| #define HAVE_STDLIB_H 1
| #define HAVE_UNISTD_H 1
| #define HAVE_STRINGS_H 1
| #define HAVE_SYS_TYPES_H 1
| #define HAVE_SYS_STAT_H 1
| #define HAVE_SYS_SELECT_H 1
| #define HAVE_SYS_PRCTL_H 1
| #define HAVE_DECL_STRNLEN 1
| #define HAVE_DECL_LE16TOH 1
| #define HAVE_DECL_LE32TOH 1
| #define HAVE_DECL_LE64TOH 1
| #define HAVE_DECL_HTOLE16 1
| #define HAVE_DECL_HTOLE32 1
| #define HAVE_DECL_HTOLE64 1
| #define HAVE_DECL_BE16TOH 1
| #define HAVE_DECL_BE32TOH 1
| #define HAVE_DECL_BE64TOH 1
| #define HAVE_DECL_HTOBE16 1
| #define HAVE_DECL_HTOBE32 1
| #define HAVE_DECL_HTOBE64 1
| #define HAVE_DECL_BSWAP_16 1
| #define HAVE_DECL_BSWAP_32 1
| #define HAVE_DECL_BSWAP_64 1
| #define HAVE_MSG_NOSIGNAL 1
| #define HAVE_VISIBILITY_ATTRIBUTE 1
| /* end confdefs.h.  */
| 
|         #include <db5.3/db_cxx.h>
| 
| int
| main ()
| {
| 
|         #if !((DB_VERSION_MAJOR == 6 && DB_VERSION_MINOR >= 2) || DB_VERSION_MAJOR < 6 || DB_VERSION_MAJOR > 6)
|           #error "failed to find bdb 6.2+"
|         #endif
| 
|   ;
|   return 0;
| }
configure:23275: g++ -m64 -std=c++11 -c -pipe -O2  -I/home/administrator/walletbuilders/build_environment/blackcoin/2.13.2.8/depends/x86_64-pc-linux-gnu/include/  -DHAVE_BUILD_INFO -D__STDC_FORMAT_MACROS conftest.cpp >&5
conftest.cpp:57:18: fatal error: bdb/db_cxx.h: No such file or directory
         #include <bdb/db_cxx.h>
                  ^~~~~~~~~~~~~~
compilation terminated.
configure:23275: $? = 1
configure: failed program was:
| /* confdefs.h */
| #define PACKAGE_NAME "Fireants"
| #define PACKAGE_TARNAME "fireants"
| #define PACKAGE_VERSION "1.0.0"
| #define PACKAGE_STRING "Fireants 1.0.0"
| #define PACKAGE_BUGREPORT "https://github.com/hgr3dsm"
| #define PACKAGE_URL ""
| #define HAVE_CXX11 1
| #define STDC_HEADERS 1
| #define HAVE_SYS_TYPES_H 1
| #define HAVE_SYS_STAT_H 1
| #define HAVE_STDLIB_H 1
| #define HAVE_STRING_H 1
| #define HAVE_MEMORY_H 1
| #define HAVE_STRINGS_H 1
| #define HAVE_INTTYPES_H 1
| #define HAVE_STDINT_H 1
| #define HAVE_UNISTD_H 1
| #define HAVE_DLFCN_H 1
| #define LT_OBJDIR ".libs/"
| #define HAVE_PTHREAD_PRIO_INHERIT 1
| #define HAVE_PTHREAD 1
| #define HAVE_DECL_STRERROR_R 1
| #define HAVE_STRERROR_R 1
| #define STRERROR_R_CHAR_P 1
| #define HAVE_FUNC_ATTRIBUTE_VISIBILITY 1
| #define HAVE_ENDIAN_H 1
| #define HAVE_BYTESWAP_H 1
| #define HAVE_STDIO_H 1
| #define HAVE_STDLIB_H 1
| #define HAVE_UNISTD_H 1
| #define HAVE_STRINGS_H 1
| #define HAVE_SYS_TYPES_H 1
| #define HAVE_SYS_STAT_H 1
| #define HAVE_SYS_SELECT_H 1
| #define HAVE_SYS_PRCTL_H 1
| #define HAVE_DECL_STRNLEN 1
| #define HAVE_DECL_LE16TOH 1
| #define HAVE_DECL_LE32TOH 1
| #define HAVE_DECL_LE64TOH 1
| #define HAVE_DECL_HTOLE16 1
| #define HAVE_DECL_HTOLE32 1
| #define HAVE_DECL_HTOLE64 1
| #define HAVE_DECL_BE16TOH 1
| #define HAVE_DECL_BE32TOH 1
| #define HAVE_DECL_BE64TOH 1
| #define HAVE_DECL_HTOBE16 1
| #define HAVE_DECL_HTOBE32 1
| #define HAVE_DECL_HTOBE64 1
| #define HAVE_DECL_BSWAP_16 1
| #define HAVE_DECL_BSWAP_32 1
| #define HAVE_DECL_BSWAP_64 1
| #define HAVE_MSG_NOSIGNAL 1
| #define HAVE_VISIBILITY_ATTRIBUTE 1
| /* end confdefs.h.  */
| 
|         #include <bdb/db_cxx.h>
| 
| int
| main ()
| {
| 
|         #if !((DB_VERSION_MAJOR == 6 && DB_VERSION_MINOR >= 2) || DB_VERSION_MAJOR < 6 || DB_VERSION_MAJOR > 6)
|           #error "failed to find bdb 6.2+"
|         #endif
| 
|   ;
|   return 0;
| }
configure:23275: g++ -m64 -std=c++11 -c -pipe -O2  -I/home/administrator/walletbuilders/build_environment/blackcoin/2.13.2.8/depends/x86_64-pc-linux-gnu/include/  -DHAVE_BUILD_INFO -D__STDC_FORMAT_MACROS conftest.cpp >&5
conftest.cpp:57:18: fatal error: libdb/db_cxx.h: No such file or directory
         #include <libdb/db_cxx.h>
                  ^~~~~~~~~~~~~~~~
compilation terminated.
configure:23275: $? = 1
configure: failed program was:
| /* confdefs.h */
| #define PACKAGE_NAME "Fireants"
| #define PACKAGE_TARNAME "fireants"
| #define PACKAGE_VERSION "1.0.0"
| #define PACKAGE_STRING "Fireants 1.0.0"
| #define PACKAGE_BUGREPORT "https://github.com/hgr3dsm"
| #define PACKAGE_URL ""
| #define HAVE_CXX11 1
| #define STDC_HEADERS 1
| #define HAVE_SYS_TYPES_H 1
| #define HAVE_SYS_STAT_H 1
| #define HAVE_STDLIB_H 1
| #define HAVE_STRING_H 1
| #define HAVE_MEMORY_H 1
| #define HAVE_STRINGS_H 1
| #define HAVE_INTTYPES_H 1
| #define HAVE_STDINT_H 1
| #define HAVE_UNISTD_H 1
| #define HAVE_DLFCN_H 1
| #define LT_OBJDIR ".libs/"
| #define HAVE_PTHREAD_PRIO_INHERIT 1
| #define HAVE_PTHREAD 1
| #define HAVE_DECL_STRERROR_R 1
| #define HAVE_STRERROR_R 1
| #define STRERROR_R_CHAR_P 1
| #define HAVE_FUNC_ATTRIBUTE_VISIBILITY 1
| #define HAVE_ENDIAN_H 1
| #define HAVE_BYTESWAP_H 1
| #define HAVE_STDIO_H 1
| #define HAVE_STDLIB_H 1
| #define HAVE_UNISTD_H 1
| #define HAVE_STRINGS_H 1
| #define HAVE_SYS_TYPES_H 1
| #define HAVE_SYS_STAT_H 1
| #define HAVE_SYS_SELECT_H 1
| #define HAVE_SYS_PRCTL_H 1
| #define HAVE_DECL_STRNLEN 1
| #define HAVE_DECL_LE16TOH 1
| #define HAVE_DECL_LE32TOH 1
| #define HAVE_DECL_LE64TOH 1
| #define HAVE_DECL_HTOLE16 1
| #define HAVE_DECL_HTOLE32 1
| #define HAVE_DECL_HTOLE64 1
| #define HAVE_DECL_BE16TOH 1
| #define HAVE_DECL_BE32TOH 1
| #define HAVE_DECL_BE64TOH 1
| #define HAVE_DECL_HTOBE16 1
| #define HAVE_DECL_HTOBE32 1
| #define HAVE_DECL_HTOBE64 1
| #define HAVE_DECL_BSWAP_16 1
| #define HAVE_DECL_BSWAP_32 1
| #define HAVE_DECL_BSWAP_64 1
| #define HAVE_MSG_NOSIGNAL 1
| #define HAVE_VISIBILITY_ATTRIBUTE 1
| /* end confdefs.h.  */
| 
|         #include <libdb/db_cxx.h>
| 
| int
| main ()
| {
| 
|         #if !((DB_VERSION_MAJOR == 6 && DB_VERSION_MINOR >= 2) || DB_VERSION_MAJOR < 6 || DB_VERSION_MAJOR > 6)
|           #error "failed to find bdb 6.2+"
|         #endif
| 
|   ;
|   return 0;
| }
configure:23275: g++ -m64 -std=c++11 -c -pipe -O2  -I/home/administrator/walletbuilders/build_environment/blackcoin/2.13.2.8/depends/x86_64-pc-linux-gnu/include/  -DHAVE_BUILD_INFO -D__STDC_FORMAT_MACROS conftest.cpp >&5
conftest.cpp:57:18: fatal error: db/db_cxx.h: No such file or directory
         #include <db/db_cxx.h>
                  ^~~~~~~~~~~~~
compilation terminated.
configure:23275: $? = 1
configure: failed program was:
| /* confdefs.h */
| #define PACKAGE_NAME "Fireants"
| #define PACKAGE_TARNAME "fireants"
| #define PACKAGE_VERSION "1.0.0"
| #define PACKAGE_STRING "Fireants 1.0.0"
| #define PACKAGE_BUGREPORT "https://github.com/hgr3dsm"
| #define PACKAGE_URL ""
| #define HAVE_CXX11 1
| #define STDC_HEADERS 1
| #define HAVE_SYS_TYPES_H 1
| #define HAVE_SYS_STAT_H 1
| #define HAVE_STDLIB_H 1
| #define HAVE_STRING_H 1
| #define HAVE_MEMORY_H 1
| #define HAVE_STRINGS_H 1
| #define HAVE_INTTYPES_H 1
| #define HAVE_STDINT_H 1
| #define HAVE_UNISTD_H 1
| #define HAVE_DLFCN_H 1
| #define LT_OBJDIR ".libs/"
| #define HAVE_PTHREAD_PRIO_INHERIT 1
| #define HAVE_PTHREAD 1
| #define HAVE_DECL_STRERROR_R 1
| #define HAVE_STRERROR_R 1
| #define STRERROR_R_CHAR_P 1
| #define HAVE_FUNC_ATTRIBUTE_VISIBILITY 1
| #define HAVE_ENDIAN_H 1
| #define HAVE_BYTESWAP_H 1
| #define HAVE_STDIO_H 1
| #define HAVE_STDLIB_H 1
| #define HAVE_UNISTD_H 1
| #define HAVE_STRINGS_H 1
| #define HAVE_SYS_TYPES_H 1
| #define HAVE_SYS_STAT_H 1
| #define HAVE_SYS_SELECT_H 1
| #define HAVE_SYS_PRCTL_H 1
| #define HAVE_DECL_STRNLEN 1
| #define HAVE_DECL_LE16TOH 1
| #define HAVE_DECL_LE32TOH 1
| #define HAVE_DECL_LE64TOH 1
| #define HAVE_DECL_HTOLE16 1
| #define HAVE_DECL_HTOLE32 1
| #define HAVE_DECL_HTOLE64 1
| #define HAVE_DECL_BE16TOH 1
| #define HAVE_DECL_BE32TOH 1
| #define HAVE_DECL_BE64TOH 1
| #define HAVE_DECL_HTOBE16 1
| #define HAVE_DECL_HTOBE32 1
| #define HAVE_DECL_HTOBE64 1
| #define HAVE_DECL_BSWAP_16 1
| #define HAVE_DECL_BSWAP_32 1
| #define HAVE_DECL_BSWAP_64 1
| #define HAVE_MSG_NOSIGNAL 1
| #define HAVE_VISIBILITY_ATTRIBUTE 1
| /* end confdefs.h.  */
| 
|         #include <db/db_cxx.h>
| 
| int
| main ()
| {
| 
|         #if !((DB_VERSION_MAJOR == 6 && DB_VERSION_MINOR >= 2) || DB_VERSION_MAJOR < 6 || DB_VERSION_MAJOR > 6)
|           #error "failed to find bdb 6.2+"
|         #endif
| 
|   ;
|   return 0;
| }
configure:23275: g++ -m64 -std=c++11 -c -pipe -O2  -I/home/administrator/walletbuilders/build_environment/blackcoin/2.13.2.8/depends/x86_64-pc-linux-gnu/include/  -DHAVE_BUILD_INFO -D__STDC_FORMAT_MACROS conftest.cpp >&5
configure:23275: $? = 0
configure:23304: g++ -m64 -std=c++11 -c -pipe -O2  -I/home/administrator/walletbuilders/build_environment/blackcoin/2.13.2.8/depends/x86_64-pc-linux-gnu/include/  -DHAVE_BUILD_INFO -D__STDC_FORMAT_MACROS conftest.cpp >&5
configure:23304: $? = 0
configure:23349: result: default
configure:23374: checking for main in -ldb_cxx
configure:23393: g++ -m64 -std=c++11 -o conftest -pipe -O2  -I/home/administrator/walletbuilders/build_environment/blackcoin/2.13.2.8/depends/x86_64-pc-linux-gnu/include/  -DHAVE_BUILD_INFO -D__STDC_FORMAT_MACROS -L/home/administrator/walletbuilders/build_environment/blackcoin/2.13.2.8/depends/x86_64-pc-linux-gnu/lib  conftest.cpp -ldb_cxx   >&5
configure:23393: $? = 0
configure:23403: result: yes
configure:23431: checking miniupnpc/miniwget.h usability
configure:23431: g++ -m64 -std=c++11 -c -pipe -O2  -I/home/administrator/walletbuilders/build_environment/blackcoin/2.13.2.8/depends/x86_64-pc-linux-gnu/include/  -DHAVE_BUILD_INFO -D__STDC_FORMAT_MACROS conftest.cpp >&5
configure:23431: $? = 0
configure:23431: result: yes
configure:23431: checking miniupnpc/miniwget.h presence
configure:23431: g++ -m64 -std=c++11 -E -I/home/administrator/walletbuilders/build_environment/blackcoin/2.13.2.8/depends/x86_64-pc-linux-gnu/include/  -DHAVE_BUILD_INFO -D__STDC_FORMAT_MACROS conftest.cpp
configure:23431: $? = 0
configure:23431: result: yes
configure:23431: checking for miniupnpc/miniwget.h
configure:23431: result: yes
configure:23436: checking for main in -lminiupnpc
configure:23455: g++ -m64 -std=c++11 -o conftest -pipe -O2  -I/home/administrator/walletbuilders/build_environment/blackcoin/2.13.2.8/depends/x86_64-pc-linux-gnu/include/  -DHAVE_BUILD_INFO -D__STDC_FORMAT_MACROS -L/home/administrator/walletbuilders/build_environment/blackcoin/2.13.2.8/depends/x86_64-pc-linux-gnu/lib  conftest.cpp -lminiupnpc   >&5
configure:23455: $? = 0
configure:23464: result: yes
configure:23431: checking miniupnpc/miniupnpc.h usability
configure:23431: g++ -m64 -std=c++11 -c -pipe -O2  -I/home/administrator/walletbuilders/build_environment/blackcoin/2.13.2.8/depends/x86_64-pc-linux-gnu/include/  -DHAVE_BUILD_INFO -D__STDC_FORMAT_MACROS conftest.cpp >&5
configure:23431: $? = 0
configure:23431: result: yes
configure:23431: checking miniupnpc/miniupnpc.h presence
configure:23431: g++ -m64 -std=c++11 -E -I/home/administrator/walletbuilders/build_environment/blackcoin/2.13.2.8/depends/x86_64-pc-linux-gnu/include/  -DHAVE_BUILD_INFO -D__STDC_FORMAT_MACROS conftest.cpp
configure:23431: $? = 0
configure:23431: result: yes
configure:23431: checking for miniupnpc/miniupnpc.h
configure:23431: result: yes
configure:23436: checking for main in -lminiupnpc
configure:23464: result: yes
configure:23431: checking miniupnpc/upnpcommands.h usability
configure:23431: g++ -m64 -std=c++11 -c -pipe -O2  -I/home/administrator/walletbuilders/build_environment/blackcoin/2.13.2.8/depends/x86_64-pc-linux-gnu/include/  -DHAVE_BUILD_INFO -D__STDC_FORMAT_MACROS conftest.cpp >&5
configure:23431: $? = 0
configure:23431: result: yes
configure:23431: checking miniupnpc/upnpcommands.h presence
configure:23431: g++ -m64 -std=c++11 -E -I/home/administrator/walletbuilders/build_environment/blackcoin/2.13.2.8/depends/x86_64-pc-linux-gnu/include/  -DHAVE_BUILD_INFO -D__STDC_FORMAT_MACROS conftest.cpp
configure:23431: $? = 0
configure:23431: result: yes
configure:23431: checking for miniupnpc/upnpcommands.h
configure:23431: result: yes
configure:23436: checking for main in -lminiupnpc
configure:23464: result: yes
configure:23431: checking miniupnpc/upnperrors.h usability
configure:23431: g++ -m64 -std=c++11 -c -pipe -O2  -I/home/administrator/walletbuilders/build_environment/blackcoin/2.13.2.8/depends/x86_64-pc-linux-gnu/include/  -DHAVE_BUILD_INFO -D__STDC_FORMAT_MACROS conftest.cpp >&5
configure:23431: $? = 0
configure:23431: result: yes
configure:23431: checking miniupnpc/upnperrors.h presence
configure:23431: g++ -m64 -std=c++11 -E -I/home/administrator/walletbuilders/build_environment/blackcoin/2.13.2.8/depends/x86_64-pc-linux-gnu/include/  -DHAVE_BUILD_INFO -D__STDC_FORMAT_MACROS conftest.cpp
configure:23431: $? = 0
configure:23431: result: yes
configure:23431: checking for miniupnpc/upnperrors.h
configure:23431: result: yes
configure:23436: checking for main in -lminiupnpc
configure:23464: result: yes
configure:23574: checking for QT5
configure:23581: $PKG_CONFIG --exists --print-errors "$qt5_modules"
configure:23584: $? = 0
configure:23598: $PKG_CONFIG --exists --print-errors "$qt5_modules"
configure:23601: $? = 0
configure:23639: result: yes
configure:23891: checking for QT_TEST
configure:23898: $PKG_CONFIG --exists --print-errors "${QT_LIB_PREFIX}Test"
configure:23901: $? = 0
configure:23915: $PKG_CONFIG --exists --print-errors "${QT_LIB_PREFIX}Test"
configure:23918: $? = 0
configure:23956: result: yes
configure:23963: checking for QT_DBUS
configure:23970: $PKG_CONFIG --exists --print-errors "${QT_LIB_PREFIX}DBus"
configure:23973: $? = 0
configure:23987: $PKG_CONFIG --exists --print-errors "${QT_LIB_PREFIX}DBus"
configure:23990: $? = 0
configure:24028: result: yes
configure:25164: checking for static Qt
configure:25190: g++ -m64 -std=c++11 -c -fPIC -pipe -O2  -I/home/administrator/walletbuilders/build_environment/blackcoin/2.13.2.8/depends/x86_64-pc-linux-gnu/include/QtNetwork -I/home/administrator/walletbuilders/build_environment/blackcoin/2.13.2.8/depends/x86_64-pc-linux-gnu/include/QtWidgets -I/home/administrator/walletbuilders/build_environment/blackcoin/2.13.2.8/depends/x86_64-pc-linux-gnu/include/QtGui -I/home/administrator/walletbuilders/build_environment/blackcoin/2.13.2.8/depends/x86_64-pc-linux-gnu/include/QtCore -I/home/administrator/walletbuilders/build_environment/blackcoin/2.13.2.8/depends/x86_64-pc-linux-gnu/include/  -DHAVE_BUILD_INFO -D__STDC_FORMAT_MACROS conftest.cpp >&5
conftest.cpp:63:28: warning: extra tokens at end of #ifndef directive
         #ifndef QT_VERSION OR QT_VERSION_STR
                            ^~
configure:25190: $? = 0
configure:25198: result: yes
configure:25312: checking for QTEVENTDISPATCHER
configure:25319: $PKG_CONFIG --exists --print-errors "Qt5EventDispatcherSupport"
configure:25322: $? = 0
configure:25336: $PKG_CONFIG --exists --print-errors "Qt5EventDispatcherSupport"
configure:25339: $? = 0
configure:25397: result: yes
configure:25403: checking for QTTHEME
configure:25410: $PKG_CONFIG --exists --print-errors "Qt5ThemeSupport"
configure:25413: $? = 0
configure:25427: $PKG_CONFIG --exists --print-errors "Qt5ThemeSupport"
configure:25430: $? = 0
configure:25488: result: yes
configure:25494: checking for QTDEVICEDISCOVERY
configure:25501: $PKG_CONFIG --exists --print-errors "Qt5DeviceDiscoverySupport"
configure:25504: $? = 0
configure:25518: $PKG_CONFIG --exists --print-errors "Qt5DeviceDiscoverySupport"
configure:25521: $? = 0
configure:25579: result: yes
configure:25585: checking for QTACCESSIBILITY
configure:25592: $PKG_CONFIG --exists --print-errors "Qt5AccessibilitySupport"
configure:25595: $? = 0
configure:25609: $PKG_CONFIG --exists --print-errors "Qt5AccessibilitySupport"
configure:25612: $? = 0
configure:25670: result: yes
configure:25676: checking for QTFB
configure:25683: $PKG_CONFIG --exists --print-errors "Qt5FbSupport"
configure:25686: $? = 0
configure:25700: $PKG_CONFIG --exists --print-errors "Qt5FbSupport"
configure:25703: $? = 0
configure:25761: result: yes
configure:25769: checking for X11XCB
configure:25776: $PKG_CONFIG --exists --print-errors "x11-xcb"
configure:25779: $? = 0
configure:25793: $PKG_CONFIG --exists --print-errors "x11-xcb"
configure:25796: $? = 0
configure:25854: result: yes
configure:25861: checking for QTXCBQPA
configure:25868: $PKG_CONFIG --exists --print-errors "Qt5XcbQpa"
configure:25871: $? = 0
configure:25885: $PKG_CONFIG --exists --print-errors "Qt5XcbQpa"
configure:25888: $? = 0
configure:25946: result: yes
configure:26808: checking for Qt < 5.4
configure:26828: g++ -m64 -std=c++11 -c -fPIC -pipe -O2  -I/home/administrator/walletbuilders/build_environment/blackcoin/2.13.2.8/depends/x86_64-pc-linux-gnu/include/QtNetwork -I/home/administrator/walletbuilders/build_environment/blackcoin/2.13.2.8/depends/x86_64-pc-linux-gnu/include/QtWidgets -I/home/administrator/walletbuilders/build_environment/blackcoin/2.13.2.8/depends/x86_64-pc-linux-gnu/include/QtGui -I/home/administrator/walletbuilders/build_environment/blackcoin/2.13.2.8/depends/x86_64-pc-linux-gnu/include/QtCore -I/home/administrator/walletbuilders/build_environment/blackcoin/2.13.2.8/depends/x86_64-pc-linux-gnu/include/  -DHAVE_BUILD_INFO -D__STDC_FORMAT_MACROS conftest.cpp >&5
conftest.cpp: In function 'int main()':
conftest.cpp:69:11: error: 'choke' was not declared in this scope
           choke;
           ^~~~~
conftest.cpp:69:11: note: suggested alternative: 'clone'
           choke;
           ^~~~~
           clone
configure:26828: $? = 1
configure: failed program was:
| /* confdefs.h */
| #define PACKAGE_NAME "Fireants"
| #define PACKAGE_TARNAME "fireants"
| #define PACKAGE_VERSION "1.0.0"
| #define PACKAGE_STRING "Fireants 1.0.0"
| #define PACKAGE_BUGREPORT "https://github.com/hgr3dsm"
| #define PACKAGE_URL ""
| #define HAVE_CXX11 1
| #define STDC_HEADERS 1
| #define HAVE_SYS_TYPES_H 1
| #define HAVE_SYS_STAT_H 1
| #define HAVE_STDLIB_H 1
| #define HAVE_STRING_H 1
| #define HAVE_MEMORY_H 1
| #define HAVE_STRINGS_H 1
| #define HAVE_INTTYPES_H 1
| #define HAVE_STDINT_H 1
| #define HAVE_UNISTD_H 1
| #define HAVE_DLFCN_H 1
| #define LT_OBJDIR ".libs/"
| #define HAVE_PTHREAD_PRIO_INHERIT 1
| #define HAVE_PTHREAD 1
| #define HAVE_DECL_STRERROR_R 1
| #define HAVE_STRERROR_R 1
| #define STRERROR_R_CHAR_P 1
| #define HAVE_FUNC_ATTRIBUTE_VISIBILITY 1
| #define HAVE_ENDIAN_H 1
| #define HAVE_BYTESWAP_H 1
| #define HAVE_STDIO_H 1
| #define HAVE_STDLIB_H 1
| #define HAVE_UNISTD_H 1
| #define HAVE_STRINGS_H 1
| #define HAVE_SYS_TYPES_H 1
| #define HAVE_SYS_STAT_H 1
| #define HAVE_SYS_SELECT_H 1
| #define HAVE_SYS_PRCTL_H 1
| #define HAVE_DECL_STRNLEN 1
| #define HAVE_DECL_LE16TOH 1
| #define HAVE_DECL_LE32TOH 1
| #define HAVE_DECL_LE64TOH 1
| #define HAVE_DECL_HTOLE16 1
| #define HAVE_DECL_HTOLE32 1
| #define HAVE_DECL_HTOLE64 1
| #define HAVE_DECL_BE16TOH 1
| #define HAVE_DECL_BE32TOH 1
| #define HAVE_DECL_BE64TOH 1
| #define HAVE_DECL_HTOBE16 1
| #define HAVE_DECL_HTOBE32 1
| #define HAVE_DECL_HTOBE64 1
| #define HAVE_DECL_BSWAP_16 1
| #define HAVE_DECL_BSWAP_32 1
| #define HAVE_DECL_BSWAP_64 1
| #define HAVE_MSG_NOSIGNAL 1
| #define HAVE_VISIBILITY_ATTRIBUTE 1
| #define USE_BDB 1
| #define HAVE_MINIUPNPC_MINIWGET_H 1
| #define HAVE_MINIUPNPC_MINIUPNPC_H 1
| #define HAVE_MINIUPNPC_UPNPCOMMANDS_H 1
| #define HAVE_MINIUPNPC_UPNPERRORS_H 1
| #define QT_STATICPLUGIN 1
| #define QT_STATICPLUGIN 1
| /* end confdefs.h.  */
| #include <QtCore>
| int
| main ()
| {
| 
|           #if QT_VERSION >= 0x050400
|           choke;
|           #endif
| 
|   ;
|   return 0;
| }
configure:26836: result: no
configure:26882: checking for static Qt plugins: -lqminimal
configure:26900: g++ -m64 -std=c++11 -o conftest -fPIC -pipe -O2  -I/home/administrator/walletbuilders/build_environment/blackcoin/2.13.2.8/depends/x86_64-pc-linux-gnu/include/QtNetwork -I/home/administrator/walletbuilders/build_environment/blackcoin/2.13.2.8/depends/x86_64-pc-linux-gnu/include/QtWidgets -I/home/administrator/walletbuilders/build_environment/blackcoin/2.13.2.8/depends/x86_64-pc-linux-gnu/include/QtGui -I/home/administrator/walletbuilders/build_environment/blackcoin/2.13.2.8/depends/x86_64-pc-linux-gnu/include/QtCore -I/home/administrator/walletbuilders/build_environment/blackcoin/2.13.2.8/depends/x86_64-pc-linux-gnu/include/  -DHAVE_BUILD_INFO -D__STDC_FORMAT_MACROS -L/home/administrator/walletbuilders/build_environment/blackcoin/2.13.2.8/depends/x86_64-pc-linux-gnu/lib  conftest.cpp -lqminimal -L/home/administrator/walletbuilders/build_environment/blackcoin/2.13.2.8/depends/x86_64-pc-linux-gnu/lib -L//home/administrator/walletbuilders/build_environment/blackcoin/2.13.2.8/depends/x86_64-pc-linux-gnu/lib -L/home/administrator/walletbuilders/build_environment/blackcoin/2.13.2.8/depends/x86_64-pc-linux-gnu/lib -L//home/administrator/walletbuilders/build_environment/blackcoin/2.13.2.8/depends/x86_64-pc-linux-gnu/lib -L/home/administrator/walletbuilders/build_environment/blackcoin/2.13.2.8/depends/x86_64-pc-linux-gnu/lib -lQt5XcbQpa -lQt5ServiceSupport -lQt5ThemeSupport -lQt5DBus -lQt5EventDispatcherSupport -lQt5FontDatabaseSupport -lfontconfig -lfreetype -lQt5Gui -lqtlibpng -lqtharfbuzz -lQt5Core -lm -lz -lqtpcre2 -lpthread -lX11-xcb -lX11 -lxcb-static -lxcb -ldl -lQt5ServiceSupport -lQt5Gui -lqtlibpng -lqtharfbuzz -lQt5Core -lm -lz -lqtpcre2 -ldl -lpthread -lQt5ThemeSupport -lQt5Gui -lqtlibpng -lqtharfbuzz -lQt5Core -lm -lz -lqtpcre2 -ldl -lpthread -lQt5DBus -lQt5Core -lpthread -lm -lz -lqtpcre2 -ldl -lQt5EventDispatcherSupport -lQt5Gui -lqtlibpng -lqtharfbuzz -lQt5Core -lm -lz -lqtpcre2 -ldl -lpthread -lQt5FontDatabaseSupport -lQt5Gui -lqtlibpng -lqtharfbuzz -lQt5Core -lm -lz -lqtpcre2 -ldl -lpthread -lfontconfig -lfreetype -lQt5Gui -lQt5Core -lm -lz -lqtpcre2 -ldl -lpthread -lqtlibpng -lqtharfbuzz -lz -lQt5Core -lpthread -lm -lz -lqtpcre2 -ldl -L/home/administrator/walletbuilders/build_environment/blackcoin/2.13.2.8/depends/x86_64-pc-linux-gnu/lib -lX11-xcb -lX11 -lpthread -lxcb -lXau -lQt5FbSupport -lQt5AccessibilitySupport -lQt5DeviceDiscoverySupport -lQt5ThemeSupport -lQt5EventDispatcherSupport -L/home/administrator/walletbuilders/build_environment/blackcoin/2.13.2.8/depends/x86_64-pc-linux-gnu/lib -lQt5Network -lQt5Core -lm -lz -lqtpcre2 -ldl -lpthread -lz -lssl -lcrypto -lQt5Widgets -lQt5Gui -lqtlibpng -lqtharfbuzz -lQt5Core -lm -lz -lqtpcre2 -ldl -lpthread -lQt5Gui -lQt5Core -lm -lz -lqtpcre2 -ldl -lpthread -lqtlibpng -lqtharfbuzz -lz -lQt5Core -lpthread -lm -lz -lqtpcre2 -ldl -L/home/administrator/walletbuilders/build_environment/blackcoin/2.13.2.8/depends/x86_64-pc-linux-gnu/plugins/platforms  >&5
conftest.cpp:64:0: warning: "QT_STATICPLUGIN" redefined
     #define QT_STATICPLUGIN
 
conftest.cpp:61:0: note: this is the location of the previous definition
 #define QT_STATICPLUGIN 1
 
configure:26900: $? = 0
configure:26901: result: yes
configure:26972: checking for static Qt plugins: -lqxcb -lxcb-static
configure:26990: g++ -m64 -std=c++11 -o conftest -fPIC -pipe -O2  -I/home/administrator/walletbuilders/build_environment/blackcoin/2.13.2.8/depends/x86_64-pc-linux-gnu/include/QtNetwork -I/home/administrator/walletbuilders/build_environment/blackcoin/2.13.2.8/depends/x86_64-pc-linux-gnu/include/QtWidgets -I/home/administrator/walletbuilders/build_environment/blackcoin/2.13.2.8/depends/x86_64-pc-linux-gnu/include/QtGui -I/home/administrator/walletbuilders/build_environment/blackcoin/2.13.2.8/depends/x86_64-pc-linux-gnu/include/QtCore -I/home/administrator/walletbuilders/build_environment/blackcoin/2.13.2.8/depends/x86_64-pc-linux-gnu/include/  -DHAVE_BUILD_INFO -D__STDC_FORMAT_MACROS -L/home/administrator/walletbuilders/build_environment/blackcoin/2.13.2.8/depends/x86_64-pc-linux-gnu/lib  conftest.cpp -lqxcb -lxcb-static -lqminimal -L/home/administrator/walletbuilders/build_environment/blackcoin/2.13.2.8/depends/x86_64-pc-linux-gnu/lib -L//home/administrator/walletbuilders/build_environment/blackcoin/2.13.2.8/depends/x86_64-pc-linux-gnu/lib -L/home/administrator/walletbuilders/build_environment/blackcoin/2.13.2.8/depends/x86_64-pc-linux-gnu/lib -L//home/administrator/walletbuilders/build_environment/blackcoin/2.13.2.8/depends/x86_64-pc-linux-gnu/lib -L/home/administrator/walletbuilders/build_environment/blackcoin/2.13.2.8/depends/x86_64-pc-linux-gnu/lib -lQt5XcbQpa -lQt5ServiceSupport -lQt5ThemeSupport -lQt5DBus -lQt5EventDispatcherSupport -lQt5FontDatabaseSupport -lfontconfig -lfreetype -lQt5Gui -lqtlibpng -lqtharfbuzz -lQt5Core -lm -lz -lqtpcre2 -lpthread -lX11-xcb -lX11 -lxcb-static -lxcb -ldl -lQt5ServiceSupport -lQt5Gui -lqtlibpng -lqtharfbuzz -lQt5Core -lm -lz -lqtpcre2 -ldl -lpthread -lQt5ThemeSupport -lQt5Gui -lqtlibpng -lqtharfbuzz -lQt5Core -lm -lz -lqtpcre2 -ldl -lpthread -lQt5DBus -lQt5Core -lpthread -lm -lz -lqtpcre2 -ldl -lQt5EventDispatcherSupport -lQt5Gui -lqtlibpng -lqtharfbuzz -lQt5Core -lm -lz -lqtpcre2 -ldl -lpthread -lQt5FontDatabaseSupport -lQt5Gui -lqtlibpng -lqtharfbuzz -lQt5Core -lm -lz -lqtpcre2 -ldl -lpthread -lfontconfig -lfreetype -lQt5Gui -lQt5Core -lm -lz -lqtpcre2 -ldl -lpthread -lqtlibpng -lqtharfbuzz -lz -lQt5Core -lpthread -lm -lz -lqtpcre2 -ldl -L/home/administrator/walletbuilders/build_environment/blackcoin/2.13.2.8/depends/x86_64-pc-linux-gnu/lib -lX11-xcb -lX11 -lpthread -lxcb -lXau -lQt5FbSupport -lQt5AccessibilitySupport -lQt5DeviceDiscoverySupport -lQt5ThemeSupport -lQt5EventDispatcherSupport -L/home/administrator/walletbuilders/build_environment/blackcoin/2.13.2.8/depends/x86_64-pc-linux-gnu/lib -lQt5Network -lQt5Core -lm -lz -lqtpcre2 -ldl -lpthread -lz -lssl -lcrypto -lQt5Widgets -lQt5Gui -lqtlibpng -lqtharfbuzz -lQt5Core -lm -lz -lqtpcre2 -ldl -lpthread -lQt5Gui -lQt5Core -lm -lz -lqtpcre2 -ldl -lpthread -lqtlibpng -lqtharfbuzz -lz -lQt5Core -lpthread -lm -lz -lqtpcre2 -ldl -L/home/administrator/walletbuilders/build_environment/blackcoin/2.13.2.8/depends/x86_64-pc-linux-gnu/plugins/platforms  >&5
conftest.cpp:65:0: warning: "QT_STATICPLUGIN" redefined
     #define QT_STATICPLUGIN
 
conftest.cpp:61:0: note: this is the location of the previous definition
 #define QT_STATICPLUGIN 1
 
configure:26990: $? = 0
configure:26991: result: yes
configure:27171: checking whether -fPIE can be used with this Qt config
configure:27192: g++ -m64 -std=c++11 -c -fPIE -pipe -O2  -I/home/administrator/walletbuilders/build_environment/blackcoin/2.13.2.8/depends/x86_64-pc-linux-gnu/include/QtNetwork -I/home/administrator/walletbuilders/build_environment/blackcoin/2.13.2.8/depends/x86_64-pc-linux-gnu/include/QtWidgets -I/home/administrator/walletbuilders/build_environment/blackcoin/2.13.2.8/depends/x86_64-pc-linux-gnu/include/QtGui -I/home/administrator/walletbuilders/build_environment/blackcoin/2.13.2.8/depends/x86_64-pc-linux-gnu/include/QtCore -I/home/administrator/walletbuilders/build_environment/blackcoin/2.13.2.8/depends/x86_64-pc-linux-gnu/include/  -DHAVE_BUILD_INFO -D__STDC_FORMAT_MACROS conftest.cpp >&5
configure:27192: $? = 0
configure:27193: result: yes
configure:27261: checking for moc-qt5
configure:27294: result: no
configure:27261: checking for moc5
configure:27294: result: no
configure:27261: checking for moc
configure:27279: found /home/administrator/walletbuilders/build_environment/blackcoin/2.13.2.8/depends/x86_64-pc-linux-gnu/native/bin/moc
configure:27291: result: /home/administrator/walletbuilders/build_environment/blackcoin/2.13.2.8/depends/x86_64-pc-linux-gnu/native/bin/moc
configure:27380: checking for uic-qt5
configure:27413: result: no
configure:27380: checking for uic5
configure:27413: result: no
configure:27380: checking for uic
configure:27398: found /home/administrator/walletbuilders/build_environment/blackcoin/2.13.2.8/depends/x86_64-pc-linux-gnu/native/bin/uic
configure:27410: result: /home/administrator/walletbuilders/build_environment/blackcoin/2.13.2.8/depends/x86_64-pc-linux-gnu/native/bin/uic
configure:27499: checking for rcc-qt5
configure:27532: result: no
configure:27499: checking for rcc5
configure:27532: result: no
configure:27499: checking for rcc
configure:27517: found /home/administrator/walletbuilders/build_environment/blackcoin/2.13.2.8/depends/x86_64-pc-linux-gnu/native/bin/rcc
configure:27529: result: /home/administrator/walletbuilders/build_environment/blackcoin/2.13.2.8/depends/x86_64-pc-linux-gnu/native/bin/rcc
configure:27618: checking for lrelease-qt5
configure:27651: result: no
configure:27618: checking for lrelease5
configure:27651: result: no
configure:27618: checking for lrelease
configure:27636: found /home/administrator/walletbuilders/build_environment/blackcoin/2.13.2.8/depends/x86_64-pc-linux-gnu/native/bin/lrelease
configure:27648: result: /home/administrator/walletbuilders/build_environment/blackcoin/2.13.2.8/depends/x86_64-pc-linux-gnu/native/bin/lrelease
configure:27737: checking for lupdate-qt5
configure:27770: result: no
configure:27737: checking for lupdate5
configure:27770: result: no
configure:27737: checking for lupdate
configure:27755: found /home/administrator/walletbuilders/build_environment/blackcoin/2.13.2.8/depends/x86_64-pc-linux-gnu/native/bin/lupdate
configure:27767: result: /home/administrator/walletbuilders/build_environment/blackcoin/2.13.2.8/depends/x86_64-pc-linux-gnu/native/bin/lupdate
configure:27952: checking whether to build Fireants GUI
configure:27982: result: yes (Qt5)
configure:28056: checking for boostlib >= 1.47.0
configure:28141: g++ -m64 -std=c++11 -c -pipe -O2  -I/home/administrator/walletbuilders/build_environment/blackcoin/2.13.2.8/depends/x86_64-pc-linux-gnu/include/  -DHAVE_BUILD_INFO -D__STDC_FORMAT_MACROS -I/home/administrator/walletbuilders/build_environment/blackcoin/2.13.2.8/depends/x86_64-pc-linux-gnu/include conftest.cpp >&5
configure:28141: $? = 0
configure:28143: result: yes
configure:28330: checking whether the Boost::System library is available
configure:28355: g++ -m64 -std=c++11 -c  -I/home/administrator/walletbuilders/build_environment/blackcoin/2.13.2.8/depends/x86_64-pc-linux-gnu/include/  -DHAVE_BUILD_INFO -D__STDC_FORMAT_MACROS -I/home/administrator/walletbuilders/build_environment/blackcoin/2.13.2.8/depends/x86_64-pc-linux-gnu/include conftest.cpp >&5
configure:28355: $? = 0
configure:28370: result: yes
configure:28386: checking for exit in -lboost_system-mt-x64
configure:28411: g++ -m64 -std=c++11 -o conftest -pipe -O2  -I/home/administrator/walletbuilders/build_environment/blackcoin/2.13.2.8/depends/x86_64-pc-linux-gnu/include/  -DHAVE_BUILD_INFO -D__STDC_FORMAT_MACROS -I/home/administrator/walletbuilders/build_environment/blackcoin/2.13.2.8/depends/x86_64-pc-linux-gnu/include -L/home/administrator/walletbuilders/build_environment/blackcoin/2.13.2.8/depends/x86_64-pc-linux-gnu/lib  -L/home/administrator/walletbuilders/build_environment/blackcoin/2.13.2.8/depends/x86_64-pc-linux-gnu/lib conftest.cpp -lboost_system-mt-x64   >&5
conftest.cpp:74:6: warning: declaration of 'char exit()' conflicts with built-in declaration 'void exit(int)' [-Wbuiltin-declaration-mismatch]
 char exit ();
      ^~~~
configure:28411: $? = 0
configure:28421: result: yes
configure:28576: checking whether the Boost::Filesystem library is available
configure:28600: g++ -m64 -std=c++11 -c -pipe -O2  -I/home/administrator/walletbuilders/build_environment/blackcoin/2.13.2.8/depends/x86_64-pc-linux-gnu/include/  -DHAVE_BUILD_INFO -D__STDC_FORMAT_MACROS -I/home/administrator/walletbuilders/build_environment/blackcoin/2.13.2.8/depends/x86_64-pc-linux-gnu/include conftest.cpp >&5
configure:28600: $? = 0
configure:28614: result: yes
configure:28626: checking for exit in -lboost_filesystem-mt-x64
configure:28651: g++ -m64 -std=c++11 -o conftest -pipe -O2  -I/home/administrator/walletbuilders/build_environment/blackcoin/2.13.2.8/depends/x86_64-pc-linux-gnu/include/  -DHAVE_BUILD_INFO -D__STDC_FORMAT_MACROS -I/home/administrator/walletbuilders/build_environment/blackcoin/2.13.2.8/depends/x86_64-pc-linux-gnu/include -L/home/administrator/walletbuilders/build_environment/blackcoin/2.13.2.8/depends/x86_64-pc-linux-gnu/lib  -L/home/administrator/walletbuilders/build_environment/blackcoin/2.13.2.8/depends/x86_64-pc-linux-gnu/lib conftest.cpp -lboost_filesystem-mt-x64   -lboost_system-mt-x64 >&5
conftest.cpp:75:6: warning: declaration of 'char exit()' conflicts with built-in declaration 'void exit(int)' [-Wbuiltin-declaration-mismatch]
 char exit ();
      ^~~~
configure:28651: $? = 0
configure:28661: result: yes
configure:28811: checking whether the Boost::Program_Options library is available
configure:28835: g++ -m64 -std=c++11 -c -pipe -O2  -I/home/administrator/walletbuilders/build_environment/blackcoin/2.13.2.8/depends/x86_64-pc-linux-gnu/include/  -DHAVE_BUILD_INFO -D__STDC_FORMAT_MACROS -I/home/administrator/walletbuilders/build_environment/blackcoin/2.13.2.8/depends/x86_64-pc-linux-gnu/include conftest.cpp >&5
configure:28835: $? = 0
configure:28849: result: yes
configure:28860: checking for exit in -lboost_program_options-mt-x64
configure:28885: g++ -m64 -std=c++11 -o conftest -pipe -O2  -I/home/administrator/walletbuilders/build_environment/blackcoin/2.13.2.8/depends/x86_64-pc-linux-gnu/include/  -DHAVE_BUILD_INFO -D__STDC_FORMAT_MACROS -I/home/administrator/walletbuilders/build_environment/blackcoin/2.13.2.8/depends/x86_64-pc-linux-gnu/include -L/home/administrator/walletbuilders/build_environment/blackcoin/2.13.2.8/depends/x86_64-pc-linux-gnu/lib  -L/home/administrator/walletbuilders/build_environment/blackcoin/2.13.2.8/depends/x86_64-pc-linux-gnu/lib conftest.cpp -lboost_program_options-mt-x64   >&5
conftest.cpp:76:6: warning: declaration of 'char exit()' conflicts with built-in declaration 'void exit(int)' [-Wbuiltin-declaration-mismatch]
 char exit ();
      ^~~~
configure:28885: $? = 0
configure:28895: result: yes
configure:29038: checking whether the Boost::Thread library is available
configure:29070: g++ -m64 -std=c++11 -c -pthread -pipe -O2  -I/home/administrator/walletbuilders/build_environment/blackcoin/2.13.2.8/depends/x86_64-pc-linux-gnu/include/  -DHAVE_BUILD_INFO -D__STDC_FORMAT_MACROS -I/home/administrator/walletbuilders/build_environment/blackcoin/2.13.2.8/depends/x86_64-pc-linux-gnu/include conftest.cpp >&5
configure:29070: $? = 0
configure:29085: result: yes
configure:29115: checking for exit in -lboost_thread-mt-x64
configure:29140: g++ -m64 -std=c++11 -o conftest -pipe -O2  -I/home/administrator/walletbuilders/build_environment/blackcoin/2.13.2.8/depends/x86_64-pc-linux-gnu/include/  -DHAVE_BUILD_INFO -D__STDC_FORMAT_MACROS -I/home/administrator/walletbuilders/build_environment/blackcoin/2.13.2.8/depends/x86_64-pc-linux-gnu/include -L/home/administrator/walletbuilders/build_environment/blackcoin/2.13.2.8/depends/x86_64-pc-linux-gnu/lib  -L/home/administrator/walletbuilders/build_environment/blackcoin/2.13.2.8/depends/x86_64-pc-linux-gnu/lib conftest.cpp -lboost_thread-mt-x64   >&5
conftest.cpp:77:6: warning: declaration of 'char exit()' conflicts with built-in declaration 'void exit(int)' [-Wbuiltin-declaration-mismatch]
 char exit ();
      ^~~~
configure:29140: $? = 0
configure:29150: result: yes
configure:29310: checking whether the Boost::Chrono library is available
configure:29334: g++ -m64 -std=c++11 -c -pipe -O2  -I/home/administrator/walletbuilders/build_environment/blackcoin/2.13.2.8/depends/x86_64-pc-linux-gnu/include/  -DHAVE_BUILD_INFO -D__STDC_FORMAT_MACROS -pthread -I/home/administrator/walletbuilders/build_environment/blackcoin/2.13.2.8/depends/x86_64-pc-linux-gnu/include conftest.cpp >&5
configure:29334: $? = 0
configure:29349: result: yes
configure:29365: checking for exit in -lboost_chrono-mt-x64
configure:29390: g++ -m64 -std=c++11 -o conftest -pipe -O2  -I/home/administrator/walletbuilders/build_environment/blackcoin/2.13.2.8/depends/x86_64-pc-linux-gnu/include/  -DHAVE_BUILD_INFO -D__STDC_FORMAT_MACROS -pthread -I/home/administrator/walletbuilders/build_environment/blackcoin/2.13.2.8/depends/x86_64-pc-linux-gnu/include -L/home/administrator/walletbuilders/build_environment/blackcoin/2.13.2.8/depends/x86_64-pc-linux-gnu/lib  -L/home/administrator/walletbuilders/build_environment/blackcoin/2.13.2.8/depends/x86_64-pc-linux-gnu/lib conftest.cpp -lboost_chrono-mt-x64   >&5
conftest.cpp:78:6: warning: declaration of 'char exit()' conflicts with built-in declaration 'void exit(int)' [-Wbuiltin-declaration-mismatch]
 char exit ();
      ^~~~
configure:29390: $? = 0
configure:29400: result: yes
configure:29832: checking for mismatched boost c++11 scoped enums
configure:29860: g++ -m64 -std=c++11 -o conftest -pipe -O2  -I/home/administrator/walletbuilders/build_environment/blackcoin/2.13.2.8/depends/x86_64-pc-linux-gnu/include/  -DHAVE_BUILD_INFO -D__STDC_FORMAT_MACROS -pthread -I/home/administrator/walletbuilders/build_environment/blackcoin/2.13.2.8/depends/x86_64-pc-linux-gnu/include -L/home/administrator/walletbuilders/build_environment/blackcoin/2.13.2.8/depends/x86_64-pc-linux-gnu/lib  conftest.cpp -L/home/administrator/walletbuilders/build_environment/blackcoin/2.13.2.8/depends/x86_64-pc-linux-gnu/lib -lboost_system-mt-x64 -lboost_filesystem-mt-x64 -lboost_program_options-mt-x64 -lboost_thread-mt-x64 -lboost_chrono-mt-x64  >&5
conftest.cpp: In function 'int main()':
conftest.cpp:88:5: error: 'choke' was not declared in this scope
     choke;
     ^~~~~
conftest.cpp:88:5: note: suggested alternative: 'clone'
     choke;
     ^~~~~
     clone
configure:29860: $? = 1
configure: failed program was:
| /* confdefs.h */
| #define PACKAGE_NAME "Fireants"
| #define PACKAGE_TARNAME "fireants"
| #define PACKAGE_VERSION "1.0.0"
| #define PACKAGE_STRING "Fireants 1.0.0"
| #define PACKAGE_BUGREPORT "https://github.com/hgr3dsm"
| #define PACKAGE_URL ""
| #define HAVE_CXX11 1
| #define STDC_HEADERS 1
| #define HAVE_SYS_TYPES_H 1
| #define HAVE_SYS_STAT_H 1
| #define HAVE_STDLIB_H 1
| #define HAVE_STRING_H 1
| #define HAVE_MEMORY_H 1
| #define HAVE_STRINGS_H 1
| #define HAVE_INTTYPES_H 1
| #define HAVE_STDINT_H 1
| #define HAVE_UNISTD_H 1
| #define HAVE_DLFCN_H 1
| #define LT_OBJDIR ".libs/"
| #define HAVE_PTHREAD_PRIO_INHERIT 1
| #define HAVE_PTHREAD 1
| #define HAVE_DECL_STRERROR_R 1
| #define HAVE_STRERROR_R 1
| #define STRERROR_R_CHAR_P 1
| #define HAVE_FUNC_ATTRIBUTE_VISIBILITY 1
| #define HAVE_ENDIAN_H 1
| #define HAVE_BYTESWAP_H 1
| #define HAVE_STDIO_H 1
| #define HAVE_STDLIB_H 1
| #define HAVE_UNISTD_H 1
| #define HAVE_STRINGS_H 1
| #define HAVE_SYS_TYPES_H 1
| #define HAVE_SYS_STAT_H 1
| #define HAVE_SYS_SELECT_H 1
| #define HAVE_SYS_PRCTL_H 1
| #define HAVE_DECL_STRNLEN 1
| #define HAVE_DECL_LE16TOH 1
| #define HAVE_DECL_LE32TOH 1
| #define HAVE_DECL_LE64TOH 1
| #define HAVE_DECL_HTOLE16 1
| #define HAVE_DECL_HTOLE32 1
| #define HAVE_DECL_HTOLE64 1
| #define HAVE_DECL_BE16TOH 1
| #define HAVE_DECL_BE32TOH 1
| #define HAVE_DECL_BE64TOH 1
| #define HAVE_DECL_HTOBE16 1
| #define HAVE_DECL_HTOBE32 1
| #define HAVE_DECL_HTOBE64 1
| #define HAVE_DECL_BSWAP_16 1
| #define HAVE_DECL_BSWAP_32 1
| #define HAVE_DECL_BSWAP_64 1
| #define HAVE_MSG_NOSIGNAL 1
| #define HAVE_VISIBILITY_ATTRIBUTE 1
| #define USE_BDB 1
| #define HAVE_MINIUPNPC_MINIWGET_H 1
| #define HAVE_MINIUPNPC_MINIUPNPC_H 1
| #define HAVE_MINIUPNPC_UPNPCOMMANDS_H 1
| #define HAVE_MINIUPNPC_UPNPERRORS_H 1
| #define QT_STATICPLUGIN 1
| #define QT_STATICPLUGIN 1
| #define QT_QPA_PLATFORM_MINIMAL 1
| #define QT_QPA_PLATFORM_XCB 1
| #define HAVE_BOOST /**/
| #define HAVE_BOOST_SYSTEM /**/
| #define HAVE_BOOST_FILESYSTEM /**/
| #define HAVE_BOOST_PROGRAM_OPTIONS /**/
| #define HAVE_BOOST_THREAD /**/
| #define HAVE_BOOST_CHRONO /**/
| /* end confdefs.h.  */
| 
|   #include "boost/config.hpp"
|   #include "boost/version.hpp"
|   #if !defined(BOOST_NO_SCOPED_ENUMS) && !defined(BOOST_NO_CXX11_SCOPED_ENUMS) && BOOST_VERSION < 105700
|   #define BOOST_NO_SCOPED_ENUMS
|   #define BOOST_NO_CXX11_SCOPED_ENUMS
|   #define CHECK
|   #endif
|   #include "boost/filesystem.hpp"
| 
| int
| main ()
| {
| 
|   #if defined(CHECK)
|     boost::filesystem::copy_file("foo", "bar");
|   #else
|     choke;
|   #endif
| 
|   ;
|   return 0;
| }
configure:29864: result: ok
configure:29896: g++ -m64 -std=c++11 -o conftest -pipe -O2  -I/home/administrator/walletbuilders/build_environment/blackcoin/2.13.2.8/depends/x86_64-pc-linux-gnu/include/  -DHAVE_BUILD_INFO -D__STDC_FORMAT_MACROS -pthread -I/home/administrator/walletbuilders/build_environment/blackcoin/2.13.2.8/depends/x86_64-pc-linux-gnu/include -L/home/administrator/walletbuilders/build_environment/blackcoin/2.13.2.8/depends/x86_64-pc-linux-gnu/lib  conftest.cpp -L/home/administrator/walletbuilders/build_environment/blackcoin/2.13.2.8/depends/x86_64-pc-linux-gnu/lib -lboost_system-mt-x64 -lboost_filesystem-mt-x64 -lboost_program_options-mt-x64 -lboost_thread-mt-x64 -lboost_chrono-mt-x64  >&5
configure:29896: $? = 0
configure:29958: checking for SSL
configure:29965: $PKG_CONFIG --exists --print-errors "libssl"
configure:29968: $? = 0
configure:29982: $PKG_CONFIG --exists --print-errors "libssl"
configure:29985: $? = 0
configure:30023: result: yes
configure:30029: checking for CRYPTO
configure:30036: $PKG_CONFIG --exists --print-errors "libcrypto"
configure:30039: $? = 0
configure:30053: $PKG_CONFIG --exists --print-errors "libcrypto"
configure:30056: $? = 0
configure:30094: result: yes
configure:30103: checking for PROTOBUF
configure:30110: $PKG_CONFIG --exists --print-errors "protobuf"
configure:30113: $? = 0
configure:30127: $PKG_CONFIG --exists --print-errors "protobuf"
configure:30130: $? = 0
configure:30190: result: yes
configure:30205: checking for QR
configure:30212: $PKG_CONFIG --exists --print-errors "libqrencode"
configure:30215: $? = 0
configure:30229: $PKG_CONFIG --exists --print-errors "libqrencode"
configure:30232: $? = 0
configure:30270: result: yes
configure:30283: checking for EVENT
configure:30290: $PKG_CONFIG --exists --print-errors "libevent"
configure:30293: $? = 0
configure:30307: $PKG_CONFIG --exists --print-errors "libevent"
configure:30310: $? = 0
configure:30348: result: yes
configure:30355: checking for EVENT_PTHREADS
configure:30362: $PKG_CONFIG --exists --print-errors "libevent_pthreads"
configure:30365: $? = 0
configure:30379: $PKG_CONFIG --exists --print-errors "libevent_pthreads"
configure:30382: $? = 0
configure:30420: result: yes
configure:30430: checking for ZMQ
configure:30437: $PKG_CONFIG --exists --print-errors "libzmq >= 4"
configure:30440: $? = 0
configure:30454: $PKG_CONFIG --exists --print-errors "libzmq >= 4"
configure:30457: $? = 0
configure:30505: result: yes
configure:30898: checking whether EVP_MD_CTX_new is declared
configure:30898: g++ -m64 -std=c++11 -c -pipe -O2  -I/home/administrator/walletbuilders/build_environment/blackcoin/2.13.2.8/depends/x86_64-pc-linux-gnu/include -I/home/administrator/walletbuilders/build_environment/blackcoin/2.13.2.8/depends/x86_64-pc-linux-gnu/include -I/home/administrator/walletbuilders/build_environment/blackcoin/2.13.2.8/depends/x86_64-pc-linux-gnu/include/  -DHAVE_BUILD_INFO -D__STDC_FORMAT_MACROS conftest.cpp >&5
conftest.cpp: In function 'int main()':
conftest.cpp:114:10: error: 'EVP_MD_CTX_new' was not declared in this scope
   (void) EVP_MD_CTX_new;
          ^~~~~~~~~~~~~~
conftest.cpp:114:10: note: suggested alternative: 'EVP_MD_CTX_init'
   (void) EVP_MD_CTX_new;
          ^~~~~~~~~~~~~~
          EVP_MD_CTX_init
configure:30898: $? = 1
configure: failed program was:
| /* confdefs.h */
| #define PACKAGE_NAME "Fireants"
| #define PACKAGE_TARNAME "fireants"
| #define PACKAGE_VERSION "1.0.0"
| #define PACKAGE_STRING "Fireants 1.0.0"
| #define PACKAGE_BUGREPORT "https://github.com/hgr3dsm"
| #define PACKAGE_URL ""
| #define HAVE_CXX11 1
| #define STDC_HEADERS 1
| #define HAVE_SYS_TYPES_H 1
| #define HAVE_SYS_STAT_H 1
| #define HAVE_STDLIB_H 1
| #define HAVE_STRING_H 1
| #define HAVE_MEMORY_H 1
| #define HAVE_STRINGS_H 1
| #define HAVE_INTTYPES_H 1
| #define HAVE_STDINT_H 1
| #define HAVE_UNISTD_H 1
| #define HAVE_DLFCN_H 1
| #define LT_OBJDIR ".libs/"
| #define HAVE_PTHREAD_PRIO_INHERIT 1
| #define HAVE_PTHREAD 1
| #define HAVE_DECL_STRERROR_R 1
| #define HAVE_STRERROR_R 1
| #define STRERROR_R_CHAR_P 1
| #define HAVE_FUNC_ATTRIBUTE_VISIBILITY 1
| #define HAVE_ENDIAN_H 1
| #define HAVE_BYTESWAP_H 1
| #define HAVE_STDIO_H 1
| #define HAVE_STDLIB_H 1
| #define HAVE_UNISTD_H 1
| #define HAVE_STRINGS_H 1
| #define HAVE_SYS_TYPES_H 1
| #define HAVE_SYS_STAT_H 1
| #define HAVE_SYS_SELECT_H 1
| #define HAVE_SYS_PRCTL_H 1
| #define HAVE_DECL_STRNLEN 1
| #define HAVE_DECL_LE16TOH 1
| #define HAVE_DECL_LE32TOH 1
| #define HAVE_DECL_LE64TOH 1
| #define HAVE_DECL_HTOLE16 1
| #define HAVE_DECL_HTOLE32 1
| #define HAVE_DECL_HTOLE64 1
| #define HAVE_DECL_BE16TOH 1
| #define HAVE_DECL_BE32TOH 1
| #define HAVE_DECL_BE64TOH 1
| #define HAVE_DECL_HTOBE16 1
| #define HAVE_DECL_HTOBE32 1
| #define HAVE_DECL_HTOBE64 1
| #define HAVE_DECL_BSWAP_16 1
| #define HAVE_DECL_BSWAP_32 1
| #define HAVE_DECL_BSWAP_64 1
| #define HAVE_MSG_NOSIGNAL 1
| #define HAVE_VISIBILITY_ATTRIBUTE 1
| #define USE_BDB 1
| #define HAVE_MINIUPNPC_MINIWGET_H 1
| #define HAVE_MINIUPNPC_MINIUPNPC_H 1
| #define HAVE_MINIUPNPC_UPNPCOMMANDS_H 1
| #define HAVE_MINIUPNPC_UPNPERRORS_H 1
| #define QT_STATICPLUGIN 1
| #define QT_STATICPLUGIN 1
| #define QT_QPA_PLATFORM_MINIMAL 1
| #define QT_QPA_PLATFORM_XCB 1
| #define HAVE_BOOST /**/
| #define HAVE_BOOST_SYSTEM /**/
| #define HAVE_BOOST_FILESYSTEM /**/
| #define HAVE_BOOST_PROGRAM_OPTIONS /**/
| #define HAVE_BOOST_THREAD /**/
| #define HAVE_BOOST_CHRONO /**/
| #define HAVE_WORKING_BOOST_SLEEP_FOR 1
| #define ENABLE_ZMQ 1
| /* end confdefs.h.  */
| #include <stdio.h>
| #ifdef HAVE_SYS_TYPES_H
| # include <sys/types.h>
| #endif
| #ifdef HAVE_SYS_STAT_H
| # include <sys/stat.h>
| #endif
| #ifdef STDC_HEADERS
| # include <stdlib.h>
| # include <stddef.h>
| #else
| # ifdef HAVE_STDLIB_H
| #  include <stdlib.h>
| # endif
| #endif
| #ifdef HAVE_STRING_H
| # if !defined STDC_HEADERS && defined HAVE_MEMORY_H
| #  include <memory.h>
| # endif
| # include <string.h>
| #endif
| #ifdef HAVE_STRINGS_H
| # include <strings.h>
| #endif
| #ifdef HAVE_INTTYPES_H
| # include <inttypes.h>
| #endif
| #ifdef HAVE_STDINT_H
| # include <stdint.h>
| #endif
| #ifdef HAVE_UNISTD_H
| # include <unistd.h>
| #endif
| #include <openssl/x509_vfy.h>
| 
| 
| int
| main ()
| {
| #ifndef EVP_MD_CTX_new
| #ifdef __cplusplus
|   (void) EVP_MD_CTX_new;
| #else
|   (void) EVP_MD_CTX_new;
| #endif
| #endif
| 
|   ;
|   return 0;
| }
configure:30898: result: no
configure:31134: checking for protoc
configure:31152: found /home/administrator/walletbuilders/build_environment/blackcoin/2.13.2.8/depends/x86_64-pc-linux-gnu/native/bin/protoc
configure:31164: result: /home/administrator/walletbuilders/build_environment/blackcoin/2.13.2.8/depends/x86_64-pc-linux-gnu/native/bin/protoc
configure:31198: checking whether to build bitcoind
configure:31208: result: yes
configure:31211: checking whether to build utils (bitcoin-cli bitcoin-tx)
configure:31221: result: yes
configure:31224: checking whether to build libraries
configure:31241: result: yes
configure:31252: checking if ccache should be used
configure:31265: result: yes
configure:31269: checking whether C preprocessor accepts -Qunused-arguments
configure:31288: gcc -m64 -E -I/home/administrator/walletbuilders/build_environment/blackcoin/2.13.2.8/depends/x86_64-pc-linux-gnu/include/  -DHAVE_BUILD_INFO -D__STDC_FORMAT_MACROS  -Qunused-arguments conftest.c
gcc: error: unrecognized command line option '-Qunused-arguments'; did you mean '-Wunused-parameter'?
configure:31288: $? = 1
configure: failed program was:
| /* confdefs.h */
| #define PACKAGE_NAME "Fireants"
| #define PACKAGE_TARNAME "fireants"
| #define PACKAGE_VERSION "1.0.0"
| #define PACKAGE_STRING "Fireants 1.0.0"
| #define PACKAGE_BUGREPORT "https://github.com/hgr3dsm"
| #define PACKAGE_URL ""
| #define HAVE_CXX11 1
| #define STDC_HEADERS 1
| #define HAVE_SYS_TYPES_H 1
| #define HAVE_SYS_STAT_H 1
| #define HAVE_STDLIB_H 1
| #define HAVE_STRING_H 1
| #define HAVE_MEMORY_H 1
| #define HAVE_STRINGS_H 1
| #define HAVE_INTTYPES_H 1
| #define HAVE_STDINT_H 1
| #define HAVE_UNISTD_H 1
| #define HAVE_DLFCN_H 1
| #define LT_OBJDIR ".libs/"
| #define HAVE_PTHREAD_PRIO_INHERIT 1
| #define HAVE_PTHREAD 1
| #define HAVE_DECL_STRERROR_R 1
| #define HAVE_STRERROR_R 1
| #define STRERROR_R_CHAR_P 1
| #define HAVE_FUNC_ATTRIBUTE_VISIBILITY 1
| #define HAVE_ENDIAN_H 1
| #define HAVE_BYTESWAP_H 1
| #define HAVE_STDIO_H 1
| #define HAVE_STDLIB_H 1
| #define HAVE_UNISTD_H 1
| #define HAVE_STRINGS_H 1
| #define HAVE_SYS_TYPES_H 1
| #define HAVE_SYS_STAT_H 1
| #define HAVE_SYS_SELECT_H 1
| #define HAVE_SYS_PRCTL_H 1
| #define HAVE_DECL_STRNLEN 1
| #define HAVE_DECL_LE16TOH 1
| #define HAVE_DECL_LE32TOH 1
| #define HAVE_DECL_LE64TOH 1
| #define HAVE_DECL_HTOLE16 1
| #define HAVE_DECL_HTOLE32 1
| #define HAVE_DECL_HTOLE64 1
| #define HAVE_DECL_BE16TOH 1
| #define HAVE_DECL_BE32TOH 1
| #define HAVE_DECL_BE64TOH 1
| #define HAVE_DECL_HTOBE16 1
| #define HAVE_DECL_HTOBE32 1
| #define HAVE_DECL_HTOBE64 1
| #define HAVE_DECL_BSWAP_16 1
| #define HAVE_DECL_BSWAP_32 1
| #define HAVE_DECL_BSWAP_64 1
| #define HAVE_MSG_NOSIGNAL 1
| #define HAVE_VISIBILITY_ATTRIBUTE 1
| #define USE_BDB 1
| #define HAVE_MINIUPNPC_MINIWGET_H 1
| #define HAVE_MINIUPNPC_MINIUPNPC_H 1
| #define HAVE_MINIUPNPC_UPNPCOMMANDS_H 1
| #define HAVE_MINIUPNPC_UPNPERRORS_H 1
| #define QT_STATICPLUGIN 1
| #define QT_STATICPLUGIN 1
| #define QT_QPA_PLATFORM_MINIMAL 1
| #define QT_QPA_PLATFORM_XCB 1
| #define HAVE_BOOST /**/
| #define HAVE_BOOST_SYSTEM /**/
| #define HAVE_BOOST_FILESYSTEM /**/
| #define HAVE_BOOST_PROGRAM_OPTIONS /**/
| #define HAVE_BOOST_THREAD /**/
| #define HAVE_BOOST_CHRONO /**/
| #define HAVE_WORKING_BOOST_SLEEP_FOR 1
| #define ENABLE_ZMQ 1
| #define HAVE_DECL_EVP_MD_CTX_NEW 0
| #define HAVE_CONSENSUS_LIB 1
| /* end confdefs.h.  */
| 
| int
| main ()
| {
| 
|   ;
|   return 0;
| }
configure:31296: result: no
configure:31306: checking if wallet should be enabled
configure:31309: result: yes
configure:31322: checking whether to build with support for UPnP
configure:31332: result: yes
configure:31334: checking whether to build with UPnP enabled by default
configure:31342: result: no
configure:31360: checking whether to build GUI with support for D-Bus
configure:31367: result: yes
configure:31370: checking whether to build GUI with support for QR codes
configure:31380: result: yes
configure:31397: checking whether to build test_bitcoin-qt
configure:31404: result: no
configure:31418: checking whether to build test_bitcoin
configure:31425: result: no
configure:31430: checking whether to reduce exports
configure:31436: result: no
configure:31781: checking that generated files are newer than configure
configure:31787: result: done
configure:31907: creating ./config.status

## ---------------------- ##
## Running config.status. ##
## ---------------------- ##

This file was extended by Fireants config.status 1.0.0, which was
generated by GNU Autoconf 2.69.  Invocation command line was

  CONFIG_FILES    = 
  CONFIG_HEADERS  = 
  CONFIG_LINKS    = 
  CONFIG_COMMANDS = 
  $ ./config.status 

on bld

config.status:1483: creating libbitcoinconsensus.pc
config.status:1483: creating Makefile
config.status:1483: creating src/Makefile
config.status:1483: creating doc/man/Makefile
config.status:1483: creating share/setup.nsi
config.status:1483: creating share/qt/Info.plist
config.status:1483: creating src/test/buildenv.py
config.status:1483: creating qa/pull-tester/run-bitcoind-for-test.sh
config.status:1483: creating qa/pull-tester/tests_config.py
config.status:1483: creating contrib/devtools/split-debug.sh
config.status:1483: creating src/config/bitcoin-config.h
config.status:1664: src/config/bitcoin-config.h is unchanged
config.status:1743: executing depfiles commands
config.status:1743: executing libtool commands
configure:34429: === configuring in src/univalue (/tmp/Fireants/src/univalue)
configure:34492: running /bin/bash ./configure --disable-option-checking '--prefix=/usr/local'  '--disable-tests' '--disable-bench' '--with-incompatible-bdb' '--disable-shared' '--with-pic' '--with-bignum=no' '--enable-module-recovery' --cache-file=/dev/null --srcdir=.
configure:34429: === configuring in src/secp256k1 (/tmp/Fireants/src/secp256k1)
configure:34492: running /bin/bash ./configure --disable-option-checking '--prefix=/usr/local'  '--disable-tests' '--disable-bench' '--with-incompatible-bdb' '--disable-shared' '--with-pic' '--with-bignum=no' '--enable-module-recovery' --cache-file=/dev/null --srcdir=.
configure:34511: result: Fixing libtool for -rpath problems.

## ---------------- ##
## Cache variables. ##
## ---------------- ##

ac_cv_build=x86_64-pc-linux-gnu
ac_cv_c_bigendian=no
ac_cv_c_compiler_gnu=yes
ac_cv_cxx_compiler_gnu=yes
ac_cv_env_BDB_CFLAGS_set=
ac_cv_env_BDB_CFLAGS_value=
ac_cv_env_BDB_LIBS_set=
ac_cv_env_BDB_LIBS_value=
ac_cv_env_CCC_set=
ac_cv_env_CCC_value=
ac_cv_env_CC_set=
ac_cv_env_CC_value=
ac_cv_env_CFLAGS_set=
ac_cv_env_CFLAGS_value=
ac_cv_env_CPPFLAGS_set=
ac_cv_env_CPPFLAGS_value=
ac_cv_env_CPP_set=
ac_cv_env_CPP_value=
ac_cv_env_CRYPTO_CFLAGS_set=
ac_cv_env_CRYPTO_CFLAGS_value=
ac_cv_env_CRYPTO_LIBS_set=
ac_cv_env_CRYPTO_LIBS_value=
ac_cv_env_CXXCPP_set=
ac_cv_env_CXXCPP_value=
ac_cv_env_CXXFLAGS_set=
ac_cv_env_CXXFLAGS_value=
ac_cv_env_CXX_set=
ac_cv_env_CXX_value=
ac_cv_env_EVENT_CFLAGS_set=
ac_cv_env_EVENT_CFLAGS_value=
ac_cv_env_EVENT_LIBS_set=
ac_cv_env_EVENT_LIBS_value=
ac_cv_env_EVENT_PTHREADS_CFLAGS_set=
ac_cv_env_EVENT_PTHREADS_CFLAGS_value=
ac_cv_env_EVENT_PTHREADS_LIBS_set=
ac_cv_env_EVENT_PTHREADS_LIBS_value=
ac_cv_env_LDFLAGS_set=
ac_cv_env_LDFLAGS_value=
ac_cv_env_LIBS_set=
ac_cv_env_LIBS_value=
ac_cv_env_LT_SYS_LIBRARY_PATH_set=
ac_cv_env_LT_SYS_LIBRARY_PATH_value=
ac_cv_env_OBJCXXFLAGS_set=
ac_cv_env_OBJCXXFLAGS_value=
ac_cv_env_OBJCXX_set=
ac_cv_env_OBJCXX_value=
ac_cv_env_PKG_CONFIG_LIBDIR_set=
ac_cv_env_PKG_CONFIG_LIBDIR_value=
ac_cv_env_PKG_CONFIG_PATH_set=
ac_cv_env_PKG_CONFIG_PATH_value=
ac_cv_env_PKG_CONFIG_set=
ac_cv_env_PKG_CONFIG_value=
ac_cv_env_PROTOBUF_CFLAGS_set=
ac_cv_env_PROTOBUF_CFLAGS_value=
ac_cv_env_PROTOBUF_LIBS_set=
ac_cv_env_PROTOBUF_LIBS_value=
ac_cv_env_PYTHONPATH_set=
ac_cv_env_PYTHONPATH_value=
ac_cv_env_QR_CFLAGS_set=
ac_cv_env_QR_CFLAGS_value=
ac_cv_env_QR_LIBS_set=
ac_cv_env_QR_LIBS_value=
ac_cv_env_QT4_CFLAGS_set=
ac_cv_env_QT4_CFLAGS_value=
ac_cv_env_QT4_LIBS_set=
ac_cv_env_QT4_LIBS_value=
ac_cv_env_QT5_CFLAGS_set=
ac_cv_env_QT5_CFLAGS_value=
ac_cv_env_QT5_LIBS_set=
ac_cv_env_QT5_LIBS_value=
ac_cv_env_QTACCESSIBILITY_CFLAGS_set=
ac_cv_env_QTACCESSIBILITY_CFLAGS_value=
ac_cv_env_QTACCESSIBILITY_LIBS_set=
ac_cv_env_QTACCESSIBILITY_LIBS_value=
ac_cv_env_QTCGL_CFLAGS_set=
ac_cv_env_QTCGL_CFLAGS_value=
ac_cv_env_QTCGL_LIBS_set=
ac_cv_env_QTCGL_LIBS_value=
ac_cv_env_QTCLIPBOARD_CFLAGS_set=
ac_cv_env_QTCLIPBOARD_CFLAGS_value=
ac_cv_env_QTCLIPBOARD_LIBS_set=
ac_cv_env_QTCLIPBOARD_LIBS_value=
ac_cv_env_QTDEVICEDISCOVERY_CFLAGS_set=
ac_cv_env_QTDEVICEDISCOVERY_CFLAGS_value=
ac_cv_env_QTDEVICEDISCOVERY_LIBS_set=
ac_cv_env_QTDEVICEDISCOVERY_LIBS_value=
ac_cv_env_QTEVENTDISPATCHER_CFLAGS_set=
ac_cv_env_QTEVENTDISPATCHER_CFLAGS_value=
ac_cv_env_QTEVENTDISPATCHER_LIBS_set=
ac_cv_env_QTEVENTDISPATCHER_LIBS_value=
ac_cv_env_QTFB_CFLAGS_set=
ac_cv_env_QTFB_CFLAGS_value=
ac_cv_env_QTFB_LIBS_set=
ac_cv_env_QTFB_LIBS_value=
ac_cv_env_QTFONTDATABASE_CFLAGS_set=
ac_cv_env_QTFONTDATABASE_CFLAGS_value=
ac_cv_env_QTFONTDATABASE_LIBS_set=
ac_cv_env_QTFONTDATABASE_LIBS_value=
ac_cv_env_QTGRAPHICS_CFLAGS_set=
ac_cv_env_QTGRAPHICS_CFLAGS_value=
ac_cv_env_QTGRAPHICS_LIBS_set=
ac_cv_env_QTGRAPHICS_LIBS_value=
ac_cv_env_QTPLATFORM_CFLAGS_set=
ac_cv_env_QTPLATFORM_CFLAGS_value=
ac_cv_env_QTPLATFORM_LIBS_set=
ac_cv_env_QTPLATFORM_LIBS_value=
ac_cv_env_QTTHEME_CFLAGS_set=
ac_cv_env_QTTHEME_CFLAGS_value=
ac_cv_env_QTTHEME_LIBS_set=
ac_cv_env_QTTHEME_LIBS_value=
ac_cv_env_QTXCBQPA_CFLAGS_set=
ac_cv_env_QTXCBQPA_CFLAGS_value=
ac_cv_env_QTXCBQPA_LIBS_set=
ac_cv_env_QTXCBQPA_LIBS_value=
ac_cv_env_QT_CFLAGS_set=
ac_cv_env_QT_CFLAGS_value=
ac_cv_env_QT_DBUS_CFLAGS_set=
ac_cv_env_QT_DBUS_CFLAGS_value=
ac_cv_env_QT_DBUS_LIBS_set=
ac_cv_env_QT_DBUS_LIBS_value=
ac_cv_env_QT_LIBS_set=
ac_cv_env_QT_LIBS_value=
ac_cv_env_QT_TEST_CFLAGS_set=
ac_cv_env_QT_TEST_CFLAGS_value=
ac_cv_env_QT_TEST_LIBS_set=
ac_cv_env_QT_TEST_LIBS_value=
ac_cv_env_SSL_CFLAGS_set=
ac_cv_env_SSL_CFLAGS_value=
ac_cv_env_SSL_LIBS_set=
ac_cv_env_SSL_LIBS_value=
ac_cv_env_UNIVALUE_CFLAGS_set=
ac_cv_env_UNIVALUE_CFLAGS_value=
ac_cv_env_UNIVALUE_LIBS_set=
ac_cv_env_UNIVALUE_LIBS_value=
ac_cv_env_X11XCB_CFLAGS_set=
ac_cv_env_X11XCB_CFLAGS_value=
ac_cv_env_X11XCB_LIBS_set=
ac_cv_env_X11XCB_LIBS_value=
ac_cv_env_ZMQ_CFLAGS_set=
ac_cv_env_ZMQ_CFLAGS_value=
ac_cv_env_ZMQ_LIBS_set=
ac_cv_env_ZMQ_LIBS_value=
ac_cv_env_build_alias_set=
ac_cv_env_build_alias_value=
ac_cv_env_host_alias_set=
ac_cv_env_host_alias_value=
ac_cv_env_target_alias_set=
ac_cv_env_target_alias_value=
ac_cv_func_strerror_r=yes
ac_cv_func_strerror_r_char_p=yes
ac_cv_have_decl_EVP_MD_CTX_new=no
ac_cv_have_decl_be16toh=yes
ac_cv_have_decl_be32toh=yes
ac_cv_have_decl_be64toh=yes
ac_cv_have_decl_bswap_16=yes
ac_cv_have_decl_bswap_32=yes
ac_cv_have_decl_bswap_64=yes
ac_cv_have_decl_htobe16=yes
ac_cv_have_decl_htobe32=yes
ac_cv_have_decl_htobe64=yes
ac_cv_have_decl_htole16=yes
ac_cv_have_decl_htole32=yes
ac_cv_have_decl_htole64=yes
ac_cv_have_decl_le16toh=yes
ac_cv_have_decl_le32toh=yes
ac_cv_have_decl_le64toh=yes
ac_cv_have_decl_strerror_r=yes
ac_cv_have_decl_strnlen=yes
ac_cv_header_byteswap_h=yes
ac_cv_header_dlfcn_h=yes
ac_cv_header_endian_h=yes
ac_cv_header_inttypes_h=yes
ac_cv_header_memory_h=yes
ac_cv_header_miniupnpc_miniupnpc_h=yes
ac_cv_header_miniupnpc_miniwget_h=yes
ac_cv_header_miniupnpc_upnpcommands_h=yes
ac_cv_header_miniupnpc_upnperrors_h=yes
ac_cv_header_stdc=yes
ac_cv_header_stdint_h=yes
ac_cv_header_stdio_h=yes
ac_cv_header_stdlib_h=yes
ac_cv_header_string_h=yes
ac_cv_header_strings_h=yes
ac_cv_header_sys_endian_h=no
ac_cv_header_sys_prctl_h=yes
ac_cv_header_sys_select_h=yes
ac_cv_header_sys_stat_h=yes
ac_cv_header_sys_types_h=yes
ac_cv_header_unistd_h=yes
ac_cv_host=x86_64-pc-linux-gnu
ac_cv_lib_boost_chrono_mt_x64___exit=yes
ac_cv_lib_boost_filesystem_mt_x64___exit=yes
ac_cv_lib_boost_program_options_mt_x64___exit=yes
ac_cv_lib_boost_system_mt_x64___exit=yes
ac_cv_lib_boost_thread_mt_x64___exit=yes
ac_cv_lib_db_cxx___main=yes
ac_cv_lib_miniupnpc_main=yes
ac_cv_objcxx_compiler_gnu=no
ac_cv_objext=o
ac_cv_path_CCACHE=/home/administrator/walletbuilders/build_environment/blackcoin/2.13.2.8/depends/x86_64-pc-linux-gnu/native/bin/ccache
ac_cv_path_EGREP='/bin/grep -E'
ac_cv_path_FGREP='/bin/grep -F'
ac_cv_path_GIT=/usr/bin/git
ac_cv_path_GREP=/bin/grep
ac_cv_path_HEXDUMP=/usr/bin/hexdump
ac_cv_path_LRELEASE=/home/administrator/walletbuilders/build_environment/blackcoin/2.13.2.8/depends/x86_64-pc-linux-gnu/native/bin/lrelease
ac_cv_path_LUPDATE=/home/administrator/walletbuilders/build_environment/blackcoin/2.13.2.8/depends/x86_64-pc-linux-gnu/native/bin/lupdate
ac_cv_path_MOC=/home/administrator/walletbuilders/build_environment/blackcoin/2.13.2.8/depends/x86_64-pc-linux-gnu/native/bin/moc
ac_cv_path_PKG_CONFIG='/usr/bin/pkg-config --static'
ac_cv_path_PROTOC=/home/administrator/walletbuilders/build_environment/blackcoin/2.13.2.8/depends/x86_64-pc-linux-gnu/native/bin/protoc
ac_cv_path_PYTHON=/usr/bin/python3.6
ac_cv_path_RCC=/home/administrator/walletbuilders/build_environment/blackcoin/2.13.2.8/depends/x86_64-pc-linux-gnu/native/bin/rcc
ac_cv_path_SED=/bin/sed
ac_cv_path_UIC=/home/administrator/walletbuilders/build_environment/blackcoin/2.13.2.8/depends/x86_64-pc-linux-gnu/native/bin/uic
ac_cv_path_XGETTEXT=/usr/bin/xgettext
ac_cv_path_ac_pt_AR=ar
ac_cv_path_ac_pt_CPPFILT=/usr/bin/c++filt
ac_cv_path_ac_pt_GCOV=/usr/bin/gcov
ac_cv_path_ac_pt_NM=nm
ac_cv_path_ac_pt_OBJCOPY=/usr/bin/objcopy
ac_cv_path_ac_pt_RANLIB=ranlib
ac_cv_path_ac_pt_READELF=/usr/bin/readelf
ac_cv_path_ac_pt_STRIP=/usr/bin/strip
ac_cv_path_install='/usr/bin/install -c'
ac_cv_path_lt_DD=/bin/dd
ac_cv_path_mkdir=/bin/mkdir
ac_cv_prog_AR=ar
ac_cv_prog_AWK=gawk
ac_cv_prog_CC='gcc -m64'
ac_cv_prog_CPP='gcc -m64 -E'
ac_cv_prog_CXXCPP='g++ -m64 -std=c++11 -E'
ac_cv_prog_OBJCXX='g++ -m64 -std=c++11'
ac_cv_prog_RANLIB=ranlib
ac_cv_prog_STRIP=strip
ac_cv_prog_ac_ct_MANIFEST_TOOL=mt
ac_cv_prog_ac_ct_OBJDUMP=objdump
ac_cv_prog_ac_ct_STRIP=strip
ac_cv_prog_cc_c89=
ac_cv_prog_cc_g=yes
ac_cv_prog_cxx_g=yes
ac_cv_prog_make_make_set=yes
ac_cv_prog_objcxx_g=no
ac_cv_search_clock_gettime='none required'
ac_cv_sys_file_offset_bits=no
ac_cv_sys_largefile_CC=no
am_cv_CC_dependencies_compiler_type=gcc3
am_cv_CXX_dependencies_compiler_type=gcc3
am_cv_OBJCXX_dependencies_compiler_type=gcc3
am_cv_make_support_nested_variables=yes
am_cv_prog_cc_c_o=yes
ax_cv_PTHREAD_CLANG=no
ax_cv_PTHREAD_JOINABLE_ATTR=PTHREAD_CREATE_JOINABLE
ax_cv_PTHREAD_PRIO_INHERIT=yes
ax_cv_PTHREAD_SPECIAL_FLAGS=no
ax_cv_boost_chrono=yes
ax_cv_boost_filesystem=yes
ax_cv_boost_program_options=yes
ax_cv_boost_system=yes
ax_cv_boost_thread=yes
ax_cv_check_ccppflags___Qunused_arguments=no
ax_cv_check_cxxcppflags___D_FORTIFY_SOURCE_2=yes
ax_cv_check_cxxcppflags___U_FORTIFY_SOURCE=yes
ax_cv_check_cxxflags___Werror=yes
ax_cv_check_cxxflags___Wstack_protector=yes
ax_cv_check_cxxflags___fPIC=yes
ax_cv_check_cxxflags___fPIE=yes
ax_cv_check_cxxflags___fstack_protector_all=yes
ax_cv_check_ldflags___Wl___dynamicbase=no
ax_cv_check_ldflags___Wl___high_entropy_va=no
ax_cv_check_ldflags___Wl___large_address_aware=no
ax_cv_check_ldflags___Wl___nxcompat=no
ax_cv_check_ldflags___Wl__z_now=yes
ax_cv_check_ldflags___Wl__z_relro=yes
ax_cv_check_ldflags___pie=yes
ax_cv_cxx_compile_cxx11__std_cpp11=yes
ax_cv_have_func_attribute_dllexport=no
ax_cv_have_func_attribute_dllimport=no
ax_cv_have_func_attribute_visibility=yes
bitcoin_cv_need_acc_widget=no
bitcoin_cv_static_qt=yes
lt_cv_ar_at_file=@
lt_cv_archive_cmds_need_lc=no
lt_cv_deplibs_check_method=pass_all
lt_cv_file_magic_cmd='$MAGIC_CMD'
lt_cv_file_magic_test_file=
lt_cv_ld_reload_flag=-r
lt_cv_nm_interface='BSD nm'
lt_cv_objdir=.libs
lt_cv_path_LD=/usr/bin/ld
lt_cv_path_LDCXX='/usr/bin/ld -m elf_x86_64'
lt_cv_path_NM=nm
lt_cv_path_mainfest_tool=no
lt_cv_prog_compiler_c_o=yes
lt_cv_prog_compiler_c_o_CXX=yes
lt_cv_prog_compiler_pic='-fPIC -DPIC'
lt_cv_prog_compiler_pic_CXX='-fPIC -DPIC'
lt_cv_prog_compiler_pic_works=yes
lt_cv_prog_compiler_pic_works_CXX=yes
lt_cv_prog_compiler_rtti_exceptions=no
lt_cv_prog_compiler_static_works=yes
lt_cv_prog_compiler_static_works_CXX=yes
lt_cv_prog_gnu_ld=yes
lt_cv_prog_gnu_ldcxx=yes
lt_cv_sharedlib_from_linklib_cmd='printf %s\n'
lt_cv_shlibpath_overrides_runpath=yes
lt_cv_sys_global_symbol_pipe='sed -n -e '\''s/^.*[	 ]\([ABCDGIRSTW][ABCDGIRSTW]*\)[	 ][	 ]*\([_A-Za-z][_A-Za-z0-9]*\)$/\1 \2 \2/p'\'' | sed '\''/ __gnu_lto/d'\'''
lt_cv_sys_global_symbol_to_c_name_address='sed -n -e '\''s/^: \(.*\) .*$/  {"\1", (void *) 0},/p'\'' -e '\''s/^[ABCDGIRSTW][ABCDGIRSTW]* .* \(.*\)$/  {"\1", (void *) \&\1},/p'\'''
lt_cv_sys_global_symbol_to_c_name_address_lib_prefix='sed -n -e '\''s/^: \(.*\) .*$/  {"\1", (void *) 0},/p'\'' -e '\''s/^[ABCDGIRSTW][ABCDGIRSTW]* .* \(lib.*\)$/  {"\1", (void *) \&\1},/p'\'' -e '\''s/^[ABCDGIRSTW][ABCDGIRSTW]* .* \(.*\)$/  {"lib\1", (void *) \&\1},/p'\'''
lt_cv_sys_global_symbol_to_cdecl='sed -n -e '\''s/^T .* \(.*\)$/extern int \1();/p'\'' -e '\''s/^[ABCDGIRSTW][ABCDGIRSTW]* .* \(.*\)$/extern char \1;/p'\'''
lt_cv_sys_global_symbol_to_import=
lt_cv_sys_max_cmd_len=1572864
lt_cv_to_host_file_cmd=func_convert_file_noop
lt_cv_to_tool_file_cmd=func_convert_file_noop
lt_cv_truncate_bin='/bin/dd bs=4096 count=1'
pkg_cv_CRYPTO_CFLAGS=-I/home/administrator/walletbuilders/build_environment/blackcoin/2.13.2.8/depends/x86_64-pc-linux-gnu/include
pkg_cv_CRYPTO_LIBS='-L/home/administrator/walletbuilders/build_environment/blackcoin/2.13.2.8/depends/x86_64-pc-linux-gnu/lib -lcrypto -ldl'
pkg_cv_EVENT_CFLAGS=-I/home/administrator/walletbuilders/build_environment/blackcoin/2.13.2.8/depends/x86_64-pc-linux-gnu/include
pkg_cv_EVENT_LIBS='-L/home/administrator/walletbuilders/build_environment/blackcoin/2.13.2.8/depends/x86_64-pc-linux-gnu/lib -levent'
pkg_cv_EVENT_PTHREADS_CFLAGS='-pthread -I/home/administrator/walletbuilders/build_environment/blackcoin/2.13.2.8/depends/x86_64-pc-linux-gnu/include'
pkg_cv_EVENT_PTHREADS_LIBS='-L/home/administrator/walletbuilders/build_environment/blackcoin/2.13.2.8/depends/x86_64-pc-linux-gnu/lib -levent_pthreads -levent'
pkg_cv_PROTOBUF_CFLAGS='-pthread -I/home/administrator/walletbuilders/build_environment/blackcoin/2.13.2.8/depends/x86_64-pc-linux-gnu/include'
pkg_cv_PROTOBUF_LIBS='-L/home/administrator/walletbuilders/build_environment/blackcoin/2.13.2.8/depends/x86_64-pc-linux-gnu/lib -lprotobuf -pthread -lpthread -lz'
pkg_cv_QR_CFLAGS=-I/home/administrator/walletbuilders/build_environment/blackcoin/2.13.2.8/depends/x86_64-pc-linux-gnu/include
pkg_cv_QR_LIBS='-L/home/administrator/walletbuilders/build_environment/blackcoin/2.13.2.8/depends/x86_64-pc-linux-gnu/lib -lqrencode -lpthread'
pkg_cv_QT5_CFLAGS='-I/home/administrator/walletbuilders/build_environment/blackcoin/2.13.2.8/depends/x86_64-pc-linux-gnu/include/QtNetwork -I/home/administrator/walletbuilders/build_environment/blackcoin/2.13.2.8/depends/x86_64-pc-linux-gnu/include/QtWidgets -I/home/administrator/walletbuilders/build_environment/blackcoin/2.13.2.8/depends/x86_64-pc-linux-gnu/include/QtGui -I/home/administrator/walletbuilders/build_environment/blackcoin/2.13.2.8/depends/x86_64-pc-linux-gnu/include/QtCore'
pkg_cv_QT5_LIBS='-L/home/administrator/walletbuilders/build_environment/blackcoin/2.13.2.8/depends/x86_64-pc-linux-gnu/lib -lQt5Network -lQt5Core -lm -lz -lqtpcre2 -ldl -lpthread -lz -lssl -lcrypto -lQt5Widgets -lQt5Gui -lqtlibpng -lqtharfbuzz -lQt5Core -lm -lz -lqtpcre2 -ldl -lpthread -lQt5Gui -lQt5Core -lm -lz -lqtpcre2 -ldl -lpthread -lqtlibpng -lqtharfbuzz -lz -lQt5Core -lpthread -lm -lz -lqtpcre2 -ldl'
pkg_cv_QTACCESSIBILITY_CFLAGS='-I/home/administrator/walletbuilders/build_environment/blackcoin/2.13.2.8/depends/x86_64-pc-linux-gnu/include/QtAccessibilitySupport -I/home/administrator/walletbuilders/build_environment/blackcoin/2.13.2.8/depends/x86_64-pc-linux-gnu/include/QtGui -I/home/administrator/walletbuilders/build_environment/blackcoin/2.13.2.8/depends/x86_64-pc-linux-gnu/include/QtCore'
pkg_cv_QTACCESSIBILITY_LIBS='-L/home/administrator/walletbuilders/build_environment/blackcoin/2.13.2.8/depends/x86_64-pc-linux-gnu/lib -lQt5AccessibilitySupport -lQt5Gui -lqtlibpng -lqtharfbuzz -lQt5Core -lm -lz -lqtpcre2 -ldl -lpthread -lQt5Gui -lQt5Core -lm -lz -lqtpcre2 -ldl -lpthread -lqtlibpng -lqtharfbuzz -lz -lQt5Core -lpthread -lm -lz -lqtpcre2 -ldl'
pkg_cv_QTDEVICEDISCOVERY_CFLAGS='-I/home/administrator/walletbuilders/build_environment/blackcoin/2.13.2.8/depends/x86_64-pc-linux-gnu/include/QtDeviceDiscoverySupport -I/home/administrator/walletbuilders/build_environment/blackcoin/2.13.2.8/depends/x86_64-pc-linux-gnu/include/QtCore'
pkg_cv_QTDEVICEDISCOVERY_LIBS='-L/home/administrator/walletbuilders/build_environment/blackcoin/2.13.2.8/depends/x86_64-pc-linux-gnu/lib -lQt5DeviceDiscoverySupport -lQt5Core -lm -lz -lqtpcre2 -ldl -lpthread -lQt5Core -lpthread -lm -lz -lqtpcre2 -ldl'
pkg_cv_QTEVENTDISPATCHER_CFLAGS='-I/home/administrator/walletbuilders/build_environment/blackcoin/2.13.2.8/depends/x86_64-pc-linux-gnu/include/QtEventDispatcherSupport -I/home/administrator/walletbuilders/build_environment/blackcoin/2.13.2.8/depends/x86_64-pc-linux-gnu/include/QtGui -I/home/administrator/walletbuilders/build_environment/blackcoin/2.13.2.8/depends/x86_64-pc-linux-gnu/include/QtCore'
pkg_cv_QTEVENTDISPATCHER_LIBS='-L/home/administrator/walletbuilders/build_environment/blackcoin/2.13.2.8/depends/x86_64-pc-linux-gnu/lib -lQt5EventDispatcherSupport -lQt5Gui -lqtlibpng -lqtharfbuzz -lQt5Core -lm -lz -lqtpcre2 -ldl -lpthread -lQt5Gui -lQt5Core -lm -lz -lqtpcre2 -ldl -lpthread -lqtlibpng -lqtharfbuzz -lz -lQt5Core -lpthread -lm -lz -lqtpcre2 -ldl'
pkg_cv_QTFB_CFLAGS='-I/home/administrator/walletbuilders/build_environment/blackcoin/2.13.2.8/depends/x86_64-pc-linux-gnu/include/QtFbSupport -I/home/administrator/walletbuilders/build_environment/blackcoin/2.13.2.8/depends/x86_64-pc-linux-gnu/include/QtGui -I/home/administrator/walletbuilders/build_environment/blackcoin/2.13.2.8/depends/x86_64-pc-linux-gnu/include/QtCore'
pkg_cv_QTFB_LIBS='-L/home/administrator/walletbuilders/build_environment/blackcoin/2.13.2.8/depends/x86_64-pc-linux-gnu/lib -lQt5FbSupport -lQt5Gui -lqtlibpng -lqtharfbuzz -lQt5Core -lm -lz -lqtpcre2 -ldl -lpthread -lQt5Gui -lQt5Core -lm -lz -lqtpcre2 -ldl -lpthread -lqtlibpng -lqtharfbuzz -lz -lQt5Core -lpthread -lm -lz -lqtpcre2 -ldl'
pkg_cv_QTTHEME_CFLAGS='-I/home/administrator/walletbuilders/build_environment/blackcoin/2.13.2.8/depends/x86_64-pc-linux-gnu/include/QtThemeSupport -I/home/administrator/walletbuilders/build_environment/blackcoin/2.13.2.8/depends/x86_64-pc-linux-gnu/include/QtGui -I/home/administrator/walletbuilders/build_environment/blackcoin/2.13.2.8/depends/x86_64-pc-linux-gnu/include/QtCore'
pkg_cv_QTTHEME_LIBS='-L/home/administrator/walletbuilders/build_environment/blackcoin/2.13.2.8/depends/x86_64-pc-linux-gnu/lib -lQt5ThemeSupport -lQt5Gui -lqtlibpng -lqtharfbuzz -lQt5Core -lm -lz -lqtpcre2 -ldl -lpthread -lQt5DBus -lQt5Core -lpthread -lm -lz -lqtpcre2 -ldl -lQt5Gui -lQt5Core -lm -lz -lqtpcre2 -ldl -lpthread -lqtlibpng -lqtharfbuzz -lz -lQt5Core -lpthread -lm -lz -lqtpcre2 -ldl'
pkg_cv_QTXCBQPA_CFLAGS='-I/home/administrator/walletbuilders/build_environment/blackcoin/2.13.2.8/depends/x86_64-pc-linux-gnu/include/QtXcbQpa -I/home/administrator/walletbuilders/build_environment/blackcoin/2.13.2.8/depends/x86_64-pc-linux-gnu/include/QtServiceSupport -I/home/administrator/walletbuilders/build_environment/blackcoin/2.13.2.8/depends/x86_64-pc-linux-gnu/include/QtThemeSupport -I/home/administrator/walletbuilders/build_environment/blackcoin/2.13.2.8/depends/x86_64-pc-linux-gnu/include/QtEventDispatcherSupport -I/home/administrator/walletbuilders/build_environment/blackcoin/2.13.2.8/depends/x86_64-pc-linux-gnu/include/QtFontDatabaseSupport -I/home/administrator/walletbuilders/build_environment/blackcoin/2.13.2.8/depends/x86_64-pc-linux-gnu/include/QtGui -I/home/administrator/walletbuilders/build_environment/blackcoin/2.13.2.8/depends/x86_64-pc-linux-gnu/include/QtCore'
pkg_cv_QTXCBQPA_LIBS='-L/home/administrator/walletbuilders/build_environment/blackcoin/2.13.2.8/depends/x86_64-pc-linux-gnu/lib -L//home/administrator/walletbuilders/build_environment/blackcoin/2.13.2.8/depends/x86_64-pc-linux-gnu/lib -L/home/administrator/walletbuilders/build_environment/blackcoin/2.13.2.8/depends/x86_64-pc-linux-gnu/lib -L//home/administrator/walletbuilders/build_environment/blackcoin/2.13.2.8/depends/x86_64-pc-linux-gnu/lib -L/home/administrator/walletbuilders/build_environment/blackcoin/2.13.2.8/depends/x86_64-pc-linux-gnu/lib -lQt5XcbQpa -lQt5ServiceSupport -lQt5ThemeSupport -lQt5DBus -lQt5EventDispatcherSupport -lQt5FontDatabaseSupport -lfontconfig -lfreetype -lQt5Gui -lqtlibpng -lqtharfbuzz -lQt5Core -lm -lz -lqtpcre2 -lpthread -lX11-xcb -lX11 -lxcb-static -lxcb -ldl -lQt5ServiceSupport -lQt5Gui -lqtlibpng -lqtharfbuzz -lQt5Core -lm -lz -lqtpcre2 -ldl -lpthread -lQt5ThemeSupport -lQt5Gui -lqtlibpng -lqtharfbuzz -lQt5Core -lm -lz -lqtpcre2 -ldl -lpthread -lQt5DBus -lQt5Core -lpthread -lm -lz -lqtpcre2 -ldl -lQt5EventDispatcherSupport -lQt5Gui -lqtlibpng -lqtharfbuzz -lQt5Core -lm -lz -lqtpcre2 -ldl -lpthread -lQt5FontDatabaseSupport -lQt5Gui -lqtlibpng -lqtharfbuzz -lQt5Core -lm -lz -lqtpcre2 -ldl -lpthread -lfontconfig -lfreetype -lQt5Gui -lQt5Core -lm -lz -lqtpcre2 -ldl -lpthread -lqtlibpng -lqtharfbuzz -lz -lQt5Core -lpthread -lm -lz -lqtpcre2 -ldl'
pkg_cv_QT_DBUS_CFLAGS='-I/home/administrator/walletbuilders/build_environment/blackcoin/2.13.2.8/depends/x86_64-pc-linux-gnu/include/QtDBus -I/home/administrator/walletbuilders/build_environment/blackcoin/2.13.2.8/depends/x86_64-pc-linux-gnu/include/QtCore'
pkg_cv_QT_DBUS_LIBS='-L/home/administrator/walletbuilders/build_environment/blackcoin/2.13.2.8/depends/x86_64-pc-linux-gnu/lib -lQt5DBus -lQt5Core -lm -lz -lqtpcre2 -ldl -lpthread -lQt5Core -lpthread -lm -lz -lqtpcre2 -ldl'
pkg_cv_QT_TEST_CFLAGS='-I/home/administrator/walletbuilders/build_environment/blackcoin/2.13.2.8/depends/x86_64-pc-linux-gnu/include/QtTest -I/home/administrator/walletbuilders/build_environment/blackcoin/2.13.2.8/depends/x86_64-pc-linux-gnu/include/QtCore'
pkg_cv_QT_TEST_LIBS='-L/home/administrator/walletbuilders/build_environment/blackcoin/2.13.2.8/depends/x86_64-pc-linux-gnu/lib -lQt5Test -lQt5Core -lm -lz -lqtpcre2 -ldl -lpthread -lQt5Core -lpthread -lm -lz -lqtpcre2 -ldl'
pkg_cv_SSL_CFLAGS=-I/home/administrator/walletbuilders/build_environment/blackcoin/2.13.2.8/depends/x86_64-pc-linux-gnu/include
pkg_cv_SSL_LIBS='-L/home/administrator/walletbuilders/build_environment/blackcoin/2.13.2.8/depends/x86_64-pc-linux-gnu/lib -lssl -ldl -lcrypto -ldl'
pkg_cv_X11XCB_CFLAGS='-I/home/administrator/walletbuilders/build_environment/blackcoin/2.13.2.8/depends/x86_64-pc-linux-gnu/include -I/home/administrator/walletbuilders/build_environment/blackcoin/2.13.2.8/depends/x86_64-pc-linux-gnu/include/xcb-shared -I/home/administrator/walletbuilders/build_environment/blackcoin/2.13.2.8/depends/x86_64-pc-linux-gnu/include'
pkg_cv_X11XCB_LIBS='-L/home/administrator/walletbuilders/build_environment/blackcoin/2.13.2.8/depends/x86_64-pc-linux-gnu/lib -lX11-xcb -lX11 -lpthread -lxcb -lXau'
pkg_cv_ZMQ_CFLAGS=-I/home/administrator/walletbuilders/build_environment/blackcoin/2.13.2.8/depends/x86_64-pc-linux-gnu/include
pkg_cv_ZMQ_LIBS='-L/home/administrator/walletbuilders/build_environment/blackcoin/2.13.2.8/depends/x86_64-pc-linux-gnu/lib -lzmq -lpthread -lrt'

## ----------------- ##
## Output variables. ##
## ----------------- ##

ACLOCAL='${SHELL} /tmp/Fireants/build-aux/missing aclocal-1.15'
AMDEPBACKSLASH='\'
AMDEP_FALSE='#'
AMDEP_TRUE=''
AMTAR='$${TAR-tar}'
AM_BACKSLASH='\'
AM_DEFAULT_V='$(AM_DEFAULT_VERBOSITY)'
AM_DEFAULT_VERBOSITY='0'
AM_V='$(V)'
AR='ar'
AUTOCONF='${SHELL} /tmp/Fireants/build-aux/missing autoconf'
AUTOHEADER='${SHELL} /tmp/Fireants/build-aux/missing autoheader'
AUTOMAKE='${SHELL} /tmp/Fireants/build-aux/missing automake-1.15'
AWK='gawk'
BDB_CFLAGS=''
BDB_CPPFLAGS=''
BDB_LIBS='-ldb_cxx'
BITCOIN_CLI_NAME='fireants-cli'
BITCOIN_DAEMON_NAME='fireantsd'
BITCOIN_GUI_NAME='fireants-qt'
BITCOIN_TX_NAME='fireants-tx'
BOOST_CHRONO_LIB='-lboost_chrono-mt-x64'
BOOST_CPPFLAGS='-pthread -I/home/administrator/walletbuilders/build_environment/blackcoin/2.13.2.8/depends/x86_64-pc-linux-gnu/include'
BOOST_FILESYSTEM_LIB='-lboost_filesystem-mt-x64'
BOOST_LDFLAGS='-L/home/administrator/walletbuilders/build_environment/blackcoin/2.13.2.8/depends/x86_64-pc-linux-gnu/lib'
BOOST_LIBS='-L/home/administrator/walletbuilders/build_environment/blackcoin/2.13.2.8/depends/x86_64-pc-linux-gnu/lib -lboost_system-mt-x64 -lboost_filesystem-mt-x64 -lboost_program_options-mt-x64 -lboost_thread-mt-x64 -lboost_chrono-mt-x64'
BOOST_PROGRAM_OPTIONS_LIB='-lboost_program_options-mt-x64'
BOOST_SYSTEM_LIB='-lboost_system-mt-x64'
BOOST_THREAD_LIB='-lboost_thread-mt-x64'
BOOST_UNIT_TEST_FRAMEWORK_LIB=''
BREW=''
BUILD_BITCOIND_FALSE='#'
BUILD_BITCOIND_TRUE=''
BUILD_BITCOIN_LIBS_FALSE='#'
BUILD_BITCOIN_LIBS_TRUE=''
BUILD_BITCOIN_UTILS_FALSE='#'
BUILD_BITCOIN_UTILS_TRUE=''
BUILD_DARWIN_FALSE=''
BUILD_DARWIN_TRUE='#'
CC='/home/administrator/walletbuilders/build_environment/blackcoin/2.13.2.8/depends/x86_64-pc-linux-gnu/native/bin/ccache gcc -m64'
CCACHE='/home/administrator/walletbuilders/build_environment/blackcoin/2.13.2.8/depends/x86_64-pc-linux-gnu/native/bin/ccache'
CCDEPMODE='depmode=gcc3'
CFLAGS='-pipe -O2 '
CLIENT_VERSION_BUILD='0'
CLIENT_VERSION_IS_RELEASE='true'
CLIENT_VERSION_MAJOR='1'
CLIENT_VERSION_MINOR='0'
CLIENT_VERSION_REVISION='0'
COMPARISON_TOOL_REORG_TESTS='0'
COPYRIGHT_HOLDERS='The %s developers'
COPYRIGHT_HOLDERS_FINAL='The Fireants developers'
COPYRIGHT_HOLDERS_SUBSTITUTION='Fireants'
COPYRIGHT_YEAR='2021'
CPP='gcc -m64 -E'
CPPFILT='/usr/bin/c++filt'
CPPFLAGS='-I/home/administrator/walletbuilders/build_environment/blackcoin/2.13.2.8/depends/x86_64-pc-linux-gnu/include/  -DHAVE_BUILD_INFO -D__STDC_FORMAT_MACROS'
CRYPTO_CFLAGS='-I/home/administrator/walletbuilders/build_environment/blackcoin/2.13.2.8/depends/x86_64-pc-linux-gnu/include'
CRYPTO_LIBS='-L/home/administrator/walletbuilders/build_environment/blackcoin/2.13.2.8/depends/x86_64-pc-linux-gnu/lib -lcrypto -ldl'
CXX='/home/administrator/walletbuilders/build_environment/blackcoin/2.13.2.8/depends/x86_64-pc-linux-gnu/native/bin/ccache g++ -m64 -std=c++11'
CXXCPP='g++ -m64 -std=c++11 -E'
CXXDEPMODE='depmode=gcc3'
CXXFLAGS='-pipe -O2 '
CYGPATH_W='echo'
DEFS='-DHAVE_CONFIG_H'
DEPDIR='.deps'
DLLTOOL='false'
DSYMUTIL=''
DUMPBIN=''
ECHO_C=''
ECHO_N='-n'
ECHO_T=''
EGREP='/bin/grep -E'
EMBEDDED_LEVELDB_FALSE='#'
EMBEDDED_LEVELDB_TRUE=''
EMBEDDED_UNIVALUE_FALSE='#'
EMBEDDED_UNIVALUE_TRUE=''
ENABLE_BENCH_FALSE=''
ENABLE_BENCH_TRUE='#'
ENABLE_MAN_FALSE='#'
ENABLE_MAN_TRUE=''
ENABLE_QT_FALSE='#'
ENABLE_QT_TESTS_FALSE=''
ENABLE_QT_TESTS_TRUE='#'
ENABLE_QT_TRUE=''
ENABLE_TESTS_FALSE=''
ENABLE_TESTS_TRUE='#'
ENABLE_WALLET_FALSE='#'
ENABLE_WALLET_TRUE=''
ENABLE_ZMQ_FALSE='#'
ENABLE_ZMQ_TRUE=''
ERROR_CXXFLAGS=''
EVENT_CFLAGS='-I/home/administrator/walletbuilders/build_environment/blackcoin/2.13.2.8/depends/x86_64-pc-linux-gnu/include'
EVENT_LIBS='-L/home/administrator/walletbuilders/build_environment/blackcoin/2.13.2.8/depends/x86_64-pc-linux-gnu/lib -levent'
EVENT_PTHREADS_CFLAGS='-pthread -I/home/administrator/walletbuilders/build_environment/blackcoin/2.13.2.8/depends/x86_64-pc-linux-gnu/include'
EVENT_PTHREADS_LIBS='-L/home/administrator/walletbuilders/build_environment/blackcoin/2.13.2.8/depends/x86_64-pc-linux-gnu/lib -levent_pthreads -levent'
EXEEXT=''
EXTENDED_RPC_TESTS=''
FGREP='/bin/grep -F'
GCOV='/usr/bin/gcov'
GENHTML=''
GENISOIMAGE=''
GIT='/usr/bin/git'
GLIBC_BACK_COMPAT_FALSE=''
GLIBC_BACK_COMPAT_TRUE='#'
GREP='/bin/grep'
HARDENED_CPPFLAGS=' -U_FORTIFY_SOURCE -D_FORTIFY_SOURCE=2'
HARDENED_CXXFLAGS=' -Wstack-protector -fstack-protector-all'
HARDENED_LDFLAGS=' -Wl,-z,relro -Wl,-z,now -pie'
HARDEN_FALSE='#'
HARDEN_TRUE=''
HAVE_CXX11='1'
HEXDUMP='/usr/bin/hexdump'
IMAGEMAGICK_CONVERT=''
INSTALLNAMETOOL=''
INSTALL_DATA='${INSTALL} -m 644'
INSTALL_PROGRAM='${INSTALL}'
INSTALL_SCRIPT='${INSTALL}'
INSTALL_STRIP_PROGRAM='$(install_sh) -c -s'
JAVA_COMPARISON_TOOL=''
LCOV=''
LD='/usr/bin/ld -m elf_x86_64'
LDFLAGS='-L/home/administrator/walletbuilders/build_environment/blackcoin/2.13.2.8/depends/x86_64-pc-linux-gnu/lib '
LEVELDB_CPPFLAGS=''
LEVELDB_TARGET_FLAGS='-DOS_LINUX'
LIBLEVELDB=''
LIBMEMENV=''
LIBOBJS=''
LIBS=''
LIBTOOL='$(SHELL) $(top_builddir)/libtool'
LIBTOOL_APP_LDFLAGS=''
LIPO=''
LN_S='ln -s'
LRELEASE='/home/administrator/walletbuilders/build_environment/blackcoin/2.13.2.8/depends/x86_64-pc-linux-gnu/native/bin/lrelease'
LTLIBOBJS=''
LT_SYS_LIBRARY_PATH=''
LUPDATE='/home/administrator/walletbuilders/build_environment/blackcoin/2.13.2.8/depends/x86_64-pc-linux-gnu/native/bin/lupdate'
MAINT=''
MAINTAINER_MODE_FALSE='#'
MAINTAINER_MODE_TRUE=''
MAKEINFO='${SHELL} /tmp/Fireants/build-aux/missing makeinfo'
MAKENSIS=''
MANIFEST_TOOL=':'
MINIUPNPC_CPPFLAGS=''
MINIUPNPC_LIBS='-lminiupnpc'
MKDIR_P='/bin/mkdir -p'
MOC='/home/administrator/walletbuilders/build_environment/blackcoin/2.13.2.8/depends/x86_64-pc-linux-gnu/native/bin/moc'
MOC_DEFS='-DHAVE_CONFIG_H -I$(srcdir)'
NM='nm'
NMEDIT=''
OBJCOPY='/usr/bin/objcopy'
OBJCXX='g++ -m64 -std=c++11'
OBJCXXDEPMODE='depmode=gcc3'
OBJCXXFLAGS=''
OBJDUMP='objdump'
OBJEXT='o'
OTOOL64=''
OTOOL=''
PACKAGE='fireants'
PACKAGE_BUGREPORT='https://github.com/hgr3dsm'
PACKAGE_NAME='Fireants'
PACKAGE_STRING='Fireants 1.0.0'
PACKAGE_TARNAME='fireants'
PACKAGE_URL=''
PACKAGE_VERSION='1.0.0'
PATH_SEPARATOR=':'
PIC_FLAGS='-fPIC'
PIE_FLAGS='-fPIE'
PKG_CONFIG='/usr/bin/pkg-config --static'
PKG_CONFIG_LIBDIR='/home/administrator/walletbuilders/build_environment/blackcoin/2.13.2.8/depends/x86_64-pc-linux-gnu/lib/pkgconfig'
PKG_CONFIG_PATH='/home/administrator/walletbuilders/build_environment/blackcoin/2.13.2.8/depends/x86_64-pc-linux-gnu/share/pkgconfig:/home/administrator/walletbuilders/build_environment/blackcoin/2.13.2.8/depends/x86_64-pc-linux-gnu/lib/pkgconfig'
PORT=''
PROTOBUF_CFLAGS='-pthread -I/home/administrator/walletbuilders/build_environment/blackcoin/2.13.2.8/depends/x86_64-pc-linux-gnu/include'
PROTOBUF_LIBS='-L/home/administrator/walletbuilders/build_environment/blackcoin/2.13.2.8/depends/x86_64-pc-linux-gnu/lib -lprotobuf -pthread -lpthread -lz'
PROTOC='/home/administrator/walletbuilders/build_environment/blackcoin/2.13.2.8/depends/x86_64-pc-linux-gnu/native/bin/protoc'
PTHREAD_CC='gcc -m64'
PTHREAD_CFLAGS='-pthread'
PTHREAD_LIBS=''
PYTHON='/usr/bin/python3.6'
PYTHONPATH='/home/administrator/walletbuilders/build_environment/blackcoin/2.13.2.8/depends/x86_64-pc-linux-gnu/native/lib/python3/dist-packages'
QR_CFLAGS='-I/home/administrator/walletbuilders/build_environment/blackcoin/2.13.2.8/depends/x86_64-pc-linux-gnu/include'
QR_LIBS='-L/home/administrator/walletbuilders/build_environment/blackcoin/2.13.2.8/depends/x86_64-pc-linux-gnu/lib -lqrencode -lpthread'
QT4_CFLAGS=''
QT4_LIBS=''
QT5_CFLAGS='-I/home/administrator/walletbuilders/build_environment/blackcoin/2.13.2.8/depends/x86_64-pc-linux-gnu/include/QtNetwork -I/home/administrator/walletbuilders/build_environment/blackcoin/2.13.2.8/depends/x86_64-pc-linux-gnu/include/QtWidgets -I/home/administrator/walletbuilders/build_environment/blackcoin/2.13.2.8/depends/x86_64-pc-linux-gnu/include/QtGui -I/home/administrator/walletbuilders/build_environment/blackcoin/2.13.2.8/depends/x86_64-pc-linux-gnu/include/QtCore'
QT5_LIBS='-L/home/administrator/walletbuilders/build_environment/blackcoin/2.13.2.8/depends/x86_64-pc-linux-gnu/lib -lQt5Network -lQt5Core -lm -lz -lqtpcre2 -ldl -lpthread -lz -lssl -lcrypto -lQt5Widgets -lQt5Gui -lqtlibpng -lqtharfbuzz -lQt5Core -lm -lz -lqtpcre2 -ldl -lpthread -lQt5Gui -lQt5Core -lm -lz -lqtpcre2 -ldl -lpthread -lqtlibpng -lqtharfbuzz -lz -lQt5Core -lpthread -lm -lz -lqtpcre2 -ldl'
QTACCESSIBILITY_CFLAGS='-I/home/administrator/walletbuilders/build_environment/blackcoin/2.13.2.8/depends/x86_64-pc-linux-gnu/include/QtAccessibilitySupport -I/home/administrator/walletbuilders/build_environment/blackcoin/2.13.2.8/depends/x86_64-pc-linux-gnu/include/QtGui -I/home/administrator/walletbuilders/build_environment/blackcoin/2.13.2.8/depends/x86_64-pc-linux-gnu/include/QtCore'
QTACCESSIBILITY_LIBS='-L/home/administrator/walletbuilders/build_environment/blackcoin/2.13.2.8/depends/x86_64-pc-linux-gnu/lib -lQt5AccessibilitySupport -lQt5Gui -lqtlibpng -lqtharfbuzz -lQt5Core -lm -lz -lqtpcre2 -ldl -lpthread -lQt5Gui -lQt5Core -lm -lz -lqtpcre2 -ldl -lpthread -lqtlibpng -lqtharfbuzz -lz -lQt5Core -lpthread -lm -lz -lqtpcre2 -ldl'
QTCGL_CFLAGS=''
QTCGL_LIBS=''
QTCLIPBOARD_CFLAGS=''
QTCLIPBOARD_LIBS=''
QTDEVICEDISCOVERY_CFLAGS='-I/home/administrator/walletbuilders/build_environment/blackcoin/2.13.2.8/depends/x86_64-pc-linux-gnu/include/QtDeviceDiscoverySupport -I/home/administrator/walletbuilders/build_environment/blackcoin/2.13.2.8/depends/x86_64-pc-linux-gnu/include/QtCore'
QTDEVICEDISCOVERY_LIBS='-L/home/administrator/walletbuilders/build_environment/blackcoin/2.13.2.8/depends/x86_64-pc-linux-gnu/lib -lQt5DeviceDiscoverySupport -lQt5Core -lm -lz -lqtpcre2 -ldl -lpthread -lQt5Core -lpthread -lm -lz -lqtpcre2 -ldl'
QTEVENTDISPATCHER_CFLAGS='-I/home/administrator/walletbuilders/build_environment/blackcoin/2.13.2.8/depends/x86_64-pc-linux-gnu/include/QtEventDispatcherSupport -I/home/administrator/walletbuilders/build_environment/blackcoin/2.13.2.8/depends/x86_64-pc-linux-gnu/include/QtGui -I/home/administrator/walletbuilders/build_environment/blackcoin/2.13.2.8/depends/x86_64-pc-linux-gnu/include/QtCore'
QTEVENTDISPATCHER_LIBS='-L/home/administrator/walletbuilders/build_environment/blackcoin/2.13.2.8/depends/x86_64-pc-linux-gnu/lib -lQt5EventDispatcherSupport -lQt5Gui -lqtlibpng -lqtharfbuzz -lQt5Core -lm -lz -lqtpcre2 -ldl -lpthread -lQt5Gui -lQt5Core -lm -lz -lqtpcre2 -ldl -lpthread -lqtlibpng -lqtharfbuzz -lz -lQt5Core -lpthread -lm -lz -lqtpcre2 -ldl'
QTFB_CFLAGS='-I/home/administrator/walletbuilders/build_environment/blackcoin/2.13.2.8/depends/x86_64-pc-linux-gnu/include/QtFbSupport -I/home/administrator/walletbuilders/build_environment/blackcoin/2.13.2.8/depends/x86_64-pc-linux-gnu/include/QtGui -I/home/administrator/walletbuilders/build_environment/blackcoin/2.13.2.8/depends/x86_64-pc-linux-gnu/include/QtCore'
QTFB_LIBS='-L/home/administrator/walletbuilders/build_environment/blackcoin/2.13.2.8/depends/x86_64-pc-linux-gnu/lib -lQt5FbSupport -lQt5Gui -lqtlibpng -lqtharfbuzz -lQt5Core -lm -lz -lqtpcre2 -ldl -lpthread -lQt5Gui -lQt5Core -lm -lz -lqtpcre2 -ldl -lpthread -lqtlibpng -lqtharfbuzz -lz -lQt5Core -lpthread -lm -lz -lqtpcre2 -ldl'
QTFONTDATABASE_CFLAGS=''
QTFONTDATABASE_LIBS=''
QTGRAPHICS_CFLAGS=''
QTGRAPHICS_LIBS=''
QTPLATFORM_CFLAGS=''
QTPLATFORM_LIBS=''
QTTHEME_CFLAGS='-I/home/administrator/walletbuilders/build_environment/blackcoin/2.13.2.8/depends/x86_64-pc-linux-gnu/include/QtThemeSupport -I/home/administrator/walletbuilders/build_environment/blackcoin/2.13.2.8/depends/x86_64-pc-linux-gnu/include/QtGui -I/home/administrator/walletbuilders/build_environment/blackcoin/2.13.2.8/depends/x86_64-pc-linux-gnu/include/QtCore'
QTTHEME_LIBS='-L/home/administrator/walletbuilders/build_environment/blackcoin/2.13.2.8/depends/x86_64-pc-linux-gnu/lib -lQt5ThemeSupport -lQt5Gui -lqtlibpng -lqtharfbuzz -lQt5Core -lm -lz -lqtpcre2 -ldl -lpthread -lQt5DBus -lQt5Core -lpthread -lm -lz -lqtpcre2 -ldl -lQt5Gui -lQt5Core -lm -lz -lqtpcre2 -ldl -lpthread -lqtlibpng -lqtharfbuzz -lz -lQt5Core -lpthread -lm -lz -lqtpcre2 -ldl'
QTXCBQPA_CFLAGS='-I/home/administrator/walletbuilders/build_environment/blackcoin/2.13.2.8/depends/x86_64-pc-linux-gnu/include/QtXcbQpa -I/home/administrator/walletbuilders/build_environment/blackcoin/2.13.2.8/depends/x86_64-pc-linux-gnu/include/QtServiceSupport -I/home/administrator/walletbuilders/build_environment/blackcoin/2.13.2.8/depends/x86_64-pc-linux-gnu/include/QtThemeSupport -I/home/administrator/walletbuilders/build_environment/blackcoin/2.13.2.8/depends/x86_64-pc-linux-gnu/include/QtEventDispatcherSupport -I/home/administrator/walletbuilders/build_environment/blackcoin/2.13.2.8/depends/x86_64-pc-linux-gnu/include/QtFontDatabaseSupport -I/home/administrator/walletbuilders/build_environment/blackcoin/2.13.2.8/depends/x86_64-pc-linux-gnu/include/QtGui -I/home/administrator/walletbuilders/build_environment/blackcoin/2.13.2.8/depends/x86_64-pc-linux-gnu/include/QtCore'
QTXCBQPA_LIBS='-L/home/administrator/walletbuilders/build_environment/blackcoin/2.13.2.8/depends/x86_64-pc-linux-gnu/lib -L//home/administrator/walletbuilders/build_environment/blackcoin/2.13.2.8/depends/x86_64-pc-linux-gnu/lib -L/home/administrator/walletbuilders/build_environment/blackcoin/2.13.2.8/depends/x86_64-pc-linux-gnu/lib -L//home/administrator/walletbuilders/build_environment/blackcoin/2.13.2.8/depends/x86_64-pc-linux-gnu/lib -L/home/administrator/walletbuilders/build_environment/blackcoin/2.13.2.8/depends/x86_64-pc-linux-gnu/lib -lQt5XcbQpa -lQt5ServiceSupport -lQt5ThemeSupport -lQt5DBus -lQt5EventDispatcherSupport -lQt5FontDatabaseSupport -lfontconfig -lfreetype -lQt5Gui -lqtlibpng -lqtharfbuzz -lQt5Core -lm -lz -lqtpcre2 -lpthread -lX11-xcb -lX11 -lxcb-static -lxcb -ldl -lQt5ServiceSupport -lQt5Gui -lqtlibpng -lqtharfbuzz -lQt5Core -lm -lz -lqtpcre2 -ldl -lpthread -lQt5ThemeSupport -lQt5Gui -lqtlibpng -lqtharfbuzz -lQt5Core -lm -lz -lqtpcre2 -ldl -lpthread -lQt5DBus -lQt5Core -lpthread -lm -lz -lqtpcre2 -ldl -lQt5EventDispatcherSupport -lQt5Gui -lqtlibpng -lqtharfbuzz -lQt5Core -lm -lz -lqtpcre2 -ldl -lpthread -lQt5FontDatabaseSupport -lQt5Gui -lqtlibpng -lqtharfbuzz -lQt5Core -lm -lz -lqtpcre2 -ldl -lpthread -lfontconfig -lfreetype -lQt5Gui -lQt5Core -lm -lz -lqtpcre2 -ldl -lpthread -lqtlibpng -lqtharfbuzz -lz -lQt5Core -lpthread -lm -lz -lqtpcre2 -ldl'
QT_CFLAGS=''
QT_DBUS_CFLAGS='-I/home/administrator/walletbuilders/build_environment/blackcoin/2.13.2.8/depends/x86_64-pc-linux-gnu/include/QtDBus -I/home/administrator/walletbuilders/build_environment/blackcoin/2.13.2.8/depends/x86_64-pc-linux-gnu/include/QtCore'
QT_DBUS_INCLUDES='-I/home/administrator/walletbuilders/build_environment/blackcoin/2.13.2.8/depends/x86_64-pc-linux-gnu/include/QtDBus -I/home/administrator/walletbuilders/build_environment/blackcoin/2.13.2.8/depends/x86_64-pc-linux-gnu/include/QtCore'
QT_DBUS_LIBS='-L/home/administrator/walletbuilders/build_environment/blackcoin/2.13.2.8/depends/x86_64-pc-linux-gnu/lib -lQt5DBus -lQt5Core -lm -lz -lqtpcre2 -ldl -lpthread -lQt5Core -lpthread -lm -lz -lqtpcre2 -ldl'
QT_INCLUDES='-I/home/administrator/walletbuilders/build_environment/blackcoin/2.13.2.8/depends/x86_64-pc-linux-gnu/include/QtNetwork -I/home/administrator/walletbuilders/build_environment/blackcoin/2.13.2.8/depends/x86_64-pc-linux-gnu/include/QtWidgets -I/home/administrator/walletbuilders/build_environment/blackcoin/2.13.2.8/depends/x86_64-pc-linux-gnu/include/QtGui -I/home/administrator/walletbuilders/build_environment/blackcoin/2.13.2.8/depends/x86_64-pc-linux-gnu/include/QtCore'
QT_LDFLAGS=''
QT_LIBS='-lqxcb -lxcb-static -lqminimal -L/home/administrator/walletbuilders/build_environment/blackcoin/2.13.2.8/depends/x86_64-pc-linux-gnu/lib -L//home/administrator/walletbuilders/build_environment/blackcoin/2.13.2.8/depends/x86_64-pc-linux-gnu/lib -L/home/administrator/walletbuilders/build_environment/blackcoin/2.13.2.8/depends/x86_64-pc-linux-gnu/lib -L//home/administrator/walletbuilders/build_environment/blackcoin/2.13.2.8/depends/x86_64-pc-linux-gnu/lib -L/home/administrator/walletbuilders/build_environment/blackcoin/2.13.2.8/depends/x86_64-pc-linux-gnu/lib -lQt5XcbQpa -lQt5ServiceSupport -lQt5ThemeSupport -lQt5DBus -lQt5EventDispatcherSupport -lQt5FontDatabaseSupport -lfontconfig -lfreetype -lQt5Gui -lqtlibpng -lqtharfbuzz -lQt5Core -lm -lz -lqtpcre2 -lpthread -lX11-xcb -lX11 -lxcb-static -lxcb -ldl -lQt5ServiceSupport -lQt5Gui -lqtlibpng -lqtharfbuzz -lQt5Core -lm -lz -lqtpcre2 -ldl -lpthread -lQt5ThemeSupport -lQt5Gui -lqtlibpng -lqtharfbuzz -lQt5Core -lm -lz -lqtpcre2 -ldl -lpthread -lQt5DBus -lQt5Core -lpthread -lm -lz -lqtpcre2 -ldl -lQt5EventDispatcherSupport -lQt5Gui -lqtlibpng -lqtharfbuzz -lQt5Core -lm -lz -lqtpcre2 -ldl -lpthread -lQt5FontDatabaseSupport -lQt5Gui -lqtlibpng -lqtharfbuzz -lQt5Core -lm -lz -lqtpcre2 -ldl -lpthread -lfontconfig -lfreetype -lQt5Gui -lQt5Core -lm -lz -lqtpcre2 -ldl -lpthread -lqtlibpng -lqtharfbuzz -lz -lQt5Core -lpthread -lm -lz -lqtpcre2 -ldl -L/home/administrator/walletbuilders/build_environment/blackcoin/2.13.2.8/depends/x86_64-pc-linux-gnu/lib -lX11-xcb -lX11 -lpthread -lxcb -lXau -lQt5FbSupport -lQt5AccessibilitySupport -lQt5DeviceDiscoverySupport -lQt5ThemeSupport -lQt5EventDispatcherSupport -L/home/administrator/walletbuilders/build_environment/blackcoin/2.13.2.8/depends/x86_64-pc-linux-gnu/lib -lQt5Network -lQt5Core -lm -lz -lqtpcre2 -ldl -lpthread -lz -lssl -lcrypto -lQt5Widgets -lQt5Gui -lqtlibpng -lqtharfbuzz -lQt5Core -lm -lz -lqtpcre2 -ldl -lpthread -lQt5Gui -lQt5Core -lm -lz -lqtpcre2 -ldl -lpthread -lqtlibpng -lqtharfbuzz -lz -lQt5Core -lpthread -lm -lz -lqtpcre2 -ldl -L/home/administrator/walletbuilders/build_environment/blackcoin/2.13.2.8/depends/x86_64-pc-linux-gnu/plugins/platforms'
QT_PIE_FLAGS='-fPIE'
QT_SELECT='qt5'
QT_TEST_CFLAGS='-I/home/administrator/walletbuilders/build_environment/blackcoin/2.13.2.8/depends/x86_64-pc-linux-gnu/include/QtTest -I/home/administrator/walletbuilders/build_environment/blackcoin/2.13.2.8/depends/x86_64-pc-linux-gnu/include/QtCore'
QT_TEST_INCLUDES='-I/home/administrator/walletbuilders/build_environment/blackcoin/2.13.2.8/depends/x86_64-pc-linux-gnu/include/QtTest -I/home/administrator/walletbuilders/build_environment/blackcoin/2.13.2.8/depends/x86_64-pc-linux-gnu/include/QtCore'
QT_TEST_LIBS='-L/home/administrator/walletbuilders/build_environment/blackcoin/2.13.2.8/depends/x86_64-pc-linux-gnu/lib -lQt5Test -lQt5Core -lm -lz -lqtpcre2 -ldl -lpthread -lQt5Core -lpthread -lm -lz -lqtpcre2 -ldl'
QT_TRANSLATION_DIR='/home/administrator/walletbuilders/build_environment/blackcoin/2.13.2.8/depends/x86_64-pc-linux-gnu/translations'
RANLIB='ranlib'
RCC='/home/administrator/walletbuilders/build_environment/blackcoin/2.13.2.8/depends/x86_64-pc-linux-gnu/native/bin/rcc'
READELF='/usr/bin/readelf'
RELDFLAGS=''
RSVG_CONVERT=''
SED='/bin/sed'
SET_MAKE=''
SHELL='/bin/bash'
SSL_CFLAGS='-I/home/administrator/walletbuilders/build_environment/blackcoin/2.13.2.8/depends/x86_64-pc-linux-gnu/include'
SSL_LIBS='-L/home/administrator/walletbuilders/build_environment/blackcoin/2.13.2.8/depends/x86_64-pc-linux-gnu/lib -lssl -ldl -lcrypto -ldl'
STRIP='/usr/bin/strip'
TARGET_DARWIN_FALSE=''
TARGET_DARWIN_TRUE='#'
TARGET_WINDOWS_FALSE=''
TARGET_WINDOWS_TRUE='#'
TESTDEFS=''
TIFFCP=''
UIC='/home/administrator/walletbuilders/build_environment/blackcoin/2.13.2.8/depends/x86_64-pc-linux-gnu/native/bin/uic'
UNIVALUE_CFLAGS='-I$(srcdir)/univalue/include'
UNIVALUE_LIBS='univalue/libunivalue.la'
USE_COMPARISON_TOOL_FALSE=''
USE_COMPARISON_TOOL_REORG_TESTS_FALSE='#'
USE_COMPARISON_TOOL_REORG_TESTS_TRUE=''
USE_COMPARISON_TOOL_TRUE='#'
USE_LCOV_FALSE=''
USE_LCOV_TRUE='#'
USE_QRCODE=''
USE_QRCODE_FALSE='#'
USE_QRCODE_TRUE=''
USE_UPNP=''
VERSION='1.0.0'
WINDOWS_BITS=''
WINDRES=''
X11XCB_CFLAGS='-I/home/administrator/walletbuilders/build_environment/blackcoin/2.13.2.8/depends/x86_64-pc-linux-gnu/include -I/home/administrator/walletbuilders/build_environment/blackcoin/2.13.2.8/depends/x86_64-pc-linux-gnu/include/xcb-shared -I/home/administrator/walletbuilders/build_environment/blackcoin/2.13.2.8/depends/x86_64-pc-linux-gnu/include'
X11XCB_LIBS='-L/home/administrator/walletbuilders/build_environment/blackcoin/2.13.2.8/depends/x86_64-pc-linux-gnu/lib -lX11-xcb -lX11 -lpthread -lxcb -lXau'
XGETTEXT='/usr/bin/xgettext'
ZMQ_CFLAGS='-I/home/administrator/walletbuilders/build_environment/blackcoin/2.13.2.8/depends/x86_64-pc-linux-gnu/include'
ZMQ_LIBS='-L/home/administrator/walletbuilders/build_environment/blackcoin/2.13.2.8/depends/x86_64-pc-linux-gnu/lib -lzmq -lpthread -lrt'
ac_ct_AR=''
ac_ct_CC=''
ac_ct_CXX=''
ac_ct_DUMPBIN=''
ac_ct_OBJCXX=''
am__EXEEXT_FALSE=''
am__EXEEXT_TRUE='#'
am__fastdepCC_FALSE='#'
am__fastdepCC_TRUE=''
am__fastdepCXX_FALSE='#'
am__fastdepCXX_TRUE=''
am__fastdepOBJCXX_FALSE='#'
am__fastdepOBJCXX_TRUE=''
am__include='include'
am__isrc=''
am__leading_dot='.'
am__nodep='_no'
am__quote=''
am__tar='$${TAR-tar} chof - "$$tardir"'
am__untar='$${TAR-tar} xf -'
ax_pthread_config=''
bindir='${exec_prefix}/bin'
build='x86_64-pc-linux-gnu'
build_alias=''
build_cpu='x86_64'
build_os='linux-gnu'
build_vendor='pc'
datadir='${datarootdir}'
datarootdir='${prefix}/share'
docdir='${datarootdir}/doc/${PACKAGE_TARNAME}'
dvidir='${docdir}'
exec_prefix='${prefix}'
host='x86_64-pc-linux-gnu'
host_alias='x86_64-pc-linux-gnu'
host_cpu='x86_64'
host_os='linux-gnu'
host_vendor='pc'
htmldir='${docdir}'
includedir='${prefix}/include'
infodir='${datarootdir}/info'
install_sh='${SHELL} /tmp/Fireants/build-aux/install-sh'
libdir='${exec_prefix}/lib'
libexecdir='${exec_prefix}/libexec'
localedir='${datarootdir}/locale'
localstatedir='${prefix}/var'
mandir='${datarootdir}/man'
mkdir_p='$(MKDIR_P)'
oldincludedir='/usr/include'
pdfdir='${docdir}'
prefix='/usr/local'
program_transform_name='s,x,x,'
psdir='${docdir}'
runstatedir='${localstatedir}/run'
sbindir='${exec_prefix}/sbin'
sharedstatedir='${prefix}/com'
subdirs=' src/univalue src/secp256k1'
sysconfdir='${prefix}/etc'
target_alias=''

## ----------- ##
## confdefs.h. ##
## ----------- ##

/* confdefs.h */
#define PACKAGE_NAME "Fireants"
#define PACKAGE_TARNAME "fireants"
#define PACKAGE_VERSION "1.0.0"
#define PACKAGE_STRING "Fireants 1.0.0"
#define PACKAGE_BUGREPORT "https://github.com/hgr3dsm"
#define PACKAGE_URL ""
#define HAVE_CXX11 1
#define STDC_HEADERS 1
#define HAVE_SYS_TYPES_H 1
#define HAVE_SYS_STAT_H 1
#define HAVE_STDLIB_H 1
#define HAVE_STRING_H 1
#define HAVE_MEMORY_H 1
#define HAVE_STRINGS_H 1
#define HAVE_INTTYPES_H 1
#define HAVE_STDINT_H 1
#define HAVE_UNISTD_H 1
#define HAVE_DLFCN_H 1
#define LT_OBJDIR ".libs/"
#define HAVE_PTHREAD_PRIO_INHERIT 1
#define HAVE_PTHREAD 1
#define HAVE_DECL_STRERROR_R 1
#define HAVE_STRERROR_R 1
#define STRERROR_R_CHAR_P 1
#define HAVE_FUNC_ATTRIBUTE_VISIBILITY 1
#define HAVE_ENDIAN_H 1
#define HAVE_BYTESWAP_H 1
#define HAVE_STDIO_H 1
#define HAVE_STDLIB_H 1
#define HAVE_UNISTD_H 1
#define HAVE_STRINGS_H 1
#define HAVE_SYS_TYPES_H 1
#define HAVE_SYS_STAT_H 1
#define HAVE_SYS_SELECT_H 1
#define HAVE_SYS_PRCTL_H 1
#define HAVE_DECL_STRNLEN 1
#define HAVE_DECL_LE16TOH 1
#define HAVE_DECL_LE32TOH 1
#define HAVE_DECL_LE64TOH 1
#define HAVE_DECL_HTOLE16 1
#define HAVE_DECL_HTOLE32 1
#define HAVE_DECL_HTOLE64 1
#define HAVE_DECL_BE16TOH 1
#define HAVE_DECL_BE32TOH 1
#define HAVE_DECL_BE64TOH 1
#define HAVE_DECL_HTOBE16 1
#define HAVE_DECL_HTOBE32 1
#define HAVE_DECL_HTOBE64 1
#define HAVE_DECL_BSWAP_16 1
#define HAVE_DECL_BSWAP_32 1
#define HAVE_DECL_BSWAP_64 1
#define HAVE_MSG_NOSIGNAL 1
#define HAVE_VISIBILITY_ATTRIBUTE 1
#define USE_BDB 1
#define HAVE_MINIUPNPC_MINIWGET_H 1
#define HAVE_MINIUPNPC_MINIUPNPC_H 1
#define HAVE_MINIUPNPC_UPNPCOMMANDS_H 1
#define HAVE_MINIUPNPC_UPNPERRORS_H 1
#define QT_STATICPLUGIN 1
#define QT_STATICPLUGIN 1
#define QT_QPA_PLATFORM_MINIMAL 1
#define QT_QPA_PLATFORM_XCB 1
#define HAVE_BOOST /**/
#define HAVE_BOOST_SYSTEM /**/
#define HAVE_BOOST_FILESYSTEM /**/
#define HAVE_BOOST_PROGRAM_OPTIONS /**/
#define HAVE_BOOST_THREAD /**/
#define HAVE_BOOST_CHRONO /**/
#define HAVE_WORKING_BOOST_SLEEP_FOR 1
#define ENABLE_ZMQ 1
#define HAVE_DECL_EVP_MD_CTX_NEW 0
#define HAVE_CONSENSUS_LIB 1
#define ENABLE_WALLET 1
#define USE_UPNP 0
#define USE_DBUS 1
#define USE_QRCODE 1
#define CLIENT_VERSION_MAJOR 1
#define CLIENT_VERSION_MINOR 0
#define CLIENT_VERSION_REVISION 0
#define CLIENT_VERSION_BUILD 0
#define CLIENT_VERSION_IS_RELEASE true
#define COPYRIGHT_YEAR 2021
#define COPYRIGHT_HOLDERS "The %s developers"
#define COPYRIGHT_HOLDERS_SUBSTITUTION "Fireants"
#define COPYRIGHT_HOLDERS_FINAL "The Fireants developers"

configure: exit 0
